{"/home/brandon/git/node-ipc/node-ipc.js":{"path":"/home/brandon/git/node-ipc/node-ipc.js","s":{"1":1,"2":1,"3":1,"4":1},"b":{},"f":{"1":1},"fnMap":{"1":{"name":"(anonymous_1)","line":6,"loc":{"start":{"line":6,"column":15},"end":{"line":6,"column":17}}}},"statementMap":{"1":{"start":{"line":3,"column":0},"end":{"line":3,"column":41}},"2":{"start":{"line":7,"column":8},"end":{"line":7,"column":16}},"3":{"start":{"line":9,"column":8},"end":{"line":17,"column":9}},"4":{"start":{"line":21,"column":0},"end":{"line":21,"column":29}}},"branchMap":{}},"/home/brandon/git/node-ipc/services/IPC.js":{"path":"/home/brandon/git/node-ipc/services/IPC.js","s":{"1":1,"2":1,"3":1,"4":101,"5":0,"6":101,"7":101,"8":335,"9":302,"10":33,"11":101,"12":1,"13":5,"14":0,"15":5,"16":5,"17":5,"18":5,"19":5,"20":5,"21":1,"22":1,"23":0,"24":0,"25":1,"26":0,"27":0,"28":1,"29":0,"30":1,"31":1,"32":1,"33":1,"34":3,"35":1,"36":1,"37":1,"38":1,"39":3,"40":1,"41":1,"42":1,"43":1,"44":3,"45":2,"46":2,"47":3,"48":0,"49":0,"50":0,"51":0,"52":3,"53":0,"54":0,"55":0,"56":3,"57":0,"58":0,"59":0,"60":3,"61":1,"62":1,"63":3,"64":0,"65":0,"66":3,"67":0,"68":3,"69":3,"70":2,"71":2,"72":0,"73":3,"74":1,"75":4,"76":2,"77":2,"78":4,"79":0,"80":4,"81":0,"82":0,"83":4,"84":2,"85":2,"86":4,"87":0,"88":0,"89":0,"90":0,"91":0,"92":4,"93":4,"94":4,"95":4,"96":4,"97":1,"98":3,"99":0,"100":0,"101":3,"102":3,"103":3,"104":3,"105":3,"106":0,"107":0,"108":0,"109":3,"110":3,"111":3,"112":3,"113":0,"114":0,"115":3,"116":0,"117":0,"118":3,"119":0,"120":0,"121":3,"122":0,"123":3,"124":0,"125":0,"126":0,"127":0,"128":0,"129":3,"130":3,"131":3,"132":3,"133":3,"134":3,"135":1},"b":{"1":[0,101],"2":[302,33],"3":[0,5],"4":[5,0],"5":[5,0],"6":[0,1],"7":[0,1],"8":[0,1],"9":[1,2],"10":[1,2],"11":[2,1],"12":[0,3],"13":[3,3],"14":[0,3],"15":[0,3],"16":[1,2],"17":[0,3],"18":[0,3],"19":[2,1],"20":[0,2],"21":[2,1],"22":[2,2],"23":[0,4],"24":[0,4],"25":[2,2],"26":[0,4],"27":[0,0],"28":[0,3],"29":[3,0],"30":[0,3],"31":[3,0],"32":[0,3],"33":[0,3],"34":[0,3],"35":[0,3],"36":[0,3],"37":[0,0]},"f":{"1":1,"2":101,"3":5,"4":1,"5":0,"6":3,"7":4,"8":3},"fnMap":{"1":{"name":"(anonymous_1)","line":9,"loc":{"start":{"line":9,"column":15},"end":{"line":9,"column":17}}},"2":{"name":"log","line":64,"loc":{"start":{"line":64,"column":0},"end":{"line":64,"column":14}}},"3":{"name":"disconnect","line":90,"loc":{"start":{"line":90,"column":0},"end":{"line":90,"column":23}}},"4":{"name":"serve","line":107,"loc":{"start":{"line":107,"column":0},"end":{"line":107,"column":29}}},"5":{"name":"emptyCallback","line":137,"loc":{"start":{"line":137,"column":0},"end":{"line":137,"column":24}}},"6":{"name":"serveNet","line":141,"loc":{"start":{"line":141,"column":0},"end":{"line":141,"column":45}}},"7":{"name":"connect","line":218,"loc":{"start":{"line":218,"column":0},"end":{"line":218,"column":34}}},"8":{"name":"connectNet","line":267,"loc":{"start":{"line":267,"column":0},"end":{"line":267,"column":42}}}},"statementMap":{"1":{"start":{"line":3,"column":0},"end":{"line":6,"column":27}},"2":{"start":{"line":10,"column":8},"end":{"line":60,"column":10}},"3":{"start":{"line":64,"column":0},"end":{"line":88,"column":1}},"4":{"start":{"line":65,"column":4},"end":{"line":67,"column":5}},"5":{"start":{"line":66,"column":8},"end":{"line":66,"column":15}},"6":{"start":{"line":69,"column":4},"end":{"line":69,"column":53}},"7":{"start":{"line":71,"column":4},"end":{"line":83,"column":5}},"8":{"start":{"line":72,"column":8},"end":{"line":74,"column":9}},"9":{"start":{"line":73,"column":12},"end":{"line":73,"column":21}},"10":{"start":{"line":76,"column":8},"end":{"line":82,"column":10}},"11":{"start":{"line":85,"column":4},"end":{"line":87,"column":6}},"12":{"start":{"line":90,"column":0},"end":{"line":105,"column":1}},"13":{"start":{"line":91,"column":4},"end":{"line":93,"column":5}},"14":{"start":{"line":92,"column":8},"end":{"line":92,"column":15}},"15":{"start":{"line":95,"column":4},"end":{"line":95,"column":44}},"16":{"start":{"line":97,"column":4},"end":{"line":97,"column":29}},"17":{"start":{"line":98,"column":4},"end":{"line":102,"column":5}},"18":{"start":{"line":99,"column":8},"end":{"line":101,"column":9}},"19":{"start":{"line":100,"column":12},"end":{"line":100,"column":41}},"20":{"start":{"line":104,"column":4},"end":{"line":104,"column":23}},"21":{"start":{"line":107,"column":0},"end":{"line":135,"column":1}},"22":{"start":{"line":108,"column":4},"end":{"line":111,"column":5}},"23":{"start":{"line":109,"column":8},"end":{"line":109,"column":22}},"24":{"start":{"line":110,"column":8},"end":{"line":110,"column":19}},"25":{"start":{"line":112,"column":4},"end":{"line":119,"column":5}},"26":{"start":{"line":113,"column":8},"end":{"line":117,"column":10}},"27":{"start":{"line":118,"column":8},"end":{"line":118,"column":72}},"28":{"start":{"line":121,"column":4},"end":{"line":123,"column":5}},"29":{"start":{"line":122,"column":8},"end":{"line":122,"column":31}},"30":{"start":{"line":125,"column":4},"end":{"line":129,"column":6}},"31":{"start":{"line":131,"column":4},"end":{"line":134,"column":6}},"32":{"start":{"line":137,"column":0},"end":{"line":139,"column":1}},"33":{"start":{"line":141,"column":0},"end":{"line":216,"column":1}},"34":{"start":{"line":142,"column":4},"end":{"line":147,"column":5}},"35":{"start":{"line":143,"column":8},"end":{"line":143,"column":25}},"36":{"start":{"line":144,"column":8},"end":{"line":144,"column":21}},"37":{"start":{"line":145,"column":8},"end":{"line":145,"column":18}},"38":{"start":{"line":146,"column":8},"end":{"line":146,"column":19}},"39":{"start":{"line":148,"column":4},"end":{"line":153,"column":5}},"40":{"start":{"line":149,"column":8},"end":{"line":149,"column":22}},"41":{"start":{"line":150,"column":8},"end":{"line":150,"column":22}},"42":{"start":{"line":151,"column":8},"end":{"line":151,"column":19}},"43":{"start":{"line":152,"column":8},"end":{"line":152,"column":19}},"44":{"start":{"line":154,"column":4},"end":{"line":161,"column":5}},"45":{"start":{"line":155,"column":8},"end":{"line":159,"column":10}},"46":{"start":{"line":160,"column":8},"end":{"line":160,"column":37}},"47":{"start":{"line":162,"column":4},"end":{"line":167,"column":5}},"48":{"start":{"line":163,"column":8},"end":{"line":163,"column":22}},"49":{"start":{"line":164,"column":8},"end":{"line":164,"column":35}},"50":{"start":{"line":165,"column":8},"end":{"line":165,"column":19}},"51":{"start":{"line":166,"column":8},"end":{"line":166,"column":37}},"52":{"start":{"line":169,"column":4},"end":{"line":173,"column":5}},"53":{"start":{"line":170,"column":8},"end":{"line":170,"column":25}},"54":{"start":{"line":171,"column":8},"end":{"line":171,"column":21}},"55":{"start":{"line":172,"column":8},"end":{"line":172,"column":19}},"56":{"start":{"line":174,"column":4},"end":{"line":178,"column":5}},"57":{"start":{"line":175,"column":8},"end":{"line":175,"column":22}},"58":{"start":{"line":176,"column":8},"end":{"line":176,"column":22}},"59":{"start":{"line":177,"column":8},"end":{"line":177,"column":19}},"60":{"start":{"line":179,"column":4},"end":{"line":186,"column":5}},"61":{"start":{"line":180,"column":8},"end":{"line":184,"column":10}},"62":{"start":{"line":185,"column":8},"end":{"line":185,"column":37}},"63":{"start":{"line":188,"column":4},"end":{"line":191,"column":5}},"64":{"start":{"line":189,"column":8},"end":{"line":189,"column":25}},"65":{"start":{"line":190,"column":8},"end":{"line":190,"column":22}},"66":{"start":{"line":193,"column":4},"end":{"line":195,"column":5}},"67":{"start":{"line":194,"column":8},"end":{"line":194,"column":31}},"68":{"start":{"line":197,"column":4},"end":{"line":202,"column":6}},"69":{"start":{"line":204,"column":4},"end":{"line":210,"column":5}},"70":{"start":{"line":205,"column":8},"end":{"line":205,"column":34}},"71":{"start":{"line":206,"column":8},"end":{"line":209,"column":9}},"72":{"start":{"line":208,"column":12},"end":{"line":208,"column":43}},"73":{"start":{"line":212,"column":4},"end":{"line":215,"column":6}},"74":{"start":{"line":218,"column":0},"end":{"line":265,"column":1}},"75":{"start":{"line":219,"column":4},"end":{"line":222,"column":5}},"76":{"start":{"line":220,"column":8},"end":{"line":220,"column":22}},"77":{"start":{"line":221,"column":8},"end":{"line":221,"column":19}},"78":{"start":{"line":224,"column":4},"end":{"line":226,"column":5}},"79":{"start":{"line":225,"column":8},"end":{"line":225,"column":31}},"80":{"start":{"line":228,"column":4},"end":{"line":234,"column":5}},"81":{"start":{"line":229,"column":8},"end":{"line":232,"column":10}},"82":{"start":{"line":233,"column":8},"end":{"line":233,"column":15}},"83":{"start":{"line":236,"column":4},"end":{"line":243,"column":5}},"84":{"start":{"line":237,"column":8},"end":{"line":241,"column":10}},"85":{"start":{"line":242,"column":8},"end":{"line":242,"column":60}},"86":{"start":{"line":245,"column":4},"end":{"line":256,"column":5}},"87":{"start":{"line":246,"column":8},"end":{"line":254,"column":9}},"88":{"start":{"line":247,"column":12},"end":{"line":251,"column":14}},"89":{"start":{"line":252,"column":12},"end":{"line":252,"column":23}},"90":{"start":{"line":253,"column":12},"end":{"line":253,"column":19}},"91":{"start":{"line":255,"column":8},"end":{"line":255,"column":37}},"92":{"start":{"line":258,"column":4},"end":{"line":258,"column":51}},"93":{"start":{"line":259,"column":4},"end":{"line":259,"column":24}},"94":{"start":{"line":260,"column":4},"end":{"line":260,"column":28}},"95":{"start":{"line":262,"column":4},"end":{"line":262,"column":26}},"96":{"start":{"line":264,"column":4},"end":{"line":264,"column":19}},"97":{"start":{"line":267,"column":0},"end":{"line":336,"column":1}},"98":{"start":{"line":268,"column":4},"end":{"line":274,"column":5}},"99":{"start":{"line":269,"column":8},"end":{"line":272,"column":10}},"100":{"start":{"line":273,"column":8},"end":{"line":273,"column":15}},"101":{"start":{"line":275,"column":4},"end":{"line":279,"column":5}},"102":{"start":{"line":276,"column":8},"end":{"line":276,"column":22}},"103":{"start":{"line":277,"column":8},"end":{"line":277,"column":18}},"104":{"start":{"line":278,"column":8},"end":{"line":278,"column":19}},"105":{"start":{"line":280,"column":4},"end":{"line":284,"column":5}},"106":{"start":{"line":281,"column":8},"end":{"line":281,"column":22}},"107":{"start":{"line":282,"column":8},"end":{"line":282,"column":19}},"108":{"start":{"line":283,"column":8},"end":{"line":283,"column":19}},"109":{"start":{"line":285,"column":4},"end":{"line":292,"column":5}},"110":{"start":{"line":286,"column":8},"end":{"line":290,"column":10}},"111":{"start":{"line":291,"column":8},"end":{"line":291,"column":37}},"112":{"start":{"line":294,"column":4},"end":{"line":297,"column":5}},"113":{"start":{"line":295,"column":8},"end":{"line":295,"column":22}},"114":{"start":{"line":296,"column":8},"end":{"line":296,"column":19}},"115":{"start":{"line":298,"column":4},"end":{"line":305,"column":5}},"116":{"start":{"line":299,"column":8},"end":{"line":303,"column":10}},"117":{"start":{"line":304,"column":8},"end":{"line":304,"column":37}},"118":{"start":{"line":307,"column":4},"end":{"line":310,"column":5}},"119":{"start":{"line":308,"column":8},"end":{"line":308,"column":25}},"120":{"start":{"line":309,"column":8},"end":{"line":309,"column":23}},"121":{"start":{"line":311,"column":4},"end":{"line":313,"column":5}},"122":{"start":{"line":312,"column":8},"end":{"line":312,"column":31}},"123":{"start":{"line":315,"column":4},"end":{"line":326,"column":5}},"124":{"start":{"line":316,"column":8},"end":{"line":324,"column":9}},"125":{"start":{"line":317,"column":12},"end":{"line":321,"column":14}},"126":{"start":{"line":322,"column":12},"end":{"line":322,"column":23}},"127":{"start":{"line":323,"column":12},"end":{"line":323,"column":19}},"128":{"start":{"line":325,"column":8},"end":{"line":325,"column":37}},"129":{"start":{"line":328,"column":4},"end":{"line":328,"column":51}},"130":{"start":{"line":329,"column":4},"end":{"line":329,"column":24}},"131":{"start":{"line":330,"column":4},"end":{"line":330,"column":28}},"132":{"start":{"line":331,"column":4},"end":{"line":331,"column":28}},"133":{"start":{"line":333,"column":4},"end":{"line":333,"column":26}},"134":{"start":{"line":335,"column":4},"end":{"line":335,"column":19}},"135":{"start":{"line":338,"column":0},"end":{"line":338,"column":19}}},"branchMap":{"1":{"line":65,"type":"if","locations":[{"start":{"line":65,"column":4},"end":{"line":65,"column":4}},{"start":{"line":65,"column":4},"end":{"line":65,"column":4}}]},"2":{"line":72,"type":"if","locations":[{"start":{"line":72,"column":8},"end":{"line":72,"column":8}},{"start":{"line":72,"column":8},"end":{"line":72,"column":8}}]},"3":{"line":91,"type":"if","locations":[{"start":{"line":91,"column":4},"end":{"line":91,"column":4}},{"start":{"line":91,"column":4},"end":{"line":91,"column":4}}]},"4":{"line":98,"type":"if","locations":[{"start":{"line":98,"column":4},"end":{"line":98,"column":4}},{"start":{"line":98,"column":4},"end":{"line":98,"column":4}}]},"5":{"line":99,"type":"if","locations":[{"start":{"line":99,"column":8},"end":{"line":99,"column":8}},{"start":{"line":99,"column":8},"end":{"line":99,"column":8}}]},"6":{"line":108,"type":"if","locations":[{"start":{"line":108,"column":4},"end":{"line":108,"column":4}},{"start":{"line":108,"column":4},"end":{"line":108,"column":4}}]},"7":{"line":112,"type":"if","locations":[{"start":{"line":112,"column":4},"end":{"line":112,"column":4}},{"start":{"line":112,"column":4},"end":{"line":112,"column":4}}]},"8":{"line":121,"type":"if","locations":[{"start":{"line":121,"column":4},"end":{"line":121,"column":4}},{"start":{"line":121,"column":4},"end":{"line":121,"column":4}}]},"9":{"line":142,"type":"if","locations":[{"start":{"line":142,"column":4},"end":{"line":142,"column":4}},{"start":{"line":142,"column":4},"end":{"line":142,"column":4}}]},"10":{"line":148,"type":"if","locations":[{"start":{"line":148,"column":4},"end":{"line":148,"column":4}},{"start":{"line":148,"column":4},"end":{"line":148,"column":4}}]},"11":{"line":154,"type":"if","locations":[{"start":{"line":154,"column":4},"end":{"line":154,"column":4}},{"start":{"line":154,"column":4},"end":{"line":154,"column":4}}]},"12":{"line":162,"type":"if","locations":[{"start":{"line":162,"column":4},"end":{"line":162,"column":4}},{"start":{"line":162,"column":4},"end":{"line":162,"column":4}}]},"13":{"line":162,"type":"binary-expr","locations":[{"start":{"line":162,"column":7},"end":{"line":162,"column":33}},{"start":{"line":162,"column":37},"end":{"line":162,"column":63}}]},"14":{"line":169,"type":"if","locations":[{"start":{"line":169,"column":4},"end":{"line":169,"column":4}},{"start":{"line":169,"column":4},"end":{"line":169,"column":4}}]},"15":{"line":174,"type":"if","locations":[{"start":{"line":174,"column":4},"end":{"line":174,"column":4}},{"start":{"line":174,"column":4},"end":{"line":174,"column":4}}]},"16":{"line":179,"type":"if","locations":[{"start":{"line":179,"column":4},"end":{"line":179,"column":4}},{"start":{"line":179,"column":4},"end":{"line":179,"column":4}}]},"17":{"line":188,"type":"if","locations":[{"start":{"line":188,"column":4},"end":{"line":188,"column":4}},{"start":{"line":188,"column":4},"end":{"line":188,"column":4}}]},"18":{"line":193,"type":"if","locations":[{"start":{"line":193,"column":4},"end":{"line":193,"column":4}},{"start":{"line":193,"column":4},"end":{"line":193,"column":4}}]},"19":{"line":204,"type":"if","locations":[{"start":{"line":204,"column":4},"end":{"line":204,"column":4}},{"start":{"line":204,"column":4},"end":{"line":204,"column":4}}]},"20":{"line":206,"type":"if","locations":[{"start":{"line":206,"column":8},"end":{"line":206,"column":8}},{"start":{"line":206,"column":8},"end":{"line":206,"column":8}}]},"21":{"line":206,"type":"binary-expr","locations":[{"start":{"line":206,"column":11},"end":{"line":206,"column":29}},{"start":{"line":206,"column":33},"end":{"line":206,"column":47}}]},"22":{"line":219,"type":"if","locations":[{"start":{"line":219,"column":4},"end":{"line":219,"column":4}},{"start":{"line":219,"column":4},"end":{"line":219,"column":4}}]},"23":{"line":224,"type":"if","locations":[{"start":{"line":224,"column":4},"end":{"line":224,"column":4}},{"start":{"line":224,"column":4},"end":{"line":224,"column":4}}]},"24":{"line":228,"type":"if","locations":[{"start":{"line":228,"column":4},"end":{"line":228,"column":4}},{"start":{"line":228,"column":4},"end":{"line":228,"column":4}}]},"25":{"line":236,"type":"if","locations":[{"start":{"line":236,"column":4},"end":{"line":236,"column":4}},{"start":{"line":236,"column":4},"end":{"line":236,"column":4}}]},"26":{"line":245,"type":"if","locations":[{"start":{"line":245,"column":4},"end":{"line":245,"column":4}},{"start":{"line":245,"column":4},"end":{"line":245,"column":4}}]},"27":{"line":246,"type":"if","locations":[{"start":{"line":246,"column":8},"end":{"line":246,"column":8}},{"start":{"line":246,"column":8},"end":{"line":246,"column":8}}]},"28":{"line":268,"type":"if","locations":[{"start":{"line":268,"column":4},"end":{"line":268,"column":4}},{"start":{"line":268,"column":4},"end":{"line":268,"column":4}}]},"29":{"line":275,"type":"if","locations":[{"start":{"line":275,"column":4},"end":{"line":275,"column":4}},{"start":{"line":275,"column":4},"end":{"line":275,"column":4}}]},"30":{"line":280,"type":"if","locations":[{"start":{"line":280,"column":4},"end":{"line":280,"column":4}},{"start":{"line":280,"column":4},"end":{"line":280,"column":4}}]},"31":{"line":285,"type":"if","locations":[{"start":{"line":285,"column":4},"end":{"line":285,"column":4}},{"start":{"line":285,"column":4},"end":{"line":285,"column":4}}]},"32":{"line":294,"type":"if","locations":[{"start":{"line":294,"column":4},"end":{"line":294,"column":4}},{"start":{"line":294,"column":4},"end":{"line":294,"column":4}}]},"33":{"line":298,"type":"if","locations":[{"start":{"line":298,"column":4},"end":{"line":298,"column":4}},{"start":{"line":298,"column":4},"end":{"line":298,"column":4}}]},"34":{"line":307,"type":"if","locations":[{"start":{"line":307,"column":4},"end":{"line":307,"column":4}},{"start":{"line":307,"column":4},"end":{"line":307,"column":4}}]},"35":{"line":311,"type":"if","locations":[{"start":{"line":311,"column":4},"end":{"line":311,"column":4}},{"start":{"line":311,"column":4},"end":{"line":311,"column":4}}]},"36":{"line":315,"type":"if","locations":[{"start":{"line":315,"column":4},"end":{"line":315,"column":4}},{"start":{"line":315,"column":4},"end":{"line":315,"column":4}}]},"37":{"line":316,"type":"if","locations":[{"start":{"line":316,"column":8},"end":{"line":316,"column":8}},{"start":{"line":316,"column":8},"end":{"line":316,"column":8}}]}}},"/home/brandon/git/node-ipc/entities/Defaults.js":{"path":"/home/brandon/git/node-ipc/entities/Defaults.js","s":{"1":1,"2":1,"3":1,"4":1,"5":1,"6":1,"7":1,"8":1,"9":1,"10":1,"11":1,"12":1,"13":1,"14":1,"15":1,"16":1,"17":1,"18":1,"19":1,"20":1,"21":1,"22":1,"23":1,"24":0,"25":1,"26":1},"b":{"1":[0,1],"2":[0,1],"3":[1,1,0]},"f":{"1":1,"2":1},"fnMap":{"1":{"name":"(anonymous_1)","line":22,"loc":{"start":{"line":22,"column":15},"end":{"line":22,"column":17}}},"2":{"name":"getIPType","line":62,"loc":{"start":{"line":62,"column":0},"end":{"line":62,"column":21}}}},"statementMap":{"1":{"start":{"line":9,"column":0},"end":{"line":9,"column":25}},"2":{"start":{"line":24,"column":8},"end":{"line":24,"column":29}},"3":{"start":{"line":25,"column":8},"end":{"line":25,"column":32}},"4":{"start":{"line":26,"column":8},"end":{"line":26,"column":30}},"5":{"start":{"line":28,"column":8},"end":{"line":28,"column":29}},"6":{"start":{"line":29,"column":8},"end":{"line":29,"column":29}},"7":{"start":{"line":30,"column":8},"end":{"line":30,"column":24}},"8":{"start":{"line":32,"column":8},"end":{"line":32,"column":26}},"9":{"start":{"line":33,"column":8},"end":{"line":33,"column":24}},"10":{"start":{"line":34,"column":8},"end":{"line":34,"column":29}},"11":{"start":{"line":36,"column":8},"end":{"line":36,"column":32}},"12":{"start":{"line":37,"column":8},"end":{"line":37,"column":23}},"13":{"start":{"line":38,"column":8},"end":{"line":38,"column":33}},"14":{"start":{"line":39,"column":8},"end":{"line":39,"column":32}},"15":{"start":{"line":41,"column":8},"end":{"line":41,"column":32}},"16":{"start":{"line":42,"column":8},"end":{"line":42,"column":23}},"17":{"start":{"line":43,"column":8},"end":{"line":43,"column":73}},"18":{"start":{"line":44,"column":8},"end":{"line":44,"column":32}},"19":{"start":{"line":46,"column":8},"end":{"line":52,"column":9}},"20":{"start":{"line":62,"column":0},"end":{"line":74,"column":1}},"21":{"start":{"line":63,"column":4},"end":{"line":63,"column":53}},"22":{"start":{"line":64,"column":4},"end":{"line":64,"column":20}},"23":{"start":{"line":65,"column":4},"end":{"line":72,"column":5}},"24":{"start":{"line":69,"column":8},"end":{"line":71,"column":20}},"25":{"start":{"line":73,"column":4},"end":{"line":73,"column":18}},"26":{"start":{"line":76,"column":0},"end":{"line":76,"column":24}}},"branchMap":{"1":{"line":43,"type":"cond-expr","locations":[{"start":{"line":43,"column":53},"end":{"line":43,"column":58}},{"start":{"line":43,"column":61},"end":{"line":43,"column":72}}]},"2":{"line":65,"type":"if","locations":[{"start":{"line":65,"column":4},"end":{"line":65,"column":4}},{"start":{"line":65,"column":4},"end":{"line":65,"column":4}}]},"3":{"line":65,"type":"binary-expr","locations":[{"start":{"line":65,"column":8},"end":{"line":65,"column":25}},{"start":{"line":66,"column":11},"end":{"line":66,"column":43}},{"start":{"line":67,"column":11},"end":{"line":67,"column":39}}]}}},"/home/brandon/git/node-ipc/dao/client.js":{"path":"/home/brandon/git/node-ipc/dao/client.js","s":{"1":1,"2":1,"3":1,"4":1,"5":7,"6":7,"7":1,"8":10,"9":10,"10":10,"11":10,"12":10,"13":0,"14":10,"15":10,"16":2,"17":2,"18":8,"19":1,"20":2,"21":2,"22":1,"23":13,"24":13,"25":13,"26":0,"27":0,"28":13,"29":13,"30":7,"31":7,"32":7,"33":0,"34":0,"35":0,"36":7,"37":6,"38":6,"39":6,"40":0,"41":6,"42":0,"43":6,"44":0,"45":6,"46":0,"47":6,"48":0,"49":6,"50":6,"51":6,"52":0,"53":0,"54":0,"55":0,"56":0,"57":0,"58":0,"59":0,"60":0,"61":0,"62":0,"63":0,"64":0,"65":13,"66":13,"67":10,"68":10,"69":13,"70":3,"71":3,"72":3,"73":3,"74":3,"75":13,"76":11,"77":11,"78":5,"79":5,"80":5,"81":5,"82":5,"83":5,"84":6,"85":6,"86":6,"87":6,"88":13,"89":1,"90":1,"91":0,"92":0,"93":0,"94":0,"95":0,"96":1,"97":1,"98":1,"99":1,"100":0,"101":0,"102":1,"103":1,"104":1,"105":1,"106":1,"107":1,"108":1,"109":1,"110":1,"111":0,"112":1,"113":1},"b":{"1":[1,0],"2":[7,0],"3":[0,10],"4":[2,8],"5":[0,13],"6":[7,6],"7":[0,7],"8":[7,0],"9":[0,6],"10":[0,6],"11":[0,6],"12":[0,6],"13":[0,6],"14":[6,0],"15":[0,0],"16":[0,0],"17":[0,0],"18":[0,0],"19":[3,0],"20":[5,6],"21":[11,8,6],"22":[0,1],"23":[0,0],"24":[1,0],"25":[0,1],"26":[1,1],"27":[0,1]},"f":{"1":7,"2":10,"3":2,"4":13,"5":10,"6":3,"7":11,"8":6,"9":1},"fnMap":{"1":{"name":"(anonymous_1)","line":16,"loc":{"start":{"line":16,"column":15},"end":{"line":16,"column":27}}},"2":{"name":"emit","line":35,"loc":{"start":{"line":35,"column":0},"end":{"line":35,"column":24}}},"3":{"name":"syncEmit","line":58,"loc":{"start":{"line":58,"column":0},"end":{"line":58,"column":26}}},"4":{"name":"connect","line":63,"loc":{"start":{"line":63,"column":0},"end":{"line":63,"column":18}}},"5":{"name":"(anonymous_5)","line":146,"loc":{"start":{"line":146,"column":8},"end":{"line":146,"column":21}}},"6":{"name":"connectionMade","line":155,"loc":{"start":{"line":155,"column":8},"end":{"line":155,"column":33}}},"7":{"name":"connectionClosed","line":172,"loc":{"start":{"line":172,"column":8},"end":{"line":172,"column":35}}},"8":{"name":"retryTimeout","line":198,"loc":{"start":{"line":198,"column":16},"end":{"line":198,"column":39}}},"9":{"name":"(anonymous_9)","line":211,"loc":{"start":{"line":211,"column":8},"end":{"line":211,"column":23}}}},"statementMap":{"1":{"start":{"line":3,"column":0},"end":{"line":8,"column":32}},"2":{"start":{"line":10,"column":0},"end":{"line":10,"column":41}},"3":{"start":{"line":11,"column":0},"end":{"line":13,"column":1}},"4":{"start":{"line":12,"column":4},"end":{"line":12,"column":37}},"5":{"start":{"line":17,"column":8},"end":{"line":17,"column":16}},"6":{"start":{"line":18,"column":8},"end":{"line":31,"column":10}},"7":{"start":{"line":35,"column":0},"end":{"line":56,"column":1}},"8":{"start":{"line":36,"column":4},"end":{"line":36,"column":82}},"9":{"start":{"line":38,"column":4},"end":{"line":38,"column":28}},"10":{"start":{"line":39,"column":4},"end":{"line":39,"column":22}},"11":{"start":{"line":40,"column":4},"end":{"line":40,"column":22}},"12":{"start":{"line":42,"column":4},"end":{"line":46,"column":5}},"13":{"start":{"line":43,"column":8},"end":{"line":43,"column":54}},"14":{"start":{"line":45,"column":8},"end":{"line":45,"column":44}},"15":{"start":{"line":48,"column":4},"end":{"line":51,"column":5}},"16":{"start":{"line":49,"column":8},"end":{"line":49,"column":35}},"17":{"start":{"line":50,"column":8},"end":{"line":50,"column":15}},"18":{"start":{"line":53,"column":4},"end":{"line":55,"column":6}},"19":{"start":{"line":58,"column":0},"end":{"line":61,"column":1}},"20":{"start":{"line":59,"column":4},"end":{"line":59,"column":74}},"21":{"start":{"line":60,"column":4},"end":{"line":60,"column":31}},"22":{"start":{"line":63,"column":0},"end":{"line":259,"column":1}},"23":{"start":{"line":65,"column":4},"end":{"line":65,"column":20}},"24":{"start":{"line":67,"column":4},"end":{"line":67,"column":67}},"25":{"start":{"line":68,"column":4},"end":{"line":71,"column":5}},"26":{"start":{"line":69,"column":8},"end":{"line":69,"column":119}},"27":{"start":{"line":70,"column":8},"end":{"line":70,"column":15}},"28":{"start":{"line":73,"column":4},"end":{"line":73,"column":21}},"29":{"start":{"line":75,"column":4},"end":{"line":140,"column":5}},"30":{"start":{"line":76,"column":8},"end":{"line":76,"column":70}},"31":{"start":{"line":78,"column":8},"end":{"line":78,"column":33}},"32":{"start":{"line":80,"column":8},"end":{"line":84,"column":9}},"33":{"start":{"line":81,"column":12},"end":{"line":81,"column":59}},"34":{"start":{"line":82,"column":12},"end":{"line":82,"column":60}},"35":{"start":{"line":83,"column":12},"end":{"line":83,"column":57}},"36":{"start":{"line":86,"column":8},"end":{"line":86,"column":45}},"37":{"start":{"line":88,"column":8},"end":{"line":88,"column":33}},"38":{"start":{"line":89,"column":8},"end":{"line":89,"column":33}},"39":{"start":{"line":91,"column":8},"end":{"line":93,"column":9}},"40":{"start":{"line":92,"column":10},"end":{"line":92,"column":68}},"41":{"start":{"line":95,"column":8},"end":{"line":97,"column":9}},"42":{"start":{"line":96,"column":10},"end":{"line":96,"column":62}},"43":{"start":{"line":99,"column":8},"end":{"line":101,"column":9}},"44":{"start":{"line":100,"column":10},"end":{"line":100,"column":56}},"45":{"start":{"line":103,"column":8},"end":{"line":105,"column":9}},"46":{"start":{"line":104,"column":10},"end":{"line":104,"column":54}},"47":{"start":{"line":107,"column":8},"end":{"line":109,"column":9}},"48":{"start":{"line":108,"column":10},"end":{"line":108,"column":56}},"49":{"start":{"line":111,"column":8},"end":{"line":139,"column":9}},"50":{"start":{"line":112,"column":12},"end":{"line":112,"column":64}},"51":{"start":{"line":113,"column":12},"end":{"line":113,"column":49}},"52":{"start":{"line":115,"column":12},"end":{"line":115,"column":99}},"53":{"start":{"line":116,"column":12},"end":{"line":118,"column":13}},"54":{"start":{"line":117,"column":16},"end":{"line":117,"column":81}},"55":{"start":{"line":119,"column":12},"end":{"line":121,"column":13}},"56":{"start":{"line":120,"column":16},"end":{"line":120,"column":81}},"57":{"start":{"line":122,"column":12},"end":{"line":132,"column":13}},"58":{"start":{"line":123,"column":16},"end":{"line":125,"column":17}},"59":{"start":{"line":124,"column":20},"end":{"line":124,"column":96}},"60":{"start":{"line":126,"column":16},"end":{"line":126,"column":40}},"61":{"start":{"line":127,"column":16},"end":{"line":131,"column":17}},"62":{"start":{"line":128,"column":20},"end":{"line":130,"column":22}},"63":{"start":{"line":134,"column":12},"end":{"line":134,"column":53}},"64":{"start":{"line":136,"column":12},"end":{"line":138,"column":14}},"65":{"start":{"line":142,"column":4},"end":{"line":142,"column":52}},"66":{"start":{"line":144,"column":4},"end":{"line":151,"column":6}},"67":{"start":{"line":147,"column":12},"end":{"line":147,"column":51}},"68":{"start":{"line":148,"column":12},"end":{"line":148,"column":41}},"69":{"start":{"line":153,"column":4},"end":{"line":168,"column":6}},"70":{"start":{"line":156,"column":12},"end":{"line":163,"column":13}},"71":{"start":{"line":157,"column":14},"end":{"line":162,"column":16}},"72":{"start":{"line":164,"column":12},"end":{"line":164,"column":38}},"73":{"start":{"line":165,"column":12},"end":{"line":165,"column":61}},"74":{"start":{"line":166,"column":12},"end":{"line":166,"column":41}},"75":{"start":{"line":170,"column":4},"end":{"line":207,"column":6}},"76":{"start":{"line":173,"column":12},"end":{"line":175,"column":10}},"77":{"start":{"line":177,"column":12},"end":{"line":195,"column":13}},"78":{"start":{"line":183,"column":16},"end":{"line":183,"column":45}},"79":{"start":{"line":184,"column":16},"end":{"line":188,"column":18}},"80":{"start":{"line":190,"column":16},"end":{"line":190,"column":40}},"81":{"start":{"line":191,"column":16},"end":{"line":191,"column":42}},"82":{"start":{"line":192,"column":16},"end":{"line":192,"column":33}},"83":{"start":{"line":194,"column":16},"end":{"line":194,"column":23}},"84":{"start":{"line":197,"column":12},"end":{"line":203,"column":14}},"85":{"start":{"line":199,"column":20},"end":{"line":199,"column":46}},"86":{"start":{"line":200,"column":20},"end":{"line":200,"column":37}},"87":{"start":{"line":205,"column":12},"end":{"line":205,"column":41}},"88":{"start":{"line":209,"column":4},"end":{"line":258,"column":6}},"89":{"start":{"line":212,"column":12},"end":{"line":212,"column":48}},"90":{"start":{"line":213,"column":12},"end":{"line":224,"column":13}},"91":{"start":{"line":214,"column":16},"end":{"line":217,"column":18}},"92":{"start":{"line":218,"column":16},"end":{"line":220,"column":17}},"93":{"start":{"line":219,"column":20},"end":{"line":219,"column":27}},"94":{"start":{"line":222,"column":16},"end":{"line":222,"column":36}},"95":{"start":{"line":223,"column":16},"end":{"line":223,"column":23}},"96":{"start":{"line":226,"column":12},"end":{"line":228,"column":13}},"97":{"start":{"line":227,"column":16},"end":{"line":227,"column":34}},"98":{"start":{"line":230,"column":12},"end":{"line":230,"column":40}},"99":{"start":{"line":232,"column":12},"end":{"line":235,"column":13}},"100":{"start":{"line":233,"column":16},"end":{"line":233,"column":93}},"101":{"start":{"line":234,"column":16},"end":{"line":234,"column":23}},"102":{"start":{"line":237,"column":12},"end":{"line":237,"column":30}},"103":{"start":{"line":239,"column":12},"end":{"line":239,"column":51}},"104":{"start":{"line":240,"column":12},"end":{"line":240,"column":41}},"105":{"start":{"line":241,"column":12},"end":{"line":250,"column":13}},"106":{"start":{"line":242,"column":16},"end":{"line":242,"column":40}},"107":{"start":{"line":243,"column":16},"end":{"line":243,"column":40}},"108":{"start":{"line":245,"column":16},"end":{"line":245,"column":73}},"109":{"start":{"line":246,"column":16},"end":{"line":249,"column":18}},"110":{"start":{"line":252,"column":12},"end":{"line":254,"column":13}},"111":{"start":{"line":253,"column":16},"end":{"line":253,"column":23}},"112":{"start":{"line":256,"column":12},"end":{"line":256,"column":32}},"113":{"start":{"line":261,"column":0},"end":{"line":261,"column":22}}},"branchMap":{"1":{"line":11,"type":"if","locations":[{"start":{"line":11,"column":0},"end":{"line":11,"column":0}},{"start":{"line":11,"column":0},"end":{"line":11,"column":0}}]},"2":{"line":28,"type":"binary-expr","locations":[{"start":{"line":28,"column":33},"end":{"line":28,"column":50}},{"start":{"line":28,"column":52},"end":{"line":28,"column":53}}]},"3":{"line":42,"type":"if","locations":[{"start":{"line":42,"column":4},"end":{"line":42,"column":4}},{"start":{"line":42,"column":4},"end":{"line":42,"column":4}}]},"4":{"line":48,"type":"if","locations":[{"start":{"line":48,"column":4},"end":{"line":48,"column":4}},{"start":{"line":48,"column":4},"end":{"line":48,"column":4}}]},"5":{"line":68,"type":"if","locations":[{"start":{"line":68,"column":4},"end":{"line":68,"column":4}},{"start":{"line":68,"column":4},"end":{"line":68,"column":4}}]},"6":{"line":75,"type":"if","locations":[{"start":{"line":75,"column":4},"end":{"line":75,"column":4}},{"start":{"line":75,"column":4},"end":{"line":75,"column":4}}]},"7":{"line":80,"type":"if","locations":[{"start":{"line":80,"column":8},"end":{"line":80,"column":8}},{"start":{"line":80,"column":8},"end":{"line":80,"column":8}}]},"8":{"line":80,"type":"binary-expr","locations":[{"start":{"line":80,"column":12},"end":{"line":80,"column":39}},{"start":{"line":80,"column":43},"end":{"line":80,"column":83}}]},"9":{"line":91,"type":"if","locations":[{"start":{"line":91,"column":8},"end":{"line":91,"column":8}},{"start":{"line":91,"column":8},"end":{"line":91,"column":8}}]},"10":{"line":95,"type":"if","locations":[{"start":{"line":95,"column":8},"end":{"line":95,"column":8}},{"start":{"line":95,"column":8},"end":{"line":95,"column":8}}]},"11":{"line":99,"type":"if","locations":[{"start":{"line":99,"column":8},"end":{"line":99,"column":8}},{"start":{"line":99,"column":8},"end":{"line":99,"column":8}}]},"12":{"line":103,"type":"if","locations":[{"start":{"line":103,"column":8},"end":{"line":103,"column":8}},{"start":{"line":103,"column":8},"end":{"line":103,"column":8}}]},"13":{"line":107,"type":"if","locations":[{"start":{"line":107,"column":8},"end":{"line":107,"column":8}},{"start":{"line":107,"column":8},"end":{"line":107,"column":8}}]},"14":{"line":111,"type":"if","locations":[{"start":{"line":111,"column":8},"end":{"line":111,"column":8}},{"start":{"line":111,"column":8},"end":{"line":111,"column":8}}]},"15":{"line":116,"type":"if","locations":[{"start":{"line":116,"column":12},"end":{"line":116,"column":12}},{"start":{"line":116,"column":12},"end":{"line":116,"column":12}}]},"16":{"line":119,"type":"if","locations":[{"start":{"line":119,"column":12},"end":{"line":119,"column":12}},{"start":{"line":119,"column":12},"end":{"line":119,"column":12}}]},"17":{"line":122,"type":"if","locations":[{"start":{"line":122,"column":12},"end":{"line":122,"column":12}},{"start":{"line":122,"column":12},"end":{"line":122,"column":12}}]},"18":{"line":123,"type":"if","locations":[{"start":{"line":123,"column":16},"end":{"line":123,"column":16}},{"start":{"line":123,"column":16},"end":{"line":123,"column":16}}]},"19":{"line":156,"type":"if","locations":[{"start":{"line":156,"column":12},"end":{"line":156,"column":12}},{"start":{"line":156,"column":12},"end":{"line":156,"column":12}}]},"20":{"line":177,"type":"if","locations":[{"start":{"line":177,"column":12},"end":{"line":177,"column":12}},{"start":{"line":177,"column":12},"end":{"line":177,"column":12}}]},"21":{"line":178,"type":"binary-expr","locations":[{"start":{"line":178,"column":16},"end":{"line":178,"column":42}},{"start":{"line":179,"column":16},"end":{"line":179,"column":41}},{"start":{"line":180,"column":16},"end":{"line":180,"column":45}}]},"22":{"line":213,"type":"if","locations":[{"start":{"line":213,"column":12},"end":{"line":213,"column":12}},{"start":{"line":213,"column":12},"end":{"line":213,"column":12}}]},"23":{"line":218,"type":"if","locations":[{"start":{"line":218,"column":16},"end":{"line":218,"column":16}},{"start":{"line":218,"column":16},"end":{"line":218,"column":16}}]},"24":{"line":226,"type":"if","locations":[{"start":{"line":226,"column":12},"end":{"line":226,"column":12}},{"start":{"line":226,"column":12},"end":{"line":226,"column":12}}]},"25":{"line":232,"type":"if","locations":[{"start":{"line":232,"column":12},"end":{"line":232,"column":12}},{"start":{"line":232,"column":12},"end":{"line":232,"column":12}}]},"26":{"line":232,"type":"binary-expr","locations":[{"start":{"line":232,"column":15},"end":{"line":232,"column":52}},{"start":{"line":232,"column":56},"end":{"line":232,"column":97}}]},"27":{"line":252,"type":"if","locations":[{"start":{"line":252,"column":12},"end":{"line":252,"column":12}},{"start":{"line":252,"column":12},"end":{"line":252,"column":12}}]}}},"/home/brandon/git/node-ipc/dao/eventParser.js":{"path":"/home/brandon/git/node-ipc/dao/eventParser.js","s":{"1":1,"2":1,"3":12,"4":0,"5":12,"6":0,"7":12,"8":12,"9":1,"10":5,"11":5,"12":5,"13":1},"b":{"1":[0,12],"2":[12,0,0],"3":[0,12]},"f":{"1":12,"2":5},"fnMap":{"1":{"name":"formatData","line":9,"loc":{"start":{"line":9,"column":0},"end":{"line":9,"column":28}}},"2":{"name":"parseDataEvents","line":21,"loc":{"start":{"line":21,"column":0},"end":{"line":21,"column":30}}}},"statementMap":{"1":{"start":{"line":3,"column":0},"end":{"line":7,"column":2}},"2":{"start":{"line":9,"column":0},"end":{"line":19,"column":1}},"3":{"start":{"line":10,"column":4},"end":{"line":12,"column":5}},"4":{"start":{"line":11,"column":8},"end":{"line":11,"column":24}},"5":{"start":{"line":13,"column":4},"end":{"line":15,"column":5}},"6":{"start":{"line":14,"column":8},"end":{"line":14,"column":24}},"7":{"start":{"line":17,"column":4},"end":{"line":17,"column":42}},"8":{"start":{"line":18,"column":4},"end":{"line":18,"column":19}},"9":{"start":{"line":21,"column":0},"end":{"line":25,"column":1}},"10":{"start":{"line":22,"column":4},"end":{"line":22,"column":44}},"11":{"start":{"line":23,"column":4},"end":{"line":23,"column":17}},"12":{"start":{"line":24,"column":4},"end":{"line":24,"column":18}},"13":{"start":{"line":27,"column":0},"end":{"line":27,"column":22}}},"branchMap":{"1":{"line":10,"type":"if","locations":[{"start":{"line":10,"column":4},"end":{"line":10,"column":4}},{"start":{"line":10,"column":4},"end":{"line":10,"column":4}}]},"2":{"line":10,"type":"binary-expr","locations":[{"start":{"line":10,"column":7},"end":{"line":10,"column":20}},{"start":{"line":10,"column":24},"end":{"line":10,"column":44}},{"start":{"line":10,"column":48},"end":{"line":10,"column":64}}]},"3":{"line":13,"type":"if","locations":[{"start":{"line":13,"column":4},"end":{"line":13,"column":4}},{"start":{"line":13,"column":4},"end":{"line":13,"column":4}}]}}},"/home/brandon/git/node-ipc/dao/socketServer.js":{"path":"/home/brandon/git/node-ipc/dao/socketServer.js","s":{"1":1,"2":1,"3":1,"4":1,"5":4,"6":4,"7":4,"8":4,"9":4,"10":4,"11":0,"12":0,"13":4,"14":1,"15":2,"16":2,"17":2,"18":2,"19":2,"20":2,"21":2,"22":2,"23":0,"24":0,"25":2,"26":2,"27":2,"28":0,"29":0,"30":0,"31":2,"32":2,"33":0,"34":1,"35":0,"36":0,"37":0,"38":0,"39":0,"40":0,"41":0,"42":0,"43":0,"44":0,"45":0,"46":0,"47":1,"48":2,"49":2,"50":2,"51":2,"52":2,"53":0,"54":2,"55":0,"56":0,"57":0,"58":0,"59":0,"60":0,"61":0,"62":0,"63":2,"64":2,"65":0,"66":2,"67":2,"68":2,"69":1,"70":4,"71":4,"72":0,"73":0,"74":0,"75":4,"76":4,"77":4,"78":4,"79":0,"80":0,"81":4,"82":4,"83":4,"84":4,"85":4,"86":4,"87":4,"88":4,"89":4,"90":4,"91":4,"92":4,"93":1,"94":2,"95":1,"96":4,"97":4,"98":2,"99":4,"100":4,"101":4,"102":0,"103":0,"104":4,"105":4,"106":2,"107":0,"108":2,"109":2,"110":2,"111":0,"112":2,"113":2,"114":4,"115":4,"116":0,"117":1,"118":4,"119":4,"120":4,"121":2,"122":2,"123":2,"124":0,"125":2,"126":2,"127":2,"128":2,"129":4,"130":0,"131":0,"132":0,"133":4,"134":4,"135":1,"136":1,"137":0,"138":0,"139":0,"140":1,"141":1,"142":3,"143":1,"144":1,"145":1,"146":2,"147":2,"148":2,"149":1,"150":0,"151":0,"152":0,"153":0,"154":0,"155":0,"156":0,"157":0,"158":0,"159":0,"160":0,"161":0,"162":0,"163":0,"164":0,"165":0,"166":1,"167":2,"168":2,"169":2,"170":0,"171":0,"172":0,"173":1},"b":{"1":[1,0],"2":[0,4],"3":[2,0],"4":[0,2],"5":[2,0],"6":[2,1],"7":[0,2],"8":[2,2],"9":[0,0],"10":[0,0],"11":[0,0],"12":[0,0],"13":[2,0],"14":[0,2],"15":[0,2],"16":[0,0],"17":[0,0],"18":[0,0],"19":[0,2],"20":[2,2],"21":[2,2],"22":[4,3],"23":[0,4],"24":[4,0],"25":[0,4],"26":[4,4],"27":[4,0],"28":[4,4,4],"29":[4,0],"30":[2,2],"31":[0,2],"32":[0,2],"33":[0,4],"34":[3,1],"35":[2,2],"36":[4,3],"37":[2,0],"38":[1,1],"39":[1,3],"40":[0,1],"41":[1,2],"42":[3,2],"43":[0,1],"44":[1,1],"45":[0,0],"46":[0,0],"47":[0,0],"48":[0,0],"49":[0,0],"50":[0,2]},"f":{"1":4,"2":4,"3":4,"4":4,"5":2,"6":0,"7":2,"8":4,"9":2,"10":4,"11":0,"12":2,"13":4,"14":2,"15":0,"16":0,"17":2,"18":2,"19":0},"fnMap":{"1":{"name":"(anonymous_1)","line":16,"loc":{"start":{"line":16,"column":15},"end":{"line":16,"column":37}}},"2":{"name":"(anonymous_2)","line":41,"loc":{"start":{"line":41,"column":11},"end":{"line":41,"column":19}}},"3":{"name":"(anonymous_3)","line":48,"loc":{"start":{"line":48,"column":8},"end":{"line":48,"column":10}}},"4":{"name":"(anonymous_4)","line":52,"loc":{"start":{"line":52,"column":9},"end":{"line":52,"column":11}}},"5":{"name":"emit","line":65,"loc":{"start":{"line":65,"column":0},"end":{"line":65,"column":34}}},"6":{"name":"broadcast","line":103,"loc":{"start":{"line":103,"column":0},"end":{"line":103,"column":29}}},"7":{"name":"serverClosed","line":126,"loc":{"start":{"line":126,"column":0},"end":{"line":126,"column":23}}},"8":{"name":"gotData","line":165,"loc":{"start":{"line":165,"column":0},"end":{"line":165,"column":39}}},"9":{"name":"socketClosed","line":214,"loc":{"start":{"line":214,"column":0},"end":{"line":214,"column":29}}},"10":{"name":"serverCreated","line":221,"loc":{"start":{"line":221,"column":0},"end":{"line":221,"column":31}}},"11":{"name":"(anonymous_11)","line":236,"loc":{"start":{"line":236,"column":8},"end":{"line":236,"column":21}}},"12":{"name":"(anonymous_12)","line":250,"loc":{"start":{"line":250,"column":8},"end":{"line":250,"column":28}}},"13":{"name":"startServer","line":277,"loc":{"start":{"line":277,"column":0},"end":{"line":277,"column":23}}},"14":{"name":"UDPServerStarted","line":302,"loc":{"start":{"line":302,"column":12},"end":{"line":302,"column":40}}},"15":{"name":"(anonymous_15)","line":310,"loc":{"start":{"line":310,"column":8},"end":{"line":310,"column":21}}},"16":{"name":"startTLSServer","line":363,"loc":{"start":{"line":363,"column":0},"end":{"line":363,"column":25}}},"17":{"name":"UDPWrite","line":395,"loc":{"start":{"line":395,"column":0},"end":{"line":395,"column":33}}},"18":{"name":"(anonymous_18)","line":403,"loc":{"start":{"line":403,"column":8},"end":{"line":403,"column":29}}},"19":{"name":"(anonymous_19)","line":408,"loc":{"start":{"line":408,"column":20},"end":{"line":408,"column":33}}}},"statementMap":{"1":{"start":{"line":3,"column":0},"end":{"line":8,"column":36}},"2":{"start":{"line":10,"column":0},"end":{"line":10,"column":41}},"3":{"start":{"line":11,"column":0},"end":{"line":13,"column":1}},"4":{"start":{"line":12,"column":4},"end":{"line":12,"column":37}},"5":{"start":{"line":17,"column":8},"end":{"line":17,"column":16}},"6":{"start":{"line":18,"column":8},"end":{"line":33,"column":10}},"7":{"start":{"line":35,"column":8},"end":{"line":38,"column":10}},"8":{"start":{"line":42,"column":8},"end":{"line":45,"column":10}},"9":{"start":{"line":49,"column":8},"end":{"line":49,"column":28}},"10":{"start":{"line":53,"column":8},"end":{"line":56,"column":9}},"11":{"start":{"line":54,"column":12},"end":{"line":54,"column":76}},"12":{"start":{"line":55,"column":12},"end":{"line":55,"column":19}},"13":{"start":{"line":58,"column":8},"end":{"line":61,"column":10}},"14":{"start":{"line":65,"column":0},"end":{"line":101,"column":1}},"15":{"start":{"line":66,"column":4},"end":{"line":68,"column":5}},"16":{"start":{"line":67,"column":6},"end":{"line":67,"column":24}},"17":{"start":{"line":70,"column":4},"end":{"line":100,"column":5}},"18":{"start":{"line":71,"column":6},"end":{"line":71,"column":65}},"19":{"start":{"line":73,"column":6},"end":{"line":73,"column":30}},"20":{"start":{"line":74,"column":6},"end":{"line":74,"column":24}},"21":{"start":{"line":75,"column":6},"end":{"line":75,"column":24}},"22":{"start":{"line":77,"column":6},"end":{"line":82,"column":7}},"23":{"start":{"line":78,"column":10},"end":{"line":78,"column":40}},"24":{"start":{"line":79,"column":10},"end":{"line":79,"column":56}},"25":{"start":{"line":81,"column":10},"end":{"line":81,"column":46}},"26":{"start":{"line":84,"column":6},"end":{"line":97,"column":7}},"27":{"start":{"line":86,"column":10},"end":{"line":90,"column":11}},"28":{"start":{"line":87,"column":14},"end":{"line":87,"column":168}},"29":{"start":{"line":88,"column":14},"end":{"line":88,"column":40}},"30":{"start":{"line":89,"column":14},"end":{"line":89,"column":21}},"31":{"start":{"line":92,"column":10},"end":{"line":95,"column":12}},"32":{"start":{"line":96,"column":10},"end":{"line":96,"column":17}},"33":{"start":{"line":99,"column":6},"end":{"line":99,"column":28}},"34":{"start":{"line":103,"column":0},"end":{"line":124,"column":1}},"35":{"start":{"line":104,"column":4},"end":{"line":104,"column":127}},"36":{"start":{"line":105,"column":4},"end":{"line":105,"column":28}},"37":{"start":{"line":106,"column":4},"end":{"line":106,"column":22}},"38":{"start":{"line":107,"column":4},"end":{"line":107,"column":22}},"39":{"start":{"line":109,"column":4},"end":{"line":113,"column":5}},"40":{"start":{"line":110,"column":8},"end":{"line":110,"column":54}},"41":{"start":{"line":112,"column":8},"end":{"line":112,"column":44}},"42":{"start":{"line":115,"column":4},"end":{"line":123,"column":5}},"43":{"start":{"line":116,"column":8},"end":{"line":118,"column":9}},"44":{"start":{"line":117,"column":12},"end":{"line":117,"column":55}},"45":{"start":{"line":120,"column":8},"end":{"line":122,"column":9}},"46":{"start":{"line":121,"column":12},"end":{"line":121,"column":43}},"47":{"start":{"line":126,"column":0},"end":{"line":163,"column":1}},"48":{"start":{"line":127,"column":4},"end":{"line":162,"column":5}},"49":{"start":{"line":128,"column":8},"end":{"line":128,"column":35}},"50":{"start":{"line":129,"column":8},"end":{"line":129,"column":36}},"51":{"start":{"line":131,"column":8},"end":{"line":135,"column":9}},"52":{"start":{"line":132,"column":12},"end":{"line":134,"column":13}},"53":{"start":{"line":133,"column":16},"end":{"line":133,"column":25}},"54":{"start":{"line":137,"column":8},"end":{"line":149,"column":9}},"55":{"start":{"line":138,"column":12},"end":{"line":138,"column":40}},"56":{"start":{"line":139,"column":12},"end":{"line":148,"column":13}},"57":{"start":{"line":140,"column":14},"end":{"line":140,"column":45}},"58":{"start":{"line":141,"column":14},"end":{"line":141,"column":46}},"59":{"start":{"line":142,"column":14},"end":{"line":147,"column":15}},"60":{"start":{"line":143,"column":16},"end":{"line":143,"column":38}},"61":{"start":{"line":144,"column":16},"end":{"line":146,"column":17}},"62":{"start":{"line":145,"column":18},"end":{"line":145,"column":43}},"63":{"start":{"line":151,"column":8},"end":{"line":151,"column":69}},"64":{"start":{"line":153,"column":8},"end":{"line":155,"column":9}},"65":{"start":{"line":154,"column":12},"end":{"line":154,"column":29}},"66":{"start":{"line":157,"column":8},"end":{"line":157,"column":33}},"67":{"start":{"line":159,"column":8},"end":{"line":159,"column":71}},"68":{"start":{"line":161,"column":8},"end":{"line":161,"column":15}},"69":{"start":{"line":165,"column":0},"end":{"line":212,"column":1}},"70":{"start":{"line":166,"column":4},"end":{"line":166,"column":60}},"71":{"start":{"line":167,"column":4},"end":{"line":175,"column":5}},"72":{"start":{"line":168,"column":8},"end":{"line":168,"column":51}},"73":{"start":{"line":169,"column":8},"end":{"line":173,"column":10}},"74":{"start":{"line":174,"column":8},"end":{"line":174,"column":15}},"75":{"start":{"line":177,"column":4},"end":{"line":179,"column":5}},"76":{"start":{"line":178,"column":8},"end":{"line":178,"column":26}},"77":{"start":{"line":181,"column":4},"end":{"line":181,"column":32}},"78":{"start":{"line":183,"column":4},"end":{"line":186,"column":5}},"79":{"start":{"line":184,"column":8},"end":{"line":184,"column":83}},"80":{"start":{"line":185,"column":8},"end":{"line":185,"column":15}},"81":{"start":{"line":188,"column":4},"end":{"line":188,"column":22}},"82":{"start":{"line":190,"column":4},"end":{"line":190,"column":33}},"83":{"start":{"line":192,"column":4},"end":{"line":211,"column":5}},"84":{"start":{"line":193,"column":8},"end":{"line":193,"column":32}},"85":{"start":{"line":194,"column":8},"end":{"line":194,"column":35}},"86":{"start":{"line":196,"column":8},"end":{"line":202,"column":9}},"87":{"start":{"line":197,"column":12},"end":{"line":197,"column":36}},"88":{"start":{"line":198,"column":12},"end":{"line":200,"column":13}},"89":{"start":{"line":199,"column":14},"end":{"line":199,"column":34}},"90":{"start":{"line":201,"column":12},"end":{"line":201,"column":40}},"91":{"start":{"line":204,"column":8},"end":{"line":204,"column":67}},"92":{"start":{"line":206,"column":8},"end":{"line":210,"column":10}},"93":{"start":{"line":214,"column":0},"end":{"line":219,"column":1}},"94":{"start":{"line":215,"column":4},"end":{"line":218,"column":6}},"95":{"start":{"line":221,"column":0},"end":{"line":275,"column":1}},"96":{"start":{"line":222,"column":4},"end":{"line":222,"column":30}},"97":{"start":{"line":224,"column":4},"end":{"line":226,"column":5}},"98":{"start":{"line":225,"column":8},"end":{"line":225,"column":49}},"99":{"start":{"line":228,"column":4},"end":{"line":228,"column":59}},"100":{"start":{"line":229,"column":4},"end":{"line":232,"column":6}},"101":{"start":{"line":234,"column":4},"end":{"line":241,"column":6}},"102":{"start":{"line":237,"column":12},"end":{"line":237,"column":48}},"103":{"start":{"line":239,"column":12},"end":{"line":239,"column":38}},"104":{"start":{"line":243,"column":4},"end":{"line":246,"column":6}},"105":{"start":{"line":248,"column":4},"end":{"line":265,"column":6}},"106":{"start":{"line":251,"column":12},"end":{"line":253,"column":13}},"107":{"start":{"line":252,"column":16},"end":{"line":252,"column":23}},"108":{"start":{"line":255,"column":12},"end":{"line":255,"column":78}},"109":{"start":{"line":256,"column":12},"end":{"line":256,"column":21}},"110":{"start":{"line":258,"column":12},"end":{"line":262,"column":13}},"111":{"start":{"line":259,"column":16},"end":{"line":259,"column":58}},"112":{"start":{"line":261,"column":16},"end":{"line":261,"column":36}},"113":{"start":{"line":263,"column":12},"end":{"line":263,"column":43}},"114":{"start":{"line":267,"column":4},"end":{"line":270,"column":6}},"115":{"start":{"line":272,"column":4},"end":{"line":274,"column":5}},"116":{"start":{"line":273,"column":8},"end":{"line":273,"column":15}},"117":{"start":{"line":277,"column":0},"end":{"line":361,"column":1}},"118":{"start":{"line":279,"column":4},"end":{"line":279,"column":22}},"119":{"start":{"line":281,"column":4},"end":{"line":284,"column":6}},"120":{"start":{"line":286,"column":4},"end":{"line":306,"column":5}},"121":{"start":{"line":287,"column":8},"end":{"line":287,"column":56}},"122":{"start":{"line":288,"column":8},"end":{"line":294,"column":9}},"123":{"start":{"line":289,"column":12},"end":{"line":291,"column":14}},"124":{"start":{"line":293,"column":12},"end":{"line":293,"column":40}},"125":{"start":{"line":296,"column":8},"end":{"line":298,"column":10}},"126":{"start":{"line":299,"column":8},"end":{"line":299,"column":46}},"127":{"start":{"line":300,"column":8},"end":{"line":305,"column":10}},"128":{"start":{"line":303,"column":16},"end":{"line":303,"column":54}},"129":{"start":{"line":308,"column":4},"end":{"line":318,"column":6}},"130":{"start":{"line":311,"column":12},"end":{"line":311,"column":43}},"131":{"start":{"line":312,"column":12},"end":{"line":312,"column":31}},"132":{"start":{"line":313,"column":12},"end":{"line":316,"column":14}},"133":{"start":{"line":320,"column":4},"end":{"line":320,"column":58}},"134":{"start":{"line":322,"column":4},"end":{"line":336,"column":5}},"135":{"start":{"line":323,"column":8},"end":{"line":323,"column":65}},"136":{"start":{"line":324,"column":8},"end":{"line":328,"column":9}},"137":{"start":{"line":325,"column":12},"end":{"line":325,"column":53}},"138":{"start":{"line":326,"column":12},"end":{"line":326,"column":54}},"139":{"start":{"line":327,"column":12},"end":{"line":327,"column":51}},"140":{"start":{"line":330,"column":8},"end":{"line":333,"column":10}},"141":{"start":{"line":335,"column":8},"end":{"line":335,"column":15}},"142":{"start":{"line":338,"column":4},"end":{"line":346,"column":5}},"143":{"start":{"line":339,"column":8},"end":{"line":339,"column":70}},"144":{"start":{"line":340,"column":8},"end":{"line":344,"column":10}},"145":{"start":{"line":345,"column":8},"end":{"line":345,"column":15}},"146":{"start":{"line":348,"column":4},"end":{"line":348,"column":64}},"147":{"start":{"line":350,"column":4},"end":{"line":353,"column":6}},"148":{"start":{"line":355,"column":4},"end":{"line":360,"column":6}},"149":{"start":{"line":363,"column":0},"end":{"line":393,"column":1}},"150":{"start":{"line":364,"column":4},"end":{"line":364,"column":52}},"151":{"start":{"line":365,"column":4},"end":{"line":369,"column":5}},"152":{"start":{"line":366,"column":8},"end":{"line":366,"column":69}},"153":{"start":{"line":368,"column":8},"end":{"line":368,"column":103}},"154":{"start":{"line":370,"column":4},"end":{"line":374,"column":5}},"155":{"start":{"line":371,"column":8},"end":{"line":371,"column":69}},"156":{"start":{"line":373,"column":8},"end":{"line":373,"column":96}},"157":{"start":{"line":375,"column":4},"end":{"line":377,"column":5}},"158":{"start":{"line":376,"column":8},"end":{"line":376,"column":73}},"159":{"start":{"line":378,"column":4},"end":{"line":388,"column":5}},"160":{"start":{"line":379,"column":8},"end":{"line":381,"column":9}},"161":{"start":{"line":380,"column":12},"end":{"line":380,"column":84}},"162":{"start":{"line":382,"column":8},"end":{"line":382,"column":30}},"163":{"start":{"line":383,"column":8},"end":{"line":387,"column":9}},"164":{"start":{"line":384,"column":12},"end":{"line":386,"column":14}},"165":{"start":{"line":389,"column":4},"end":{"line":392,"column":6}},"166":{"start":{"line":395,"column":0},"end":{"line":415,"column":1}},"167":{"start":{"line":396,"column":4},"end":{"line":396,"column":55}},"168":{"start":{"line":397,"column":4},"end":{"line":414,"column":6}},"169":{"start":{"line":404,"column":12},"end":{"line":412,"column":13}},"170":{"start":{"line":405,"column":16},"end":{"line":405,"column":61}},"171":{"start":{"line":406,"column":16},"end":{"line":411,"column":18}},"172":{"start":{"line":409,"column":24},"end":{"line":409,"column":50}},"173":{"start":{"line":417,"column":0},"end":{"line":417,"column":22}}},"branchMap":{"1":{"line":11,"type":"if","locations":[{"start":{"line":11,"column":0},"end":{"line":11,"column":0}},{"start":{"line":11,"column":0},"end":{"line":11,"column":0}}]},"2":{"line":53,"type":"if","locations":[{"start":{"line":53,"column":8},"end":{"line":53,"column":8}},{"start":{"line":53,"column":8},"end":{"line":53,"column":8}}]},"3":{"line":66,"type":"if","locations":[{"start":{"line":66,"column":4},"end":{"line":66,"column":4}},{"start":{"line":66,"column":4},"end":{"line":66,"column":4}}]},"4":{"line":77,"type":"if","locations":[{"start":{"line":77,"column":6},"end":{"line":77,"column":6}},{"start":{"line":77,"column":6},"end":{"line":77,"column":6}}]},"5":{"line":84,"type":"if","locations":[{"start":{"line":84,"column":6},"end":{"line":84,"column":6}},{"start":{"line":84,"column":6},"end":{"line":84,"column":6}}]},"6":{"line":84,"type":"binary-expr","locations":[{"start":{"line":84,"column":9},"end":{"line":84,"column":18}},{"start":{"line":84,"column":22},"end":{"line":84,"column":31}}]},"7":{"line":86,"type":"if","locations":[{"start":{"line":86,"column":10},"end":{"line":86,"column":10}},{"start":{"line":86,"column":10},"end":{"line":86,"column":10}}]},"8":{"line":86,"type":"binary-expr","locations":[{"start":{"line":86,"column":13},"end":{"line":86,"column":28}},{"start":{"line":86,"column":32},"end":{"line":86,"column":44}}]},"9":{"line":104,"type":"cond-expr","locations":[{"start":{"line":104,"column":100},"end":{"line":104,"column":109}},{"start":{"line":104,"column":110},"end":{"line":104,"column":112}}]},"10":{"line":109,"type":"if","locations":[{"start":{"line":109,"column":4},"end":{"line":109,"column":4}},{"start":{"line":109,"column":4},"end":{"line":109,"column":4}}]},"11":{"line":115,"type":"if","locations":[{"start":{"line":115,"column":4},"end":{"line":115,"column":4}},{"start":{"line":115,"column":4},"end":{"line":115,"column":4}}]},"12":{"line":115,"type":"binary-expr","locations":[{"start":{"line":115,"column":7},"end":{"line":115,"column":16}},{"start":{"line":115,"column":20},"end":{"line":115,"column":29}}]},"13":{"line":131,"type":"if","locations":[{"start":{"line":131,"column":8},"end":{"line":131,"column":8}},{"start":{"line":131,"column":8},"end":{"line":131,"column":8}}]},"14":{"line":132,"type":"if","locations":[{"start":{"line":132,"column":12},"end":{"line":132,"column":12}},{"start":{"line":132,"column":12},"end":{"line":132,"column":12}}]},"15":{"line":137,"type":"if","locations":[{"start":{"line":137,"column":8},"end":{"line":137,"column":8}},{"start":{"line":137,"column":8},"end":{"line":137,"column":8}}]},"16":{"line":139,"type":"if","locations":[{"start":{"line":139,"column":12},"end":{"line":139,"column":12}},{"start":{"line":139,"column":12},"end":{"line":139,"column":12}}]},"17":{"line":142,"type":"if","locations":[{"start":{"line":142,"column":14},"end":{"line":142,"column":14}},{"start":{"line":142,"column":14},"end":{"line":142,"column":14}}]},"18":{"line":144,"type":"if","locations":[{"start":{"line":144,"column":16},"end":{"line":144,"column":16}},{"start":{"line":144,"column":16},"end":{"line":144,"column":16}}]},"19":{"line":153,"type":"if","locations":[{"start":{"line":153,"column":8},"end":{"line":153,"column":8}},{"start":{"line":153,"column":8},"end":{"line":153,"column":8}}]},"20":{"line":153,"type":"binary-expr","locations":[{"start":{"line":153,"column":11},"end":{"line":153,"column":17}},{"start":{"line":153,"column":21},"end":{"line":153,"column":35}}]},"21":{"line":166,"type":"cond-expr","locations":[{"start":{"line":166,"column":40},"end":{"line":166,"column":49}},{"start":{"line":166,"column":52},"end":{"line":166,"column":58}}]},"22":{"line":166,"type":"binary-expr","locations":[{"start":{"line":166,"column":15},"end":{"line":166,"column":24}},{"start":{"line":166,"column":28},"end":{"line":166,"column":37}}]},"23":{"line":167,"type":"if","locations":[{"start":{"line":167,"column":4},"end":{"line":167,"column":4}},{"start":{"line":167,"column":4},"end":{"line":167,"column":4}}]},"24":{"line":177,"type":"if","locations":[{"start":{"line":177,"column":4},"end":{"line":177,"column":4}},{"start":{"line":177,"column":4},"end":{"line":177,"column":4}}]},"25":{"line":183,"type":"if","locations":[{"start":{"line":183,"column":4},"end":{"line":183,"column":4}},{"start":{"line":183,"column":4},"end":{"line":183,"column":4}}]},"26":{"line":183,"type":"binary-expr","locations":[{"start":{"line":183,"column":7},"end":{"line":183,"column":44}},{"start":{"line":183,"column":48},"end":{"line":183,"column":89}}]},"27":{"line":196,"type":"if","locations":[{"start":{"line":196,"column":8},"end":{"line":196,"column":8}},{"start":{"line":196,"column":8},"end":{"line":196,"column":8}}]},"28":{"line":196,"type":"binary-expr","locations":[{"start":{"line":196,"column":12},"end":{"line":196,"column":20}},{"start":{"line":196,"column":24},"end":{"line":196,"column":36}},{"start":{"line":196,"column":40},"end":{"line":196,"column":55}}]},"29":{"line":198,"type":"if","locations":[{"start":{"line":198,"column":12},"end":{"line":198,"column":12}},{"start":{"line":198,"column":12},"end":{"line":198,"column":12}}]},"30":{"line":224,"type":"if","locations":[{"start":{"line":224,"column":4},"end":{"line":224,"column":4}},{"start":{"line":224,"column":4},"end":{"line":224,"column":4}}]},"31":{"line":251,"type":"if","locations":[{"start":{"line":251,"column":12},"end":{"line":251,"column":12}},{"start":{"line":251,"column":12},"end":{"line":251,"column":12}}]},"32":{"line":258,"type":"if","locations":[{"start":{"line":258,"column":12},"end":{"line":258,"column":12}},{"start":{"line":258,"column":12},"end":{"line":258,"column":12}}]},"33":{"line":272,"type":"if","locations":[{"start":{"line":272,"column":4},"end":{"line":272,"column":4}},{"start":{"line":272,"column":4},"end":{"line":272,"column":4}}]},"34":{"line":283,"type":"cond-expr","locations":[{"start":{"line":283,"column":21},"end":{"line":283,"column":36}},{"start":{"line":283,"column":37},"end":{"line":283,"column":39}}]},"35":{"line":286,"type":"if","locations":[{"start":{"line":286,"column":4},"end":{"line":286,"column":4}},{"start":{"line":286,"column":4},"end":{"line":286,"column":4}}]},"36":{"line":286,"type":"binary-expr","locations":[{"start":{"line":286,"column":7},"end":{"line":286,"column":17}},{"start":{"line":286,"column":21},"end":{"line":286,"column":31}}]},"37":{"line":288,"type":"if","locations":[{"start":{"line":288,"column":8},"end":{"line":288,"column":8}},{"start":{"line":288,"column":8},"end":{"line":288,"column":8}}]},"38":{"line":297,"type":"cond-expr","locations":[{"start":{"line":297,"column":26},"end":{"line":297,"column":32}},{"start":{"line":297,"column":33},"end":{"line":297,"column":39}}]},"39":{"line":322,"type":"if","locations":[{"start":{"line":322,"column":4},"end":{"line":322,"column":4}},{"start":{"line":322,"column":4},"end":{"line":322,"column":4}}]},"40":{"line":324,"type":"if","locations":[{"start":{"line":324,"column":8},"end":{"line":324,"column":8}},{"start":{"line":324,"column":8},"end":{"line":324,"column":8}}]},"41":{"line":338,"type":"if","locations":[{"start":{"line":338,"column":4},"end":{"line":338,"column":4}},{"start":{"line":338,"column":4},"end":{"line":338,"column":4}}]},"42":{"line":338,"type":"binary-expr","locations":[{"start":{"line":338,"column":7},"end":{"line":338,"column":17}},{"start":{"line":338,"column":21},"end":{"line":338,"column":31}}]},"43":{"line":339,"type":"cond-expr","locations":[{"start":{"line":339,"column":56},"end":{"line":339,"column":61}},{"start":{"line":339,"column":62},"end":{"line":339,"column":67}}]},"44":{"line":348,"type":"cond-expr","locations":[{"start":{"line":348,"column":48},"end":{"line":348,"column":54}},{"start":{"line":348,"column":55},"end":{"line":348,"column":61}}]},"45":{"line":365,"type":"if","locations":[{"start":{"line":365,"column":4},"end":{"line":365,"column":4}},{"start":{"line":365,"column":4},"end":{"line":365,"column":4}}]},"46":{"line":370,"type":"if","locations":[{"start":{"line":370,"column":4},"end":{"line":370,"column":4}},{"start":{"line":370,"column":4},"end":{"line":370,"column":4}}]},"47":{"line":375,"type":"if","locations":[{"start":{"line":375,"column":4},"end":{"line":375,"column":4}},{"start":{"line":375,"column":4},"end":{"line":375,"column":4}}]},"48":{"line":378,"type":"if","locations":[{"start":{"line":378,"column":4},"end":{"line":378,"column":4}},{"start":{"line":378,"column":4},"end":{"line":378,"column":4}}]},"49":{"line":379,"type":"if","locations":[{"start":{"line":379,"column":8},"end":{"line":379,"column":8}},{"start":{"line":379,"column":8},"end":{"line":379,"column":8}}]},"50":{"line":404,"type":"if","locations":[{"start":{"line":404,"column":12},"end":{"line":404,"column":12}},{"start":{"line":404,"column":12},"end":{"line":404,"column":12}}]}}}}