{"/home/ssmp/git/node-ipc/node-ipc.js":{"path":"/home/ssmp/git/node-ipc/node-ipc.js","s":{"1":1,"2":1,"3":1,"4":1},"b":{},"f":{"1":1},"fnMap":{"1":{"name":"(anonymous_1)","line":6,"loc":{"start":{"line":6,"column":15},"end":{"line":6,"column":17}}}},"statementMap":{"1":{"start":{"line":3,"column":0},"end":{"line":3,"column":41}},"2":{"start":{"line":7,"column":8},"end":{"line":7,"column":16}},"3":{"start":{"line":9,"column":8},"end":{"line":17,"column":9}},"4":{"start":{"line":21,"column":0},"end":{"line":21,"column":29}}},"branchMap":{}},"/home/ssmp/git/node-ipc/services/IPC.js":{"path":"/home/ssmp/git/node-ipc/services/IPC.js","s":{"1":1,"2":1,"3":1,"4":116,"5":0,"6":116,"7":116,"8":376,"9":348,"10":28,"11":116,"12":1,"13":7,"14":0,"15":7,"16":7,"17":7,"18":7,"19":7,"20":7,"21":1,"22":1,"23":0,"24":0,"25":1,"26":0,"27":0,"28":1,"29":0,"30":1,"31":1,"32":1,"33":1,"34":3,"35":1,"36":1,"37":1,"38":1,"39":3,"40":1,"41":1,"42":1,"43":1,"44":3,"45":2,"46":2,"47":3,"48":0,"49":0,"50":0,"51":0,"52":3,"53":0,"54":0,"55":0,"56":3,"57":0,"58":0,"59":0,"60":3,"61":1,"62":1,"63":3,"64":0,"65":0,"66":3,"67":0,"68":3,"69":3,"70":2,"71":2,"72":0,"73":3,"74":1,"75":4,"76":2,"77":2,"78":4,"79":0,"80":4,"81":0,"82":0,"83":4,"84":2,"85":2,"86":4,"87":0,"88":0,"89":0,"90":0,"91":0,"92":4,"93":4,"94":4,"95":4,"96":4,"97":1,"98":3,"99":0,"100":0,"101":3,"102":3,"103":3,"104":3,"105":3,"106":0,"107":0,"108":0,"109":3,"110":3,"111":3,"112":3,"113":0,"114":0,"115":3,"116":0,"117":0,"118":3,"119":0,"120":0,"121":3,"122":0,"123":3,"124":0,"125":0,"126":0,"127":0,"128":0,"129":3,"130":3,"131":3,"132":3,"133":3,"134":3,"135":1},"b":{"1":[0,116],"2":[348,28],"3":[0,7],"4":[7,0],"5":[7,0],"6":[0,1],"7":[0,1],"8":[0,1],"9":[1,2],"10":[1,2],"11":[2,1],"12":[0,3],"13":[3,3],"14":[0,3],"15":[0,3],"16":[1,2],"17":[0,3],"18":[0,3],"19":[2,1],"20":[0,2],"21":[2,1],"22":[2,2],"23":[0,4],"24":[0,4],"25":[2,2],"26":[0,4],"27":[0,0],"28":[0,3],"29":[3,0],"30":[0,3],"31":[3,0],"32":[0,3],"33":[0,3],"34":[0,3],"35":[0,3],"36":[0,3],"37":[0,0]},"f":{"1":1,"2":116,"3":7,"4":1,"5":0,"6":3,"7":4,"8":3},"fnMap":{"1":{"name":"(anonymous_1)","line":9,"loc":{"start":{"line":9,"column":15},"end":{"line":9,"column":17}}},"2":{"name":"log","line":64,"loc":{"start":{"line":64,"column":0},"end":{"line":64,"column":14}}},"3":{"name":"disconnect","line":90,"loc":{"start":{"line":90,"column":0},"end":{"line":90,"column":23}}},"4":{"name":"serve","line":107,"loc":{"start":{"line":107,"column":0},"end":{"line":107,"column":29}}},"5":{"name":"emptyCallback","line":137,"loc":{"start":{"line":137,"column":0},"end":{"line":137,"column":24}}},"6":{"name":"serveNet","line":141,"loc":{"start":{"line":141,"column":0},"end":{"line":141,"column":45}}},"7":{"name":"connect","line":218,"loc":{"start":{"line":218,"column":0},"end":{"line":218,"column":34}}},"8":{"name":"connectNet","line":267,"loc":{"start":{"line":267,"column":0},"end":{"line":267,"column":42}}}},"statementMap":{"1":{"start":{"line":3,"column":0},"end":{"line":6,"column":27}},"2":{"start":{"line":10,"column":8},"end":{"line":60,"column":10}},"3":{"start":{"line":64,"column":0},"end":{"line":88,"column":1}},"4":{"start":{"line":65,"column":4},"end":{"line":67,"column":5}},"5":{"start":{"line":66,"column":8},"end":{"line":66,"column":15}},"6":{"start":{"line":69,"column":4},"end":{"line":69,"column":53}},"7":{"start":{"line":71,"column":4},"end":{"line":83,"column":5}},"8":{"start":{"line":72,"column":8},"end":{"line":74,"column":9}},"9":{"start":{"line":73,"column":12},"end":{"line":73,"column":21}},"10":{"start":{"line":76,"column":8},"end":{"line":82,"column":10}},"11":{"start":{"line":85,"column":4},"end":{"line":87,"column":6}},"12":{"start":{"line":90,"column":0},"end":{"line":105,"column":1}},"13":{"start":{"line":91,"column":4},"end":{"line":93,"column":5}},"14":{"start":{"line":92,"column":8},"end":{"line":92,"column":15}},"15":{"start":{"line":95,"column":4},"end":{"line":95,"column":44}},"16":{"start":{"line":97,"column":4},"end":{"line":97,"column":29}},"17":{"start":{"line":98,"column":4},"end":{"line":102,"column":5}},"18":{"start":{"line":99,"column":8},"end":{"line":101,"column":9}},"19":{"start":{"line":100,"column":12},"end":{"line":100,"column":41}},"20":{"start":{"line":104,"column":4},"end":{"line":104,"column":23}},"21":{"start":{"line":107,"column":0},"end":{"line":135,"column":1}},"22":{"start":{"line":108,"column":4},"end":{"line":111,"column":5}},"23":{"start":{"line":109,"column":8},"end":{"line":109,"column":22}},"24":{"start":{"line":110,"column":8},"end":{"line":110,"column":19}},"25":{"start":{"line":112,"column":4},"end":{"line":119,"column":5}},"26":{"start":{"line":113,"column":8},"end":{"line":117,"column":10}},"27":{"start":{"line":118,"column":8},"end":{"line":118,"column":72}},"28":{"start":{"line":121,"column":4},"end":{"line":123,"column":5}},"29":{"start":{"line":122,"column":8},"end":{"line":122,"column":31}},"30":{"start":{"line":125,"column":4},"end":{"line":129,"column":6}},"31":{"start":{"line":131,"column":4},"end":{"line":134,"column":6}},"32":{"start":{"line":137,"column":0},"end":{"line":139,"column":1}},"33":{"start":{"line":141,"column":0},"end":{"line":216,"column":1}},"34":{"start":{"line":142,"column":4},"end":{"line":147,"column":5}},"35":{"start":{"line":143,"column":8},"end":{"line":143,"column":25}},"36":{"start":{"line":144,"column":8},"end":{"line":144,"column":21}},"37":{"start":{"line":145,"column":8},"end":{"line":145,"column":18}},"38":{"start":{"line":146,"column":8},"end":{"line":146,"column":19}},"39":{"start":{"line":148,"column":4},"end":{"line":153,"column":5}},"40":{"start":{"line":149,"column":8},"end":{"line":149,"column":22}},"41":{"start":{"line":150,"column":8},"end":{"line":150,"column":22}},"42":{"start":{"line":151,"column":8},"end":{"line":151,"column":19}},"43":{"start":{"line":152,"column":8},"end":{"line":152,"column":19}},"44":{"start":{"line":154,"column":4},"end":{"line":161,"column":5}},"45":{"start":{"line":155,"column":8},"end":{"line":159,"column":10}},"46":{"start":{"line":160,"column":8},"end":{"line":160,"column":37}},"47":{"start":{"line":162,"column":4},"end":{"line":167,"column":5}},"48":{"start":{"line":163,"column":8},"end":{"line":163,"column":22}},"49":{"start":{"line":164,"column":8},"end":{"line":164,"column":35}},"50":{"start":{"line":165,"column":8},"end":{"line":165,"column":19}},"51":{"start":{"line":166,"column":8},"end":{"line":166,"column":37}},"52":{"start":{"line":169,"column":4},"end":{"line":173,"column":5}},"53":{"start":{"line":170,"column":8},"end":{"line":170,"column":25}},"54":{"start":{"line":171,"column":8},"end":{"line":171,"column":21}},"55":{"start":{"line":172,"column":8},"end":{"line":172,"column":19}},"56":{"start":{"line":174,"column":4},"end":{"line":178,"column":5}},"57":{"start":{"line":175,"column":8},"end":{"line":175,"column":22}},"58":{"start":{"line":176,"column":8},"end":{"line":176,"column":22}},"59":{"start":{"line":177,"column":8},"end":{"line":177,"column":19}},"60":{"start":{"line":179,"column":4},"end":{"line":186,"column":5}},"61":{"start":{"line":180,"column":8},"end":{"line":184,"column":10}},"62":{"start":{"line":185,"column":8},"end":{"line":185,"column":37}},"63":{"start":{"line":188,"column":4},"end":{"line":191,"column":5}},"64":{"start":{"line":189,"column":8},"end":{"line":189,"column":25}},"65":{"start":{"line":190,"column":8},"end":{"line":190,"column":22}},"66":{"start":{"line":193,"column":4},"end":{"line":195,"column":5}},"67":{"start":{"line":194,"column":8},"end":{"line":194,"column":31}},"68":{"start":{"line":197,"column":4},"end":{"line":202,"column":6}},"69":{"start":{"line":204,"column":4},"end":{"line":210,"column":5}},"70":{"start":{"line":205,"column":8},"end":{"line":205,"column":34}},"71":{"start":{"line":206,"column":8},"end":{"line":209,"column":9}},"72":{"start":{"line":208,"column":12},"end":{"line":208,"column":43}},"73":{"start":{"line":212,"column":4},"end":{"line":215,"column":6}},"74":{"start":{"line":218,"column":0},"end":{"line":265,"column":1}},"75":{"start":{"line":219,"column":4},"end":{"line":222,"column":5}},"76":{"start":{"line":220,"column":8},"end":{"line":220,"column":22}},"77":{"start":{"line":221,"column":8},"end":{"line":221,"column":19}},"78":{"start":{"line":224,"column":4},"end":{"line":226,"column":5}},"79":{"start":{"line":225,"column":8},"end":{"line":225,"column":31}},"80":{"start":{"line":228,"column":4},"end":{"line":234,"column":5}},"81":{"start":{"line":229,"column":8},"end":{"line":232,"column":10}},"82":{"start":{"line":233,"column":8},"end":{"line":233,"column":15}},"83":{"start":{"line":236,"column":4},"end":{"line":243,"column":5}},"84":{"start":{"line":237,"column":8},"end":{"line":241,"column":10}},"85":{"start":{"line":242,"column":8},"end":{"line":242,"column":60}},"86":{"start":{"line":245,"column":4},"end":{"line":256,"column":5}},"87":{"start":{"line":246,"column":8},"end":{"line":254,"column":9}},"88":{"start":{"line":247,"column":12},"end":{"line":251,"column":14}},"89":{"start":{"line":252,"column":12},"end":{"line":252,"column":23}},"90":{"start":{"line":253,"column":12},"end":{"line":253,"column":19}},"91":{"start":{"line":255,"column":8},"end":{"line":255,"column":37}},"92":{"start":{"line":258,"column":4},"end":{"line":258,"column":51}},"93":{"start":{"line":259,"column":4},"end":{"line":259,"column":24}},"94":{"start":{"line":260,"column":4},"end":{"line":260,"column":28}},"95":{"start":{"line":262,"column":4},"end":{"line":262,"column":26}},"96":{"start":{"line":264,"column":4},"end":{"line":264,"column":19}},"97":{"start":{"line":267,"column":0},"end":{"line":336,"column":1}},"98":{"start":{"line":268,"column":4},"end":{"line":274,"column":5}},"99":{"start":{"line":269,"column":8},"end":{"line":272,"column":10}},"100":{"start":{"line":273,"column":8},"end":{"line":273,"column":15}},"101":{"start":{"line":275,"column":4},"end":{"line":279,"column":5}},"102":{"start":{"line":276,"column":8},"end":{"line":276,"column":22}},"103":{"start":{"line":277,"column":8},"end":{"line":277,"column":18}},"104":{"start":{"line":278,"column":8},"end":{"line":278,"column":19}},"105":{"start":{"line":280,"column":4},"end":{"line":284,"column":5}},"106":{"start":{"line":281,"column":8},"end":{"line":281,"column":22}},"107":{"start":{"line":282,"column":8},"end":{"line":282,"column":19}},"108":{"start":{"line":283,"column":8},"end":{"line":283,"column":19}},"109":{"start":{"line":285,"column":4},"end":{"line":292,"column":5}},"110":{"start":{"line":286,"column":8},"end":{"line":290,"column":10}},"111":{"start":{"line":291,"column":8},"end":{"line":291,"column":37}},"112":{"start":{"line":294,"column":4},"end":{"line":297,"column":5}},"113":{"start":{"line":295,"column":8},"end":{"line":295,"column":22}},"114":{"start":{"line":296,"column":8},"end":{"line":296,"column":19}},"115":{"start":{"line":298,"column":4},"end":{"line":305,"column":5}},"116":{"start":{"line":299,"column":8},"end":{"line":303,"column":10}},"117":{"start":{"line":304,"column":8},"end":{"line":304,"column":37}},"118":{"start":{"line":307,"column":4},"end":{"line":310,"column":5}},"119":{"start":{"line":308,"column":8},"end":{"line":308,"column":25}},"120":{"start":{"line":309,"column":8},"end":{"line":309,"column":23}},"121":{"start":{"line":311,"column":4},"end":{"line":313,"column":5}},"122":{"start":{"line":312,"column":8},"end":{"line":312,"column":31}},"123":{"start":{"line":315,"column":4},"end":{"line":326,"column":5}},"124":{"start":{"line":316,"column":8},"end":{"line":324,"column":9}},"125":{"start":{"line":317,"column":12},"end":{"line":321,"column":14}},"126":{"start":{"line":322,"column":12},"end":{"line":322,"column":23}},"127":{"start":{"line":323,"column":12},"end":{"line":323,"column":19}},"128":{"start":{"line":325,"column":8},"end":{"line":325,"column":37}},"129":{"start":{"line":328,"column":4},"end":{"line":328,"column":51}},"130":{"start":{"line":329,"column":4},"end":{"line":329,"column":24}},"131":{"start":{"line":330,"column":4},"end":{"line":330,"column":28}},"132":{"start":{"line":331,"column":4},"end":{"line":331,"column":28}},"133":{"start":{"line":333,"column":4},"end":{"line":333,"column":26}},"134":{"start":{"line":335,"column":4},"end":{"line":335,"column":19}},"135":{"start":{"line":338,"column":0},"end":{"line":338,"column":19}}},"branchMap":{"1":{"line":65,"type":"if","locations":[{"start":{"line":65,"column":4},"end":{"line":65,"column":4}},{"start":{"line":65,"column":4},"end":{"line":65,"column":4}}]},"2":{"line":72,"type":"if","locations":[{"start":{"line":72,"column":8},"end":{"line":72,"column":8}},{"start":{"line":72,"column":8},"end":{"line":72,"column":8}}]},"3":{"line":91,"type":"if","locations":[{"start":{"line":91,"column":4},"end":{"line":91,"column":4}},{"start":{"line":91,"column":4},"end":{"line":91,"column":4}}]},"4":{"line":98,"type":"if","locations":[{"start":{"line":98,"column":4},"end":{"line":98,"column":4}},{"start":{"line":98,"column":4},"end":{"line":98,"column":4}}]},"5":{"line":99,"type":"if","locations":[{"start":{"line":99,"column":8},"end":{"line":99,"column":8}},{"start":{"line":99,"column":8},"end":{"line":99,"column":8}}]},"6":{"line":108,"type":"if","locations":[{"start":{"line":108,"column":4},"end":{"line":108,"column":4}},{"start":{"line":108,"column":4},"end":{"line":108,"column":4}}]},"7":{"line":112,"type":"if","locations":[{"start":{"line":112,"column":4},"end":{"line":112,"column":4}},{"start":{"line":112,"column":4},"end":{"line":112,"column":4}}]},"8":{"line":121,"type":"if","locations":[{"start":{"line":121,"column":4},"end":{"line":121,"column":4}},{"start":{"line":121,"column":4},"end":{"line":121,"column":4}}]},"9":{"line":142,"type":"if","locations":[{"start":{"line":142,"column":4},"end":{"line":142,"column":4}},{"start":{"line":142,"column":4},"end":{"line":142,"column":4}}]},"10":{"line":148,"type":"if","locations":[{"start":{"line":148,"column":4},"end":{"line":148,"column":4}},{"start":{"line":148,"column":4},"end":{"line":148,"column":4}}]},"11":{"line":154,"type":"if","locations":[{"start":{"line":154,"column":4},"end":{"line":154,"column":4}},{"start":{"line":154,"column":4},"end":{"line":154,"column":4}}]},"12":{"line":162,"type":"if","locations":[{"start":{"line":162,"column":4},"end":{"line":162,"column":4}},{"start":{"line":162,"column":4},"end":{"line":162,"column":4}}]},"13":{"line":162,"type":"binary-expr","locations":[{"start":{"line":162,"column":7},"end":{"line":162,"column":33}},{"start":{"line":162,"column":37},"end":{"line":162,"column":63}}]},"14":{"line":169,"type":"if","locations":[{"start":{"line":169,"column":4},"end":{"line":169,"column":4}},{"start":{"line":169,"column":4},"end":{"line":169,"column":4}}]},"15":{"line":174,"type":"if","locations":[{"start":{"line":174,"column":4},"end":{"line":174,"column":4}},{"start":{"line":174,"column":4},"end":{"line":174,"column":4}}]},"16":{"line":179,"type":"if","locations":[{"start":{"line":179,"column":4},"end":{"line":179,"column":4}},{"start":{"line":179,"column":4},"end":{"line":179,"column":4}}]},"17":{"line":188,"type":"if","locations":[{"start":{"line":188,"column":4},"end":{"line":188,"column":4}},{"start":{"line":188,"column":4},"end":{"line":188,"column":4}}]},"18":{"line":193,"type":"if","locations":[{"start":{"line":193,"column":4},"end":{"line":193,"column":4}},{"start":{"line":193,"column":4},"end":{"line":193,"column":4}}]},"19":{"line":204,"type":"if","locations":[{"start":{"line":204,"column":4},"end":{"line":204,"column":4}},{"start":{"line":204,"column":4},"end":{"line":204,"column":4}}]},"20":{"line":206,"type":"if","locations":[{"start":{"line":206,"column":8},"end":{"line":206,"column":8}},{"start":{"line":206,"column":8},"end":{"line":206,"column":8}}]},"21":{"line":206,"type":"binary-expr","locations":[{"start":{"line":206,"column":11},"end":{"line":206,"column":29}},{"start":{"line":206,"column":33},"end":{"line":206,"column":47}}]},"22":{"line":219,"type":"if","locations":[{"start":{"line":219,"column":4},"end":{"line":219,"column":4}},{"start":{"line":219,"column":4},"end":{"line":219,"column":4}}]},"23":{"line":224,"type":"if","locations":[{"start":{"line":224,"column":4},"end":{"line":224,"column":4}},{"start":{"line":224,"column":4},"end":{"line":224,"column":4}}]},"24":{"line":228,"type":"if","locations":[{"start":{"line":228,"column":4},"end":{"line":228,"column":4}},{"start":{"line":228,"column":4},"end":{"line":228,"column":4}}]},"25":{"line":236,"type":"if","locations":[{"start":{"line":236,"column":4},"end":{"line":236,"column":4}},{"start":{"line":236,"column":4},"end":{"line":236,"column":4}}]},"26":{"line":245,"type":"if","locations":[{"start":{"line":245,"column":4},"end":{"line":245,"column":4}},{"start":{"line":245,"column":4},"end":{"line":245,"column":4}}]},"27":{"line":246,"type":"if","locations":[{"start":{"line":246,"column":8},"end":{"line":246,"column":8}},{"start":{"line":246,"column":8},"end":{"line":246,"column":8}}]},"28":{"line":268,"type":"if","locations":[{"start":{"line":268,"column":4},"end":{"line":268,"column":4}},{"start":{"line":268,"column":4},"end":{"line":268,"column":4}}]},"29":{"line":275,"type":"if","locations":[{"start":{"line":275,"column":4},"end":{"line":275,"column":4}},{"start":{"line":275,"column":4},"end":{"line":275,"column":4}}]},"30":{"line":280,"type":"if","locations":[{"start":{"line":280,"column":4},"end":{"line":280,"column":4}},{"start":{"line":280,"column":4},"end":{"line":280,"column":4}}]},"31":{"line":285,"type":"if","locations":[{"start":{"line":285,"column":4},"end":{"line":285,"column":4}},{"start":{"line":285,"column":4},"end":{"line":285,"column":4}}]},"32":{"line":294,"type":"if","locations":[{"start":{"line":294,"column":4},"end":{"line":294,"column":4}},{"start":{"line":294,"column":4},"end":{"line":294,"column":4}}]},"33":{"line":298,"type":"if","locations":[{"start":{"line":298,"column":4},"end":{"line":298,"column":4}},{"start":{"line":298,"column":4},"end":{"line":298,"column":4}}]},"34":{"line":307,"type":"if","locations":[{"start":{"line":307,"column":4},"end":{"line":307,"column":4}},{"start":{"line":307,"column":4},"end":{"line":307,"column":4}}]},"35":{"line":311,"type":"if","locations":[{"start":{"line":311,"column":4},"end":{"line":311,"column":4}},{"start":{"line":311,"column":4},"end":{"line":311,"column":4}}]},"36":{"line":315,"type":"if","locations":[{"start":{"line":315,"column":4},"end":{"line":315,"column":4}},{"start":{"line":315,"column":4},"end":{"line":315,"column":4}}]},"37":{"line":316,"type":"if","locations":[{"start":{"line":316,"column":8},"end":{"line":316,"column":8}},{"start":{"line":316,"column":8},"end":{"line":316,"column":8}}]}}},"/home/ssmp/git/node-ipc/entities/Defaults.js":{"path":"/home/ssmp/git/node-ipc/entities/Defaults.js","s":{"1":1,"2":1,"3":1,"4":1,"5":1,"6":1,"7":1,"8":0,"9":1,"10":1},"b":{"1":[0,1],"2":[0,1],"3":[1,1,0]},"f":{"1":1,"2":1},"fnMap":{"1":{"name":"(anonymous_1)","line":22,"loc":{"start":{"line":22,"column":15},"end":{"line":22,"column":17}}},"2":{"name":"getIPType","line":125,"loc":{"start":{"line":125,"column":0},"end":{"line":125,"column":21}}}},"statementMap":{"1":{"start":{"line":9,"column":0},"end":{"line":9,"column":25}},"2":{"start":{"line":24,"column":8},"end":{"line":113,"column":10}},"3":{"start":{"line":115,"column":8},"end":{"line":115,"column":73}},"4":{"start":{"line":125,"column":0},"end":{"line":137,"column":1}},"5":{"start":{"line":126,"column":4},"end":{"line":126,"column":53}},"6":{"start":{"line":127,"column":4},"end":{"line":127,"column":20}},"7":{"start":{"line":128,"column":4},"end":{"line":135,"column":5}},"8":{"start":{"line":132,"column":8},"end":{"line":134,"column":20}},"9":{"start":{"line":136,"column":4},"end":{"line":136,"column":18}},"10":{"start":{"line":139,"column":0},"end":{"line":139,"column":24}}},"branchMap":{"1":{"line":115,"type":"cond-expr","locations":[{"start":{"line":115,"column":53},"end":{"line":115,"column":58}},{"start":{"line":115,"column":61},"end":{"line":115,"column":72}}]},"2":{"line":128,"type":"if","locations":[{"start":{"line":128,"column":4},"end":{"line":128,"column":4}},{"start":{"line":128,"column":4},"end":{"line":128,"column":4}}]},"3":{"line":128,"type":"binary-expr","locations":[{"start":{"line":128,"column":8},"end":{"line":128,"column":25}},{"start":{"line":129,"column":11},"end":{"line":129,"column":43}},{"start":{"line":130,"column":11},"end":{"line":130,"column":39}}]}}},"/home/ssmp/git/node-ipc/dao/client.js":{"path":"/home/ssmp/git/node-ipc/dao/client.js","s":{"1":1,"2":7,"3":7,"4":1,"5":7,"6":7,"7":7,"8":7,"9":7,"10":0,"11":7,"12":7,"13":1,"14":1,"15":6,"16":1,"17":6,"18":6,"19":1,"20":13,"21":13,"22":13,"23":0,"24":0,"25":13,"26":7,"27":7,"28":7,"29":0,"30":0,"31":0,"32":7,"33":6,"34":6,"35":6,"36":0,"37":0,"38":0,"39":0,"40":0,"41":0,"42":0,"43":0,"44":0,"45":0,"46":0,"47":0,"48":0,"49":0,"50":13,"51":13,"52":10,"53":10,"54":13,"55":3,"56":3,"57":3,"58":13,"59":13,"60":13,"61":7,"62":7,"63":7,"64":7,"65":7,"66":7,"67":6,"68":6,"69":6,"70":6,"71":13,"72":7,"73":7,"74":0,"75":0,"76":0,"77":0,"78":0,"79":7,"80":7,"81":7,"82":7,"83":0,"84":0,"85":7,"86":7,"87":7,"88":7,"89":7,"90":7,"91":7,"92":7,"93":7,"94":0,"95":7,"96":1},"b":{"1":[7,0],"2":[0,7],"3":[1,6],"4":[0,13],"5":[7,6],"6":[0,7],"7":[7,0],"8":[6,0],"9":[0,0],"10":[0,0],"11":[0,0],"12":[0,0],"13":[7,6],"14":[13,8,6],"15":[0,7],"16":[0,0],"17":[7,0],"18":[0,7],"19":[7,7],"20":[0,7]},"f":{"1":7,"2":7,"3":6,"4":13,"5":10,"6":3,"7":13,"8":6,"9":7},"fnMap":{"1":{"name":"(anonymous_1)","line":12,"loc":{"start":{"line":12,"column":15},"end":{"line":12,"column":27}}},"2":{"name":"emit","line":31,"loc":{"start":{"line":31,"column":0},"end":{"line":31,"column":24}}},"3":{"name":"syncEmit","line":54,"loc":{"start":{"line":54,"column":0},"end":{"line":54,"column":26}}},"4":{"name":"connect","line":59,"loc":{"start":{"line":59,"column":0},"end":{"line":59,"column":18}}},"5":{"name":"(anonymous_5)","line":126,"loc":{"start":{"line":126,"column":8},"end":{"line":126,"column":21}}},"6":{"name":"connectionMade","line":135,"loc":{"start":{"line":135,"column":8},"end":{"line":135,"column":33}}},"7":{"name":"connectionClosed","line":144,"loc":{"start":{"line":144,"column":8},"end":{"line":144,"column":35}}},"8":{"name":"retryTimeout","line":170,"loc":{"start":{"line":170,"column":16},"end":{"line":170,"column":39}}},"9":{"name":"(anonymous_9)","line":183,"loc":{"start":{"line":183,"column":8},"end":{"line":183,"column":23}}}},"statementMap":{"1":{"start":{"line":3,"column":0},"end":{"line":9,"column":32}},"2":{"start":{"line":13,"column":8},"end":{"line":13,"column":16}},"3":{"start":{"line":14,"column":8},"end":{"line":27,"column":10}},"4":{"start":{"line":31,"column":0},"end":{"line":52,"column":1}},"5":{"start":{"line":32,"column":4},"end":{"line":32,"column":82}},"6":{"start":{"line":34,"column":4},"end":{"line":34,"column":28}},"7":{"start":{"line":35,"column":4},"end":{"line":35,"column":22}},"8":{"start":{"line":36,"column":4},"end":{"line":36,"column":22}},"9":{"start":{"line":38,"column":4},"end":{"line":42,"column":5}},"10":{"start":{"line":39,"column":8},"end":{"line":39,"column":54}},"11":{"start":{"line":41,"column":8},"end":{"line":41,"column":44}},"12":{"start":{"line":44,"column":4},"end":{"line":47,"column":5}},"13":{"start":{"line":45,"column":8},"end":{"line":45,"column":35}},"14":{"start":{"line":46,"column":8},"end":{"line":46,"column":15}},"15":{"start":{"line":49,"column":4},"end":{"line":51,"column":6}},"16":{"start":{"line":54,"column":0},"end":{"line":57,"column":1}},"17":{"start":{"line":55,"column":4},"end":{"line":55,"column":74}},"18":{"start":{"line":56,"column":4},"end":{"line":56,"column":31}},"19":{"start":{"line":59,"column":0},"end":{"line":231,"column":1}},"20":{"start":{"line":61,"column":4},"end":{"line":61,"column":20}},"21":{"start":{"line":63,"column":4},"end":{"line":63,"column":67}},"22":{"start":{"line":64,"column":4},"end":{"line":67,"column":5}},"23":{"start":{"line":65,"column":8},"end":{"line":65,"column":119}},"24":{"start":{"line":66,"column":8},"end":{"line":66,"column":15}},"25":{"start":{"line":69,"column":4},"end":{"line":120,"column":5}},"26":{"start":{"line":70,"column":8},"end":{"line":70,"column":70}},"27":{"start":{"line":72,"column":8},"end":{"line":72,"column":31}},"28":{"start":{"line":74,"column":8},"end":{"line":78,"column":9}},"29":{"start":{"line":75,"column":12},"end":{"line":75,"column":43}},"30":{"start":{"line":76,"column":12},"end":{"line":76,"column":44}},"31":{"start":{"line":77,"column":12},"end":{"line":77,"column":41}},"32":{"start":{"line":79,"column":8},"end":{"line":83,"column":10}},"33":{"start":{"line":85,"column":8},"end":{"line":119,"column":9}},"34":{"start":{"line":86,"column":12},"end":{"line":86,"column":81}},"35":{"start":{"line":87,"column":12},"end":{"line":92,"column":14}},"36":{"start":{"line":94,"column":12},"end":{"line":94,"column":99}},"37":{"start":{"line":95,"column":12},"end":{"line":97,"column":13}},"38":{"start":{"line":96,"column":16},"end":{"line":96,"column":81}},"39":{"start":{"line":98,"column":12},"end":{"line":100,"column":13}},"40":{"start":{"line":99,"column":16},"end":{"line":99,"column":81}},"41":{"start":{"line":101,"column":12},"end":{"line":111,"column":13}},"42":{"start":{"line":102,"column":16},"end":{"line":104,"column":17}},"43":{"start":{"line":103,"column":20},"end":{"line":103,"column":96}},"44":{"start":{"line":105,"column":16},"end":{"line":105,"column":40}},"45":{"start":{"line":106,"column":16},"end":{"line":110,"column":17}},"46":{"start":{"line":107,"column":20},"end":{"line":109,"column":22}},"47":{"start":{"line":113,"column":12},"end":{"line":113,"column":47}},"48":{"start":{"line":114,"column":12},"end":{"line":114,"column":47}},"49":{"start":{"line":116,"column":12},"end":{"line":118,"column":14}},"50":{"start":{"line":122,"column":4},"end":{"line":122,"column":52}},"51":{"start":{"line":124,"column":4},"end":{"line":131,"column":6}},"52":{"start":{"line":127,"column":12},"end":{"line":127,"column":51}},"53":{"start":{"line":128,"column":12},"end":{"line":128,"column":41}},"54":{"start":{"line":133,"column":4},"end":{"line":140,"column":6}},"55":{"start":{"line":136,"column":12},"end":{"line":136,"column":38}},"56":{"start":{"line":137,"column":12},"end":{"line":137,"column":61}},"57":{"start":{"line":138,"column":12},"end":{"line":138,"column":41}},"58":{"start":{"line":142,"column":4},"end":{"line":179,"column":6}},"59":{"start":{"line":145,"column":12},"end":{"line":147,"column":10}},"60":{"start":{"line":149,"column":12},"end":{"line":167,"column":13}},"61":{"start":{"line":155,"column":16},"end":{"line":155,"column":45}},"62":{"start":{"line":156,"column":16},"end":{"line":160,"column":18}},"63":{"start":{"line":162,"column":16},"end":{"line":162,"column":40}},"64":{"start":{"line":163,"column":16},"end":{"line":163,"column":42}},"65":{"start":{"line":164,"column":16},"end":{"line":164,"column":33}},"66":{"start":{"line":166,"column":16},"end":{"line":166,"column":23}},"67":{"start":{"line":169,"column":12},"end":{"line":175,"column":14}},"68":{"start":{"line":171,"column":20},"end":{"line":171,"column":46}},"69":{"start":{"line":172,"column":20},"end":{"line":172,"column":37}},"70":{"start":{"line":177,"column":12},"end":{"line":177,"column":41}},"71":{"start":{"line":181,"column":4},"end":{"line":230,"column":6}},"72":{"start":{"line":184,"column":12},"end":{"line":184,"column":48}},"73":{"start":{"line":185,"column":12},"end":{"line":196,"column":13}},"74":{"start":{"line":186,"column":16},"end":{"line":189,"column":18}},"75":{"start":{"line":190,"column":16},"end":{"line":192,"column":17}},"76":{"start":{"line":191,"column":20},"end":{"line":191,"column":27}},"77":{"start":{"line":194,"column":16},"end":{"line":194,"column":36}},"78":{"start":{"line":195,"column":16},"end":{"line":195,"column":23}},"79":{"start":{"line":198,"column":12},"end":{"line":200,"column":13}},"80":{"start":{"line":199,"column":16},"end":{"line":199,"column":34}},"81":{"start":{"line":202,"column":12},"end":{"line":202,"column":40}},"82":{"start":{"line":204,"column":12},"end":{"line":207,"column":13}},"83":{"start":{"line":205,"column":16},"end":{"line":205,"column":93}},"84":{"start":{"line":206,"column":16},"end":{"line":206,"column":23}},"85":{"start":{"line":209,"column":12},"end":{"line":209,"column":30}},"86":{"start":{"line":211,"column":12},"end":{"line":211,"column":51}},"87":{"start":{"line":212,"column":12},"end":{"line":212,"column":41}},"88":{"start":{"line":213,"column":12},"end":{"line":222,"column":13}},"89":{"start":{"line":214,"column":16},"end":{"line":214,"column":40}},"90":{"start":{"line":215,"column":16},"end":{"line":215,"column":40}},"91":{"start":{"line":217,"column":16},"end":{"line":217,"column":73}},"92":{"start":{"line":218,"column":16},"end":{"line":221,"column":18}},"93":{"start":{"line":224,"column":12},"end":{"line":226,"column":13}},"94":{"start":{"line":225,"column":16},"end":{"line":225,"column":23}},"95":{"start":{"line":228,"column":12},"end":{"line":228,"column":32}},"96":{"start":{"line":233,"column":0},"end":{"line":233,"column":22}}},"branchMap":{"1":{"line":24,"type":"binary-expr","locations":[{"start":{"line":24,"column":33},"end":{"line":24,"column":50}},{"start":{"line":24,"column":52},"end":{"line":24,"column":53}}]},"2":{"line":38,"type":"if","locations":[{"start":{"line":38,"column":4},"end":{"line":38,"column":4}},{"start":{"line":38,"column":4},"end":{"line":38,"column":4}}]},"3":{"line":44,"type":"if","locations":[{"start":{"line":44,"column":4},"end":{"line":44,"column":4}},{"start":{"line":44,"column":4},"end":{"line":44,"column":4}}]},"4":{"line":64,"type":"if","locations":[{"start":{"line":64,"column":4},"end":{"line":64,"column":4}},{"start":{"line":64,"column":4},"end":{"line":64,"column":4}}]},"5":{"line":69,"type":"if","locations":[{"start":{"line":69,"column":4},"end":{"line":69,"column":4}},{"start":{"line":69,"column":4},"end":{"line":69,"column":4}}]},"6":{"line":74,"type":"if","locations":[{"start":{"line":74,"column":8},"end":{"line":74,"column":8}},{"start":{"line":74,"column":8},"end":{"line":74,"column":8}}]},"7":{"line":74,"type":"binary-expr","locations":[{"start":{"line":74,"column":12},"end":{"line":74,"column":39}},{"start":{"line":74,"column":43},"end":{"line":74,"column":83}}]},"8":{"line":85,"type":"if","locations":[{"start":{"line":85,"column":8},"end":{"line":85,"column":8}},{"start":{"line":85,"column":8},"end":{"line":85,"column":8}}]},"9":{"line":95,"type":"if","locations":[{"start":{"line":95,"column":12},"end":{"line":95,"column":12}},{"start":{"line":95,"column":12},"end":{"line":95,"column":12}}]},"10":{"line":98,"type":"if","locations":[{"start":{"line":98,"column":12},"end":{"line":98,"column":12}},{"start":{"line":98,"column":12},"end":{"line":98,"column":12}}]},"11":{"line":101,"type":"if","locations":[{"start":{"line":101,"column":12},"end":{"line":101,"column":12}},{"start":{"line":101,"column":12},"end":{"line":101,"column":12}}]},"12":{"line":102,"type":"if","locations":[{"start":{"line":102,"column":16},"end":{"line":102,"column":16}},{"start":{"line":102,"column":16},"end":{"line":102,"column":16}}]},"13":{"line":149,"type":"if","locations":[{"start":{"line":149,"column":12},"end":{"line":149,"column":12}},{"start":{"line":149,"column":12},"end":{"line":149,"column":12}}]},"14":{"line":150,"type":"binary-expr","locations":[{"start":{"line":150,"column":16},"end":{"line":150,"column":42}},{"start":{"line":151,"column":16},"end":{"line":151,"column":41}},{"start":{"line":152,"column":16},"end":{"line":152,"column":45}}]},"15":{"line":185,"type":"if","locations":[{"start":{"line":185,"column":12},"end":{"line":185,"column":12}},{"start":{"line":185,"column":12},"end":{"line":185,"column":12}}]},"16":{"line":190,"type":"if","locations":[{"start":{"line":190,"column":16},"end":{"line":190,"column":16}},{"start":{"line":190,"column":16},"end":{"line":190,"column":16}}]},"17":{"line":198,"type":"if","locations":[{"start":{"line":198,"column":12},"end":{"line":198,"column":12}},{"start":{"line":198,"column":12},"end":{"line":198,"column":12}}]},"18":{"line":204,"type":"if","locations":[{"start":{"line":204,"column":12},"end":{"line":204,"column":12}},{"start":{"line":204,"column":12},"end":{"line":204,"column":12}}]},"19":{"line":204,"type":"binary-expr","locations":[{"start":{"line":204,"column":15},"end":{"line":204,"column":52}},{"start":{"line":204,"column":56},"end":{"line":204,"column":97}}]},"20":{"line":224,"type":"if","locations":[{"start":{"line":224,"column":12},"end":{"line":224,"column":12}},{"start":{"line":224,"column":12},"end":{"line":224,"column":12}}]}}},"/home/ssmp/git/node-ipc/dao/eventParser.js":{"path":"/home/ssmp/git/node-ipc/dao/eventParser.js","s":{"1":1,"2":1,"3":9,"4":0,"5":9,"6":0,"7":9,"8":9,"9":1,"10":9,"11":9,"12":9,"13":1},"b":{"1":[0,9],"2":[9,0,0],"3":[0,9]},"f":{"1":9,"2":9},"fnMap":{"1":{"name":"formatData","line":9,"loc":{"start":{"line":9,"column":0},"end":{"line":9,"column":28}}},"2":{"name":"parseDataEvents","line":21,"loc":{"start":{"line":21,"column":0},"end":{"line":21,"column":30}}}},"statementMap":{"1":{"start":{"line":3,"column":0},"end":{"line":7,"column":2}},"2":{"start":{"line":9,"column":0},"end":{"line":19,"column":1}},"3":{"start":{"line":10,"column":4},"end":{"line":12,"column":5}},"4":{"start":{"line":11,"column":8},"end":{"line":11,"column":24}},"5":{"start":{"line":13,"column":4},"end":{"line":15,"column":5}},"6":{"start":{"line":14,"column":8},"end":{"line":14,"column":24}},"7":{"start":{"line":17,"column":4},"end":{"line":17,"column":42}},"8":{"start":{"line":18,"column":4},"end":{"line":18,"column":19}},"9":{"start":{"line":21,"column":0},"end":{"line":25,"column":1}},"10":{"start":{"line":22,"column":4},"end":{"line":22,"column":44}},"11":{"start":{"line":23,"column":4},"end":{"line":23,"column":17}},"12":{"start":{"line":24,"column":4},"end":{"line":24,"column":18}},"13":{"start":{"line":27,"column":0},"end":{"line":27,"column":22}}},"branchMap":{"1":{"line":10,"type":"if","locations":[{"start":{"line":10,"column":4},"end":{"line":10,"column":4}},{"start":{"line":10,"column":4},"end":{"line":10,"column":4}}]},"2":{"line":10,"type":"binary-expr","locations":[{"start":{"line":10,"column":7},"end":{"line":10,"column":20}},{"start":{"line":10,"column":24},"end":{"line":10,"column":44}},{"start":{"line":10,"column":48},"end":{"line":10,"column":64}}]},"3":{"line":13,"type":"if","locations":[{"start":{"line":13,"column":4},"end":{"line":13,"column":4}},{"start":{"line":13,"column":4},"end":{"line":13,"column":4}}]}}},"/home/ssmp/git/node-ipc/dao/socketServer.js":{"path":"/home/ssmp/git/node-ipc/dao/socketServer.js","s":{"1":1,"2":4,"3":4,"4":4,"5":4,"6":4,"7":4,"8":0,"9":0,"10":4,"11":1,"12":2,"13":2,"14":2,"15":2,"16":2,"17":0,"18":0,"19":2,"20":2,"21":2,"22":0,"23":0,"24":0,"25":2,"26":2,"27":0,"28":1,"29":0,"30":0,"31":0,"32":0,"33":0,"34":0,"35":0,"36":0,"37":0,"38":0,"39":0,"40":0,"41":1,"42":2,"43":2,"44":2,"45":2,"46":2,"47":0,"48":2,"49":0,"50":2,"51":2,"52":0,"53":2,"54":2,"55":2,"56":1,"57":2,"58":2,"59":0,"60":0,"61":0,"62":2,"63":2,"64":2,"65":2,"66":0,"67":0,"68":2,"69":2,"70":2,"71":2,"72":2,"73":2,"74":2,"75":2,"76":2,"77":1,"78":2,"79":1,"80":4,"81":4,"82":2,"83":4,"84":4,"85":4,"86":0,"87":0,"88":4,"89":4,"90":2,"91":0,"92":2,"93":2,"94":2,"95":0,"96":2,"97":2,"98":4,"99":4,"100":0,"101":1,"102":4,"103":4,"104":2,"105":2,"106":2,"107":0,"108":2,"109":2,"110":2,"111":2,"112":4,"113":0,"114":0,"115":4,"116":4,"117":1,"118":1,"119":0,"120":0,"121":0,"122":1,"123":1,"124":3,"125":1,"126":1,"127":1,"128":2,"129":2,"130":2,"131":1,"132":0,"133":0,"134":0,"135":0,"136":0,"137":0,"138":0,"139":0,"140":0,"141":0,"142":0,"143":0,"144":0,"145":0,"146":0,"147":0,"148":1,"149":2,"150":2,"151":2,"152":0,"153":0,"154":0,"155":1},"b":{"1":[0,4],"2":[0,2],"3":[2,0],"4":[2,1],"5":[0,2],"6":[2,2],"7":[0,0],"8":[0,0],"9":[0,0],"10":[0,0],"11":[2,0],"12":[0,2],"13":[0,2],"14":[0,2],"15":[2,2],"16":[2,0],"17":[2,1],"18":[0,2],"19":[2,0],"20":[0,2],"21":[2,2],"22":[2,0],"23":[2,2],"24":[0,2],"25":[0,2],"26":[0,4],"27":[3,1],"28":[2,2],"29":[4,3],"30":[2,0],"31":[1,1],"32":[1,3],"33":[0,1],"34":[1,2],"35":[3,2],"36":[0,1],"37":[1,1],"38":[0,0],"39":[0,0],"40":[0,0],"41":[0,0],"42":[0,0],"43":[0,2]},"f":{"1":4,"2":4,"3":4,"4":4,"5":2,"6":0,"7":2,"8":2,"9":2,"10":4,"11":0,"12":2,"13":4,"14":2,"15":0,"16":0,"17":2,"18":2,"19":0},"fnMap":{"1":{"name":"(anonymous_1)","line":12,"loc":{"start":{"line":12,"column":15},"end":{"line":12,"column":37}}},"2":{"name":"(anonymous_2)","line":36,"loc":{"start":{"line":36,"column":11},"end":{"line":36,"column":19}}},"3":{"name":"(anonymous_3)","line":43,"loc":{"start":{"line":43,"column":8},"end":{"line":43,"column":10}}},"4":{"name":"(anonymous_4)","line":47,"loc":{"start":{"line":47,"column":9},"end":{"line":47,"column":11}}},"5":{"name":"emit","line":60,"loc":{"start":{"line":60,"column":0},"end":{"line":60,"column":33}}},"6":{"name":"broadcast","line":92,"loc":{"start":{"line":92,"column":0},"end":{"line":92,"column":29}}},"7":{"name":"serverClosed","line":115,"loc":{"start":{"line":115,"column":0},"end":{"line":115,"column":23}}},"8":{"name":"gotData","line":144,"loc":{"start":{"line":144,"column":0},"end":{"line":144,"column":39}}},"9":{"name":"socketClosed","line":189,"loc":{"start":{"line":189,"column":0},"end":{"line":189,"column":29}}},"10":{"name":"serverCreated","line":196,"loc":{"start":{"line":196,"column":0},"end":{"line":196,"column":31}}},"11":{"name":"(anonymous_11)","line":211,"loc":{"start":{"line":211,"column":8},"end":{"line":211,"column":21}}},"12":{"name":"(anonymous_12)","line":225,"loc":{"start":{"line":225,"column":8},"end":{"line":225,"column":28}}},"13":{"name":"startServer","line":252,"loc":{"start":{"line":252,"column":0},"end":{"line":252,"column":23}}},"14":{"name":"UDPServerStarted","line":274,"loc":{"start":{"line":274,"column":12},"end":{"line":274,"column":40}}},"15":{"name":"(anonymous_15)","line":282,"loc":{"start":{"line":282,"column":8},"end":{"line":282,"column":21}}},"16":{"name":"startTLSServer","line":335,"loc":{"start":{"line":335,"column":0},"end":{"line":335,"column":25}}},"17":{"name":"UDPWrite","line":367,"loc":{"start":{"line":367,"column":0},"end":{"line":367,"column":33}}},"18":{"name":"(anonymous_18)","line":375,"loc":{"start":{"line":375,"column":8},"end":{"line":375,"column":29}}},"19":{"name":"(anonymous_19)","line":380,"loc":{"start":{"line":380,"column":20},"end":{"line":380,"column":33}}}},"statementMap":{"1":{"start":{"line":3,"column":0},"end":{"line":9,"column":36}},"2":{"start":{"line":13,"column":8},"end":{"line":13,"column":16}},"3":{"start":{"line":14,"column":8},"end":{"line":28,"column":10}},"4":{"start":{"line":30,"column":8},"end":{"line":33,"column":10}},"5":{"start":{"line":37,"column":8},"end":{"line":40,"column":10}},"6":{"start":{"line":44,"column":8},"end":{"line":44,"column":28}},"7":{"start":{"line":48,"column":8},"end":{"line":51,"column":9}},"8":{"start":{"line":49,"column":12},"end":{"line":49,"column":76}},"9":{"start":{"line":50,"column":12},"end":{"line":50,"column":19}},"10":{"start":{"line":53,"column":8},"end":{"line":56,"column":10}},"11":{"start":{"line":60,"column":0},"end":{"line":90,"column":1}},"12":{"start":{"line":61,"column":4},"end":{"line":61,"column":63}},"13":{"start":{"line":63,"column":4},"end":{"line":63,"column":28}},"14":{"start":{"line":64,"column":4},"end":{"line":64,"column":22}},"15":{"start":{"line":65,"column":4},"end":{"line":65,"column":22}},"16":{"start":{"line":67,"column":4},"end":{"line":72,"column":5}},"17":{"start":{"line":68,"column":8},"end":{"line":68,"column":41}},"18":{"start":{"line":69,"column":8},"end":{"line":69,"column":54}},"19":{"start":{"line":71,"column":8},"end":{"line":71,"column":44}},"20":{"start":{"line":74,"column":4},"end":{"line":87,"column":5}},"21":{"start":{"line":76,"column":8},"end":{"line":80,"column":9}},"22":{"start":{"line":77,"column":12},"end":{"line":77,"column":166}},"23":{"start":{"line":78,"column":12},"end":{"line":78,"column":38}},"24":{"start":{"line":79,"column":12},"end":{"line":79,"column":19}},"25":{"start":{"line":82,"column":8},"end":{"line":85,"column":10}},"26":{"start":{"line":86,"column":8},"end":{"line":86,"column":15}},"27":{"start":{"line":89,"column":4},"end":{"line":89,"column":26}},"28":{"start":{"line":92,"column":0},"end":{"line":113,"column":1}},"29":{"start":{"line":93,"column":4},"end":{"line":93,"column":127}},"30":{"start":{"line":94,"column":4},"end":{"line":94,"column":28}},"31":{"start":{"line":95,"column":4},"end":{"line":95,"column":22}},"32":{"start":{"line":96,"column":4},"end":{"line":96,"column":22}},"33":{"start":{"line":98,"column":4},"end":{"line":102,"column":5}},"34":{"start":{"line":99,"column":8},"end":{"line":99,"column":54}},"35":{"start":{"line":101,"column":8},"end":{"line":101,"column":44}},"36":{"start":{"line":104,"column":4},"end":{"line":112,"column":5}},"37":{"start":{"line":105,"column":8},"end":{"line":107,"column":9}},"38":{"start":{"line":106,"column":12},"end":{"line":106,"column":55}},"39":{"start":{"line":109,"column":8},"end":{"line":111,"column":9}},"40":{"start":{"line":110,"column":12},"end":{"line":110,"column":43}},"41":{"start":{"line":115,"column":0},"end":{"line":142,"column":1}},"42":{"start":{"line":116,"column":4},"end":{"line":141,"column":5}},"43":{"start":{"line":117,"column":8},"end":{"line":117,"column":35}},"44":{"start":{"line":118,"column":8},"end":{"line":118,"column":36}},"45":{"start":{"line":120,"column":8},"end":{"line":124,"column":9}},"46":{"start":{"line":121,"column":12},"end":{"line":123,"column":13}},"47":{"start":{"line":122,"column":16},"end":{"line":122,"column":25}},"48":{"start":{"line":126,"column":8},"end":{"line":128,"column":9}},"49":{"start":{"line":127,"column":12},"end":{"line":127,"column":40}},"50":{"start":{"line":130,"column":8},"end":{"line":130,"column":69}},"51":{"start":{"line":132,"column":8},"end":{"line":134,"column":9}},"52":{"start":{"line":133,"column":12},"end":{"line":133,"column":29}},"53":{"start":{"line":136,"column":8},"end":{"line":136,"column":33}},"54":{"start":{"line":138,"column":8},"end":{"line":138,"column":71}},"55":{"start":{"line":140,"column":8},"end":{"line":140,"column":15}},"56":{"start":{"line":144,"column":0},"end":{"line":187,"column":1}},"57":{"start":{"line":145,"column":4},"end":{"line":145,"column":60}},"58":{"start":{"line":146,"column":4},"end":{"line":154,"column":5}},"59":{"start":{"line":147,"column":8},"end":{"line":147,"column":51}},"60":{"start":{"line":148,"column":8},"end":{"line":152,"column":10}},"61":{"start":{"line":153,"column":8},"end":{"line":153,"column":15}},"62":{"start":{"line":156,"column":4},"end":{"line":158,"column":5}},"63":{"start":{"line":157,"column":8},"end":{"line":157,"column":26}},"64":{"start":{"line":160,"column":4},"end":{"line":160,"column":32}},"65":{"start":{"line":162,"column":4},"end":{"line":165,"column":5}},"66":{"start":{"line":163,"column":8},"end":{"line":163,"column":83}},"67":{"start":{"line":164,"column":8},"end":{"line":164,"column":15}},"68":{"start":{"line":167,"column":4},"end":{"line":167,"column":22}},"69":{"start":{"line":169,"column":4},"end":{"line":169,"column":33}},"70":{"start":{"line":171,"column":4},"end":{"line":186,"column":5}},"71":{"start":{"line":172,"column":8},"end":{"line":172,"column":32}},"72":{"start":{"line":173,"column":8},"end":{"line":173,"column":35}},"73":{"start":{"line":175,"column":8},"end":{"line":175,"column":67}},"74":{"start":{"line":177,"column":8},"end":{"line":179,"column":9}},"75":{"start":{"line":178,"column":12},"end":{"line":178,"column":36}},"76":{"start":{"line":181,"column":8},"end":{"line":185,"column":10}},"77":{"start":{"line":189,"column":0},"end":{"line":194,"column":1}},"78":{"start":{"line":190,"column":4},"end":{"line":193,"column":6}},"79":{"start":{"line":196,"column":0},"end":{"line":250,"column":1}},"80":{"start":{"line":197,"column":4},"end":{"line":197,"column":30}},"81":{"start":{"line":199,"column":4},"end":{"line":201,"column":5}},"82":{"start":{"line":200,"column":8},"end":{"line":200,"column":49}},"83":{"start":{"line":203,"column":4},"end":{"line":203,"column":59}},"84":{"start":{"line":204,"column":4},"end":{"line":207,"column":6}},"85":{"start":{"line":209,"column":4},"end":{"line":216,"column":6}},"86":{"start":{"line":212,"column":12},"end":{"line":212,"column":48}},"87":{"start":{"line":214,"column":12},"end":{"line":214,"column":38}},"88":{"start":{"line":218,"column":4},"end":{"line":221,"column":6}},"89":{"start":{"line":223,"column":4},"end":{"line":240,"column":6}},"90":{"start":{"line":226,"column":12},"end":{"line":228,"column":13}},"91":{"start":{"line":227,"column":16},"end":{"line":227,"column":23}},"92":{"start":{"line":230,"column":12},"end":{"line":230,"column":78}},"93":{"start":{"line":231,"column":12},"end":{"line":231,"column":21}},"94":{"start":{"line":233,"column":12},"end":{"line":237,"column":13}},"95":{"start":{"line":234,"column":16},"end":{"line":234,"column":58}},"96":{"start":{"line":236,"column":16},"end":{"line":236,"column":36}},"97":{"start":{"line":238,"column":12},"end":{"line":238,"column":43}},"98":{"start":{"line":242,"column":4},"end":{"line":245,"column":6}},"99":{"start":{"line":247,"column":4},"end":{"line":249,"column":5}},"100":{"start":{"line":248,"column":8},"end":{"line":248,"column":15}},"101":{"start":{"line":252,"column":0},"end":{"line":333,"column":1}},"102":{"start":{"line":253,"column":4},"end":{"line":256,"column":6}},"103":{"start":{"line":258,"column":4},"end":{"line":278,"column":5}},"104":{"start":{"line":259,"column":8},"end":{"line":266,"column":9}},"105":{"start":{"line":260,"column":12},"end":{"line":260,"column":60}},"106":{"start":{"line":261,"column":12},"end":{"line":263,"column":14}},"107":{"start":{"line":265,"column":12},"end":{"line":265,"column":38}},"108":{"start":{"line":268,"column":8},"end":{"line":270,"column":10}},"109":{"start":{"line":271,"column":8},"end":{"line":271,"column":46}},"110":{"start":{"line":272,"column":8},"end":{"line":277,"column":10}},"111":{"start":{"line":275,"column":16},"end":{"line":275,"column":54}},"112":{"start":{"line":280,"column":4},"end":{"line":290,"column":6}},"113":{"start":{"line":283,"column":12},"end":{"line":283,"column":41}},"114":{"start":{"line":285,"column":12},"end":{"line":288,"column":14}},"115":{"start":{"line":292,"column":4},"end":{"line":292,"column":58}},"116":{"start":{"line":294,"column":4},"end":{"line":308,"column":5}},"117":{"start":{"line":295,"column":8},"end":{"line":295,"column":65}},"118":{"start":{"line":296,"column":8},"end":{"line":300,"column":9}},"119":{"start":{"line":297,"column":12},"end":{"line":297,"column":53}},"120":{"start":{"line":298,"column":12},"end":{"line":298,"column":54}},"121":{"start":{"line":299,"column":12},"end":{"line":299,"column":51}},"122":{"start":{"line":302,"column":8},"end":{"line":305,"column":10}},"123":{"start":{"line":307,"column":8},"end":{"line":307,"column":15}},"124":{"start":{"line":310,"column":4},"end":{"line":318,"column":5}},"125":{"start":{"line":311,"column":8},"end":{"line":311,"column":70}},"126":{"start":{"line":312,"column":8},"end":{"line":316,"column":10}},"127":{"start":{"line":317,"column":8},"end":{"line":317,"column":15}},"128":{"start":{"line":320,"column":4},"end":{"line":320,"column":64}},"129":{"start":{"line":322,"column":4},"end":{"line":325,"column":6}},"130":{"start":{"line":327,"column":4},"end":{"line":332,"column":6}},"131":{"start":{"line":335,"column":0},"end":{"line":365,"column":1}},"132":{"start":{"line":336,"column":4},"end":{"line":336,"column":52}},"133":{"start":{"line":337,"column":4},"end":{"line":341,"column":5}},"134":{"start":{"line":338,"column":8},"end":{"line":338,"column":69}},"135":{"start":{"line":340,"column":8},"end":{"line":340,"column":103}},"136":{"start":{"line":342,"column":4},"end":{"line":346,"column":5}},"137":{"start":{"line":343,"column":8},"end":{"line":343,"column":69}},"138":{"start":{"line":345,"column":8},"end":{"line":345,"column":96}},"139":{"start":{"line":347,"column":4},"end":{"line":349,"column":5}},"140":{"start":{"line":348,"column":8},"end":{"line":348,"column":73}},"141":{"start":{"line":350,"column":4},"end":{"line":360,"column":5}},"142":{"start":{"line":351,"column":8},"end":{"line":353,"column":9}},"143":{"start":{"line":352,"column":12},"end":{"line":352,"column":84}},"144":{"start":{"line":354,"column":8},"end":{"line":354,"column":30}},"145":{"start":{"line":355,"column":8},"end":{"line":359,"column":9}},"146":{"start":{"line":356,"column":12},"end":{"line":358,"column":14}},"147":{"start":{"line":361,"column":4},"end":{"line":364,"column":6}},"148":{"start":{"line":367,"column":0},"end":{"line":387,"column":1}},"149":{"start":{"line":368,"column":4},"end":{"line":368,"column":55}},"150":{"start":{"line":369,"column":4},"end":{"line":386,"column":6}},"151":{"start":{"line":376,"column":12},"end":{"line":384,"column":13}},"152":{"start":{"line":377,"column":16},"end":{"line":377,"column":61}},"153":{"start":{"line":378,"column":16},"end":{"line":383,"column":18}},"154":{"start":{"line":381,"column":24},"end":{"line":381,"column":50}},"155":{"start":{"line":389,"column":0},"end":{"line":389,"column":22}}},"branchMap":{"1":{"line":48,"type":"if","locations":[{"start":{"line":48,"column":8},"end":{"line":48,"column":8}},{"start":{"line":48,"column":8},"end":{"line":48,"column":8}}]},"2":{"line":67,"type":"if","locations":[{"start":{"line":67,"column":4},"end":{"line":67,"column":4}},{"start":{"line":67,"column":4},"end":{"line":67,"column":4}}]},"3":{"line":74,"type":"if","locations":[{"start":{"line":74,"column":4},"end":{"line":74,"column":4}},{"start":{"line":74,"column":4},"end":{"line":74,"column":4}}]},"4":{"line":74,"type":"binary-expr","locations":[{"start":{"line":74,"column":7},"end":{"line":74,"column":16}},{"start":{"line":74,"column":20},"end":{"line":74,"column":29}}]},"5":{"line":76,"type":"if","locations":[{"start":{"line":76,"column":8},"end":{"line":76,"column":8}},{"start":{"line":76,"column":8},"end":{"line":76,"column":8}}]},"6":{"line":76,"type":"binary-expr","locations":[{"start":{"line":76,"column":11},"end":{"line":76,"column":26}},{"start":{"line":76,"column":30},"end":{"line":76,"column":42}}]},"7":{"line":93,"type":"cond-expr","locations":[{"start":{"line":93,"column":100},"end":{"line":93,"column":109}},{"start":{"line":93,"column":110},"end":{"line":93,"column":112}}]},"8":{"line":98,"type":"if","locations":[{"start":{"line":98,"column":4},"end":{"line":98,"column":4}},{"start":{"line":98,"column":4},"end":{"line":98,"column":4}}]},"9":{"line":104,"type":"if","locations":[{"start":{"line":104,"column":4},"end":{"line":104,"column":4}},{"start":{"line":104,"column":4},"end":{"line":104,"column":4}}]},"10":{"line":104,"type":"binary-expr","locations":[{"start":{"line":104,"column":7},"end":{"line":104,"column":16}},{"start":{"line":104,"column":20},"end":{"line":104,"column":29}}]},"11":{"line":120,"type":"if","locations":[{"start":{"line":120,"column":8},"end":{"line":120,"column":8}},{"start":{"line":120,"column":8},"end":{"line":120,"column":8}}]},"12":{"line":121,"type":"if","locations":[{"start":{"line":121,"column":12},"end":{"line":121,"column":12}},{"start":{"line":121,"column":12},"end":{"line":121,"column":12}}]},"13":{"line":126,"type":"if","locations":[{"start":{"line":126,"column":8},"end":{"line":126,"column":8}},{"start":{"line":126,"column":8},"end":{"line":126,"column":8}}]},"14":{"line":132,"type":"if","locations":[{"start":{"line":132,"column":8},"end":{"line":132,"column":8}},{"start":{"line":132,"column":8},"end":{"line":132,"column":8}}]},"15":{"line":132,"type":"binary-expr","locations":[{"start":{"line":132,"column":11},"end":{"line":132,"column":17}},{"start":{"line":132,"column":21},"end":{"line":132,"column":35}}]},"16":{"line":145,"type":"cond-expr","locations":[{"start":{"line":145,"column":40},"end":{"line":145,"column":49}},{"start":{"line":145,"column":52},"end":{"line":145,"column":58}}]},"17":{"line":145,"type":"binary-expr","locations":[{"start":{"line":145,"column":15},"end":{"line":145,"column":24}},{"start":{"line":145,"column":28},"end":{"line":145,"column":37}}]},"18":{"line":146,"type":"if","locations":[{"start":{"line":146,"column":4},"end":{"line":146,"column":4}},{"start":{"line":146,"column":4},"end":{"line":146,"column":4}}]},"19":{"line":156,"type":"if","locations":[{"start":{"line":156,"column":4},"end":{"line":156,"column":4}},{"start":{"line":156,"column":4},"end":{"line":156,"column":4}}]},"20":{"line":162,"type":"if","locations":[{"start":{"line":162,"column":4},"end":{"line":162,"column":4}},{"start":{"line":162,"column":4},"end":{"line":162,"column":4}}]},"21":{"line":162,"type":"binary-expr","locations":[{"start":{"line":162,"column":7},"end":{"line":162,"column":44}},{"start":{"line":162,"column":48},"end":{"line":162,"column":89}}]},"22":{"line":177,"type":"if","locations":[{"start":{"line":177,"column":8},"end":{"line":177,"column":8}},{"start":{"line":177,"column":8},"end":{"line":177,"column":8}}]},"23":{"line":199,"type":"if","locations":[{"start":{"line":199,"column":4},"end":{"line":199,"column":4}},{"start":{"line":199,"column":4},"end":{"line":199,"column":4}}]},"24":{"line":226,"type":"if","locations":[{"start":{"line":226,"column":12},"end":{"line":226,"column":12}},{"start":{"line":226,"column":12},"end":{"line":226,"column":12}}]},"25":{"line":233,"type":"if","locations":[{"start":{"line":233,"column":12},"end":{"line":233,"column":12}},{"start":{"line":233,"column":12},"end":{"line":233,"column":12}}]},"26":{"line":247,"type":"if","locations":[{"start":{"line":247,"column":4},"end":{"line":247,"column":4}},{"start":{"line":247,"column":4},"end":{"line":247,"column":4}}]},"27":{"line":255,"type":"cond-expr","locations":[{"start":{"line":255,"column":21},"end":{"line":255,"column":36}},{"start":{"line":255,"column":37},"end":{"line":255,"column":39}}]},"28":{"line":258,"type":"if","locations":[{"start":{"line":258,"column":4},"end":{"line":258,"column":4}},{"start":{"line":258,"column":4},"end":{"line":258,"column":4}}]},"29":{"line":258,"type":"binary-expr","locations":[{"start":{"line":258,"column":7},"end":{"line":258,"column":17}},{"start":{"line":258,"column":21},"end":{"line":258,"column":31}}]},"30":{"line":259,"type":"if","locations":[{"start":{"line":259,"column":8},"end":{"line":259,"column":8}},{"start":{"line":259,"column":8},"end":{"line":259,"column":8}}]},"31":{"line":269,"type":"cond-expr","locations":[{"start":{"line":269,"column":26},"end":{"line":269,"column":32}},{"start":{"line":269,"column":33},"end":{"line":269,"column":39}}]},"32":{"line":294,"type":"if","locations":[{"start":{"line":294,"column":4},"end":{"line":294,"column":4}},{"start":{"line":294,"column":4},"end":{"line":294,"column":4}}]},"33":{"line":296,"type":"if","locations":[{"start":{"line":296,"column":8},"end":{"line":296,"column":8}},{"start":{"line":296,"column":8},"end":{"line":296,"column":8}}]},"34":{"line":310,"type":"if","locations":[{"start":{"line":310,"column":4},"end":{"line":310,"column":4}},{"start":{"line":310,"column":4},"end":{"line":310,"column":4}}]},"35":{"line":310,"type":"binary-expr","locations":[{"start":{"line":310,"column":7},"end":{"line":310,"column":17}},{"start":{"line":310,"column":21},"end":{"line":310,"column":31}}]},"36":{"line":311,"type":"cond-expr","locations":[{"start":{"line":311,"column":56},"end":{"line":311,"column":61}},{"start":{"line":311,"column":62},"end":{"line":311,"column":67}}]},"37":{"line":320,"type":"cond-expr","locations":[{"start":{"line":320,"column":48},"end":{"line":320,"column":54}},{"start":{"line":320,"column":55},"end":{"line":320,"column":61}}]},"38":{"line":337,"type":"if","locations":[{"start":{"line":337,"column":4},"end":{"line":337,"column":4}},{"start":{"line":337,"column":4},"end":{"line":337,"column":4}}]},"39":{"line":342,"type":"if","locations":[{"start":{"line":342,"column":4},"end":{"line":342,"column":4}},{"start":{"line":342,"column":4},"end":{"line":342,"column":4}}]},"40":{"line":347,"type":"if","locations":[{"start":{"line":347,"column":4},"end":{"line":347,"column":4}},{"start":{"line":347,"column":4},"end":{"line":347,"column":4}}]},"41":{"line":350,"type":"if","locations":[{"start":{"line":350,"column":4},"end":{"line":350,"column":4}},{"start":{"line":350,"column":4},"end":{"line":350,"column":4}}]},"42":{"line":351,"type":"if","locations":[{"start":{"line":351,"column":8},"end":{"line":351,"column":8}},{"start":{"line":351,"column":8},"end":{"line":351,"column":8}}]},"43":{"line":376,"type":"if","locations":[{"start":{"line":376,"column":12},"end":{"line":376,"column":12}},{"start":{"line":376,"column":12},"end":{"line":376,"column":12}}]}}}}