TN:
SF:/home/brandon/git/node-ipc/node-ipc.js
FN:6,(anonymous_1)
FNF:1
FNH:1
FNDA:1,(anonymous_1)
DA:3,1
DA:7,1
DA:9,1
DA:21,1
LF:4
LH:4
BRF:0
BRH:0
end_of_record
TN:
SF:/home/brandon/git/node-ipc/services/IPC.js
FN:9,(anonymous_1)
FN:64,log
FN:90,disconnect
FN:107,serve
FN:137,emptyCallback
FN:141,serveNet
FN:218,connect
FN:267,connectNet
FNF:8
FNH:7
FNDA:1,(anonymous_1)
FNDA:116,log
FNDA:7,disconnect
FNDA:1,serve
FNDA:0,emptyCallback
FNDA:3,serveNet
FNDA:4,connect
FNDA:3,connectNet
DA:3,1
DA:10,1
DA:64,1
DA:65,116
DA:66,0
DA:69,116
DA:71,116
DA:72,370
DA:73,336
DA:76,34
DA:85,116
DA:90,1
DA:91,7
DA:92,0
DA:95,7
DA:97,7
DA:98,7
DA:99,7
DA:100,7
DA:104,7
DA:107,1
DA:108,1
DA:109,0
DA:110,0
DA:112,1
DA:113,0
DA:118,0
DA:121,1
DA:122,0
DA:125,1
DA:131,1
DA:137,1
DA:141,1
DA:142,3
DA:143,1
DA:144,1
DA:145,1
DA:146,1
DA:148,3
DA:149,1
DA:150,1
DA:151,1
DA:152,1
DA:154,3
DA:155,2
DA:160,2
DA:162,3
DA:163,0
DA:164,0
DA:165,0
DA:166,0
DA:169,3
DA:170,0
DA:171,0
DA:172,0
DA:174,3
DA:175,0
DA:176,0
DA:177,0
DA:179,3
DA:180,1
DA:185,1
DA:188,3
DA:189,0
DA:190,0
DA:193,3
DA:194,0
DA:197,3
DA:204,3
DA:205,2
DA:206,2
DA:208,0
DA:212,3
DA:218,1
DA:219,4
DA:220,2
DA:221,2
DA:224,4
DA:225,0
DA:228,4
DA:229,0
DA:233,0
DA:236,4
DA:237,2
DA:242,2
DA:245,4
DA:246,0
DA:247,0
DA:252,0
DA:253,0
DA:255,0
DA:258,4
DA:259,4
DA:260,4
DA:262,4
DA:264,4
DA:267,1
DA:268,3
DA:269,0
DA:273,0
DA:275,3
DA:276,3
DA:277,3
DA:278,3
DA:280,3
DA:281,0
DA:282,0
DA:283,0
DA:285,3
DA:286,3
DA:291,3
DA:294,3
DA:295,0
DA:296,0
DA:298,3
DA:299,0
DA:304,0
DA:307,3
DA:308,0
DA:309,0
DA:311,3
DA:312,0
DA:315,3
DA:316,0
DA:317,0
DA:322,0
DA:323,0
DA:325,0
DA:328,3
DA:329,3
DA:330,3
DA:331,3
DA:333,3
DA:335,3
DA:338,1
LF:135
LH:89
BRDA:65,1,0,0
BRDA:65,1,1,116
BRDA:72,2,0,336
BRDA:72,2,1,34
BRDA:91,3,0,0
BRDA:91,3,1,7
BRDA:98,4,0,7
BRDA:98,4,1,0
BRDA:99,5,0,7
BRDA:99,5,1,0
BRDA:108,6,0,0
BRDA:108,6,1,1
BRDA:112,7,0,0
BRDA:112,7,1,1
BRDA:121,8,0,0
BRDA:121,8,1,1
BRDA:142,9,0,1
BRDA:142,9,1,2
BRDA:148,10,0,1
BRDA:148,10,1,2
BRDA:154,11,0,2
BRDA:154,11,1,1
BRDA:162,12,0,0
BRDA:162,12,1,3
BRDA:162,13,0,3
BRDA:162,13,1,3
BRDA:169,14,0,0
BRDA:169,14,1,3
BRDA:174,15,0,0
BRDA:174,15,1,3
BRDA:179,16,0,1
BRDA:179,16,1,2
BRDA:188,17,0,0
BRDA:188,17,1,3
BRDA:193,18,0,0
BRDA:193,18,1,3
BRDA:204,19,0,2
BRDA:204,19,1,1
BRDA:206,20,0,0
BRDA:206,20,1,2
BRDA:206,21,0,2
BRDA:206,21,1,1
BRDA:219,22,0,2
BRDA:219,22,1,2
BRDA:224,23,0,0
BRDA:224,23,1,4
BRDA:228,24,0,0
BRDA:228,24,1,4
BRDA:236,25,0,2
BRDA:236,25,1,2
BRDA:245,26,0,0
BRDA:245,26,1,4
BRDA:246,27,0,0
BRDA:246,27,1,0
BRDA:268,28,0,0
BRDA:268,28,1,3
BRDA:275,29,0,3
BRDA:275,29,1,0
BRDA:280,30,0,0
BRDA:280,30,1,3
BRDA:285,31,0,3
BRDA:285,31,1,0
BRDA:294,32,0,0
BRDA:294,32,1,3
BRDA:298,33,0,0
BRDA:298,33,1,3
BRDA:307,34,0,0
BRDA:307,34,1,3
BRDA:311,35,0,0
BRDA:311,35,1,3
BRDA:315,36,0,0
BRDA:315,36,1,3
BRDA:316,37,0,0
BRDA:316,37,1,0
BRF:74
BRH:45
end_of_record
TN:
SF:/home/brandon/git/node-ipc/entities/Defaults.js
FN:22,(anonymous_1)
FN:62,getIPType
FNF:2
FNH:2
FNDA:1,(anonymous_1)
FNDA:1,getIPType
DA:9,1
DA:24,1
DA:25,1
DA:26,1
DA:28,1
DA:29,1
DA:30,1
DA:32,1
DA:33,1
DA:34,1
DA:36,1
DA:37,1
DA:38,1
DA:39,1
DA:41,1
DA:42,1
DA:43,1
DA:44,1
DA:46,1
DA:62,1
DA:63,1
DA:64,1
DA:65,1
DA:69,0
DA:73,1
DA:76,1
LF:26
LH:25
BRDA:43,1,0,0
BRDA:43,1,1,1
BRDA:65,2,0,0
BRDA:65,2,1,1
BRDA:65,3,0,1
BRDA:65,3,1,1
BRDA:65,3,2,0
BRF:7
BRH:4
end_of_record
TN:
SF:/home/brandon/git/node-ipc/dao/client.js
FN:16,(anonymous_1)
FN:35,emit
FN:58,syncEmit
FN:63,connect
FN:146,(anonymous_5)
FN:155,connectionMade
FN:164,connectionClosed
FN:190,retryTimeout
FN:203,(anonymous_9)
FNF:9
FNH:9
FNDA:7,(anonymous_1)
FNDA:7,emit
FNDA:6,syncEmit
FNDA:13,connect
FNDA:10,(anonymous_5)
FNDA:3,connectionMade
FNDA:13,connectionClosed
FNDA:6,retryTimeout
FNDA:7,(anonymous_9)
DA:3,1
DA:10,1
DA:11,1
DA:12,1
DA:17,7
DA:18,7
DA:35,1
DA:36,7
DA:38,7
DA:39,7
DA:40,7
DA:42,7
DA:43,0
DA:45,7
DA:48,7
DA:49,1
DA:50,1
DA:53,6
DA:58,1
DA:59,6
DA:60,6
DA:63,1
DA:65,13
DA:67,13
DA:68,13
DA:69,0
DA:70,0
DA:73,13
DA:75,13
DA:76,7
DA:78,7
DA:80,7
DA:81,0
DA:82,0
DA:83,0
DA:86,7
DA:88,6
DA:89,6
DA:91,6
DA:92,0
DA:95,6
DA:96,0
DA:99,6
DA:100,0
DA:103,6
DA:104,0
DA:107,6
DA:108,0
DA:111,6
DA:112,6
DA:113,6
DA:115,0
DA:116,0
DA:117,0
DA:119,0
DA:120,0
DA:122,0
DA:123,0
DA:124,0
DA:126,0
DA:127,0
DA:128,0
DA:134,0
DA:136,0
DA:142,13
DA:144,13
DA:147,10
DA:148,10
DA:153,13
DA:156,3
DA:157,3
DA:158,3
DA:162,13
DA:165,13
DA:169,13
DA:175,7
DA:176,7
DA:182,7
DA:183,7
DA:184,7
DA:186,7
DA:189,6
DA:191,6
DA:192,6
DA:197,6
DA:201,13
DA:204,7
DA:205,7
DA:206,0
DA:210,0
DA:211,0
DA:214,0
DA:215,0
DA:218,7
DA:219,7
DA:222,7
DA:224,7
DA:225,0
DA:226,0
DA:229,7
DA:231,7
DA:232,7
DA:233,7
DA:234,7
DA:235,7
DA:237,7
DA:238,7
DA:244,7
DA:245,0
DA:248,7
DA:253,1
LF:111
LH:79
BRDA:11,1,0,1
BRDA:11,1,1,0
BRDA:28,2,0,7
BRDA:28,2,1,0
BRDA:42,3,0,0
BRDA:42,3,1,7
BRDA:48,4,0,1
BRDA:48,4,1,6
BRDA:68,5,0,0
BRDA:68,5,1,13
BRDA:75,6,0,7
BRDA:75,6,1,6
BRDA:80,7,0,0
BRDA:80,7,1,7
BRDA:80,8,0,7
BRDA:80,8,1,0
BRDA:91,9,0,0
BRDA:91,9,1,6
BRDA:95,10,0,0
BRDA:95,10,1,6
BRDA:99,11,0,0
BRDA:99,11,1,6
BRDA:103,12,0,0
BRDA:103,12,1,6
BRDA:107,13,0,0
BRDA:107,13,1,6
BRDA:111,14,0,6
BRDA:111,14,1,0
BRDA:116,15,0,0
BRDA:116,15,1,0
BRDA:119,16,0,0
BRDA:119,16,1,0
BRDA:122,17,0,0
BRDA:122,17,1,0
BRDA:123,18,0,0
BRDA:123,18,1,0
BRDA:169,19,0,7
BRDA:169,19,1,6
BRDA:170,20,0,13
BRDA:170,20,1,8
BRDA:170,20,2,6
BRDA:205,21,0,0
BRDA:205,21,1,7
BRDA:210,22,0,0
BRDA:210,22,1,0
BRDA:218,23,0,7
BRDA:218,23,1,0
BRDA:224,24,0,0
BRDA:224,24,1,7
BRDA:224,25,0,7
BRDA:224,25,1,7
BRDA:244,26,0,0
BRDA:244,26,1,7
BRF:53
BRH:27
end_of_record
TN:
SF:/home/brandon/git/node-ipc/dao/eventParser.js
FN:9,formatData
FN:21,parseDataEvents
FNF:2
FNH:2
FNDA:9,formatData
FNDA:9,parseDataEvents
DA:3,1
DA:9,1
DA:10,9
DA:11,0
DA:13,9
DA:14,0
DA:17,9
DA:18,9
DA:21,1
DA:22,9
DA:23,9
DA:24,9
DA:27,1
LF:13
LH:11
BRDA:10,1,0,0
BRDA:10,1,1,9
BRDA:10,2,0,9
BRDA:10,2,1,0
BRDA:10,2,2,0
BRDA:13,3,0,0
BRDA:13,3,1,9
BRF:7
BRH:3
end_of_record
TN:
SF:/home/brandon/git/node-ipc/dao/socketServer.js
FN:16,(anonymous_1)
FN:40,(anonymous_2)
FN:47,(anonymous_3)
FN:51,(anonymous_4)
FN:64,emit
FN:96,broadcast
FN:119,serverClosed
FN:148,gotData
FN:194,socketClosed
FN:201,serverCreated
FN:216,(anonymous_11)
FN:230,(anonymous_12)
FN:257,startServer
FN:279,UDPServerStarted
FN:287,(anonymous_15)
FN:340,startTLSServer
FN:372,UDPWrite
FN:380,(anonymous_18)
FN:385,(anonymous_19)
FNF:19
FNH:14
FNDA:4,(anonymous_1)
FNDA:4,(anonymous_2)
FNDA:4,(anonymous_3)
FNDA:4,(anonymous_4)
FNDA:2,emit
FNDA:0,broadcast
FNDA:2,serverClosed
FNDA:2,gotData
FNDA:2,socketClosed
FNDA:4,serverCreated
FNDA:0,(anonymous_11)
FNDA:2,(anonymous_12)
FNDA:4,startServer
FNDA:2,UDPServerStarted
FNDA:0,(anonymous_15)
FNDA:0,startTLSServer
FNDA:2,UDPWrite
FNDA:2,(anonymous_18)
FNDA:0,(anonymous_19)
DA:3,1
DA:10,1
DA:11,1
DA:12,1
DA:17,4
DA:18,4
DA:34,4
DA:41,4
DA:48,4
DA:52,4
DA:53,0
DA:54,0
DA:57,4
DA:64,1
DA:65,2
DA:67,2
DA:68,2
DA:69,2
DA:71,2
DA:72,0
DA:73,0
DA:75,2
DA:78,2
DA:80,2
DA:81,0
DA:82,0
DA:83,0
DA:86,2
DA:90,2
DA:93,0
DA:96,1
DA:97,0
DA:98,0
DA:99,0
DA:100,0
DA:102,0
DA:103,0
DA:105,0
DA:108,0
DA:109,0
DA:110,0
DA:113,0
DA:114,0
DA:119,1
DA:120,2
DA:121,2
DA:122,2
DA:124,2
DA:125,2
DA:126,0
DA:130,2
DA:131,0
DA:134,2
DA:136,2
DA:137,0
DA:140,2
DA:142,2
DA:144,2
DA:148,1
DA:149,2
DA:150,2
DA:151,0
DA:152,0
DA:157,0
DA:160,2
DA:161,2
DA:164,2
DA:166,2
DA:167,0
DA:168,0
DA:171,2
DA:173,2
DA:175,2
DA:176,2
DA:177,2
DA:180,2
DA:181,2
DA:184,2
DA:186,2
DA:194,1
DA:195,2
DA:201,1
DA:202,4
DA:204,4
DA:205,2
DA:208,4
DA:209,4
DA:214,4
DA:217,0
DA:219,0
DA:223,4
DA:228,4
DA:231,2
DA:232,0
DA:235,2
DA:236,2
DA:238,2
DA:239,0
DA:241,2
DA:243,2
DA:247,4
DA:252,4
DA:253,0
DA:257,1
DA:258,4
DA:263,4
DA:264,2
DA:265,2
DA:266,2
DA:270,0
DA:273,2
DA:276,2
DA:277,2
DA:280,2
DA:285,4
DA:288,0
DA:290,0
DA:297,4
DA:299,4
DA:300,1
DA:301,1
DA:302,0
DA:303,0
DA:304,0
DA:307,1
DA:312,1
DA:315,3
DA:316,1
DA:317,1
DA:322,1
DA:325,2
DA:327,2
DA:332,2
DA:340,1
DA:341,0
DA:342,0
DA:343,0
DA:345,0
DA:347,0
DA:348,0
DA:350,0
DA:352,0
DA:353,0
DA:355,0
DA:356,0
DA:357,0
DA:359,0
DA:360,0
DA:361,0
DA:366,0
DA:372,1
DA:373,2
DA:374,2
DA:381,2
DA:382,0
DA:383,0
DA:386,0
DA:394,1
LF:158
LH:100
BRDA:11,1,0,1
BRDA:11,1,1,0
BRDA:52,2,0,0
BRDA:52,2,1,4
BRDA:71,3,0,0
BRDA:71,3,1,2
BRDA:78,4,0,2
BRDA:78,4,1,0
BRDA:78,5,0,2
BRDA:78,5,1,1
BRDA:80,6,0,0
BRDA:80,6,1,2
BRDA:80,7,0,2
BRDA:80,7,1,2
BRDA:97,8,0,0
BRDA:97,8,1,0
BRDA:102,9,0,0
BRDA:102,9,1,0
BRDA:108,10,0,0
BRDA:108,10,1,0
BRDA:108,11,0,0
BRDA:108,11,1,0
BRDA:124,12,0,2
BRDA:124,12,1,0
BRDA:125,13,0,0
BRDA:125,13,1,2
BRDA:130,14,0,0
BRDA:130,14,1,2
BRDA:136,15,0,0
BRDA:136,15,1,2
BRDA:136,16,0,2
BRDA:136,16,1,2
BRDA:149,17,0,2
BRDA:149,17,1,0
BRDA:149,18,0,2
BRDA:149,18,1,1
BRDA:150,19,0,0
BRDA:150,19,1,2
BRDA:160,20,0,2
BRDA:160,20,1,0
BRDA:166,21,0,0
BRDA:166,21,1,2
BRDA:166,22,0,2
BRDA:166,22,1,2
BRDA:180,23,0,2
BRDA:180,23,1,0
BRDA:180,24,0,2
BRDA:180,24,1,2
BRDA:204,25,0,2
BRDA:204,25,1,2
BRDA:231,26,0,0
BRDA:231,26,1,2
BRDA:238,27,0,0
BRDA:238,27,1,2
BRDA:252,28,0,0
BRDA:252,28,1,4
BRDA:260,29,0,3
BRDA:260,29,1,1
BRDA:263,30,0,2
BRDA:263,30,1,2
BRDA:263,31,0,4
BRDA:263,31,1,3
BRDA:265,32,0,2
BRDA:265,32,1,0
BRDA:274,33,0,1
BRDA:274,33,1,1
BRDA:299,34,0,1
BRDA:299,34,1,3
BRDA:301,35,0,0
BRDA:301,35,1,1
BRDA:315,36,0,1
BRDA:315,36,1,2
BRDA:315,37,0,3
BRDA:315,37,1,2
BRDA:316,38,0,0
BRDA:316,38,1,1
BRDA:325,39,0,1
BRDA:325,39,1,1
BRDA:342,40,0,0
BRDA:342,40,1,0
BRDA:347,41,0,0
BRDA:347,41,1,0
BRDA:352,42,0,0
BRDA:352,42,1,0
BRDA:355,43,0,0
BRDA:355,43,1,0
BRDA:356,44,0,0
BRDA:356,44,1,0
BRDA:381,45,0,0
BRDA:381,45,1,2
BRF:90
BRH:51
end_of_record
