TN:
SF:/home/bmiller/git/node-ipc/node-ipc.js
FN:56,log
FN:74,disconnect
FN:89,serve
FN:104,(anonymous_4)
FN:118,serveNet
FN:171,(anonymous_6)
FN:190,connect
FN:197,(anonymous_8)
FN:238,connectNet
FN:283,(anonymous_10)
FNF:10
FNH:6
FNDA:140,log
FNDA:8,disconnect
FNDA:1,serve
FNDA:0,(anonymous_4)
FNDA:3,serveNet
FNDA:0,(anonymous_6)
FNDA:4,connect
FNDA:0,(anonymous_8)
FNDA:4,connectNet
FNDA:0,(anonymous_10)
DA:1,1
DA:10,1
DA:22,1
DA:26,1
DA:44,1
DA:56,1
DA:57,140
DA:58,69
DA:60,71
DA:62,71
DA:63,229
DA:64,210
DA:66,19
DA:69,71
DA:74,1
DA:75,8
DA:76,0
DA:78,8
DA:80,8
DA:81,8
DA:82,8
DA:83,8
DA:86,8
DA:89,1
DA:90,1
DA:91,1
DA:92,1
DA:94,1
DA:95,1
DA:100,1
DA:103,1
DA:104,0
DA:106,1
DA:112,1
DA:118,1
DA:119,3
DA:120,1
DA:121,1
DA:122,1
DA:123,1
DA:125,3
DA:126,1
DA:127,1
DA:128,1
DA:129,1
DA:131,3
DA:132,2
DA:137,2
DA:139,3
DA:140,0
DA:141,0
DA:142,0
DA:143,0
DA:146,3
DA:147,0
DA:148,0
DA:149,0
DA:151,3
DA:152,0
DA:153,0
DA:154,0
DA:156,3
DA:157,1
DA:162,1
DA:165,3
DA:166,0
DA:167,0
DA:170,3
DA:171,0
DA:174,3
DA:181,3
DA:182,2
DA:184,3
DA:190,1
DA:191,4
DA:192,2
DA:193,2
DA:196,4
DA:197,0
DA:199,4
DA:200,0
DA:204,0
DA:207,4
DA:208,2
DA:213,2
DA:216,4
DA:217,0
DA:218,0
DA:223,0
DA:224,0
DA:226,0
DA:229,4
DA:230,4
DA:231,4
DA:233,4
DA:235,4
DA:238,1
DA:239,4
DA:240,0
DA:244,0
DA:246,4
DA:247,4
DA:248,4
DA:249,4
DA:251,4
DA:252,0
DA:253,0
DA:254,0
DA:256,4
DA:257,4
DA:262,4
DA:265,4
DA:266,0
DA:267,0
DA:269,4
DA:270,0
DA:275,0
DA:278,4
DA:279,0
DA:280,0
DA:282,4
DA:283,0
DA:285,4
DA:286,0
DA:287,0
DA:292,0
DA:293,0
DA:295,0
DA:298,4
DA:299,4
DA:300,4
DA:301,4
DA:303,4
DA:305,4
DA:308,1
LF:135
LH:95
BRDA:29,1,0,0
BRDA:29,1,1,1
BRDA:57,2,0,69
BRDA:57,2,1,71
BRDA:63,3,0,210
BRDA:63,3,1,19
BRDA:75,4,0,0
BRDA:75,4,1,8
BRDA:81,5,0,8
BRDA:81,5,1,0
BRDA:82,6,0,8
BRDA:82,6,1,0
BRDA:90,7,0,1
BRDA:90,7,1,0
BRDA:94,8,0,1
BRDA:94,8,1,0
BRDA:103,9,0,0
BRDA:103,9,1,1
BRDA:119,10,0,1
BRDA:119,10,1,2
BRDA:125,11,0,1
BRDA:125,11,1,2
BRDA:131,12,0,2
BRDA:131,12,1,1
BRDA:139,13,0,0
BRDA:139,13,1,3
BRDA:139,14,0,3
BRDA:139,14,1,3
BRDA:146,15,0,0
BRDA:146,15,1,3
BRDA:151,16,0,0
BRDA:151,16,1,3
BRDA:156,17,0,1
BRDA:156,17,1,2
BRDA:165,18,0,0
BRDA:165,18,1,3
BRDA:170,19,0,0
BRDA:170,19,1,3
BRDA:181,20,0,2
BRDA:181,20,1,1
BRDA:191,21,0,2
BRDA:191,21,1,2
BRDA:196,22,0,0
BRDA:196,22,1,4
BRDA:199,23,0,0
BRDA:199,23,1,4
BRDA:207,24,0,2
BRDA:207,24,1,2
BRDA:216,25,0,0
BRDA:216,25,1,4
BRDA:217,26,0,0
BRDA:217,26,1,0
BRDA:239,27,0,0
BRDA:239,27,1,4
BRDA:246,28,0,4
BRDA:246,28,1,0
BRDA:251,29,0,0
BRDA:251,29,1,4
BRDA:256,30,0,4
BRDA:256,30,1,0
BRDA:265,31,0,0
BRDA:265,31,1,4
BRDA:269,32,0,0
BRDA:269,32,1,4
BRDA:278,33,0,0
BRDA:278,33,1,4
BRDA:282,34,0,0
BRDA:282,34,1,4
BRDA:285,35,0,0
BRDA:285,35,1,4
BRDA:286,36,0,0
BRDA:286,36,1,0
BRF:72
BRH:44
end_of_record
TN:
SF:/home/bmiller/git/node-ipc/lib/eventParser.js
FN:3,formatData
FN:15,parseDataEvents
FNF:2
FNH:2
FNDA:14,formatData
FNDA:15,parseDataEvents
DA:1,1
DA:3,1
DA:4,14
DA:5,0
DA:7,14
DA:8,0
DA:11,14
DA:12,14
DA:15,1
DA:16,15
DA:17,15
DA:18,15
DA:21,1
DA:27,1
LF:14
LH:12
BRDA:4,1,0,0
BRDA:4,1,1,14
BRDA:7,2,0,0
BRDA:7,2,1,14
BRF:4
BRH:2
end_of_record
TN:
SF:/home/bmiller/git/node-ipc/lib/client.js
FN:9,init
FN:24,emit
FN:47,syncEmit
FN:52,connect
FN:119,(anonymous_5)
FN:128,(anonymous_6)
FN:137,(anonymous_7)
FN:162,(anonymous_8)
FN:163,(anonymous_9)
FN:168,(anonymous_10)
FN:186,(anonymous_11)
FNF:11
FNH:11
FNDA:8,init
FNDA:12,emit
FNDA:11,syncEmit
FNDA:14,connect
FNDA:10,(anonymous_5)
FNDA:4,(anonymous_6)
FNDA:14,(anonymous_7)
FNDA:6,(anonymous_8)
FNDA:6,(anonymous_9)
FNDA:6,(anonymous_10)
FNDA:12,(anonymous_11)
DA:1,1
DA:9,1
DA:10,8
DA:19,8
DA:21,8
DA:24,1
DA:25,12
DA:27,12
DA:28,12
DA:29,12
DA:31,12
DA:32,0
DA:34,12
DA:37,12
DA:38,1
DA:39,1
DA:42,11
DA:47,1
DA:48,11
DA:49,11
DA:52,1
DA:54,14
DA:56,14
DA:57,14
DA:58,0
DA:59,0
DA:62,14
DA:63,7
DA:65,7
DA:67,7
DA:68,0
DA:69,0
DA:70,0
DA:72,7
DA:78,7
DA:79,7
DA:80,7
DA:87,0
DA:88,0
DA:89,0
DA:91,0
DA:92,0
DA:94,0
DA:95,0
DA:96,0
DA:98,0
DA:99,0
DA:100,0
DA:106,0
DA:107,0
DA:109,0
DA:115,14
DA:117,14
DA:120,10
DA:121,10
DA:126,14
DA:129,4
DA:130,4
DA:131,4
DA:135,14
DA:138,14
DA:140,14
DA:144,8
DA:145,8
DA:151,8
DA:152,8
DA:153,8
DA:155,8
DA:158,6
DA:160,6
DA:163,6
DA:164,6
DA:165,6
DA:166,6
DA:167,6
DA:169,6
DA:170,2
DA:180,6
DA:184,14
DA:187,12
DA:188,12
DA:189,0
DA:193,0
DA:194,0
DA:197,0
DA:198,0
DA:201,12
DA:202,12
DA:204,12
DA:206,12
DA:207,0
DA:208,0
DA:211,12
DA:213,12
DA:214,12
DA:215,12
DA:216,12
DA:217,12
DA:219,12
DA:220,12
DA:226,12
DA:227,0
DA:230,12
DA:235,1
LF:104
LH:76
BRDA:17,1,0,8
BRDA:17,1,1,0
BRDA:31,2,0,0
BRDA:31,2,1,12
BRDA:37,3,0,1
BRDA:37,3,1,11
BRDA:57,4,0,0
BRDA:57,4,1,14
BRDA:62,5,0,7
BRDA:62,5,1,7
BRDA:67,6,0,0
BRDA:67,6,1,7
BRDA:67,7,0,7
BRDA:67,7,1,0
BRDA:78,8,0,7
BRDA:78,8,1,0
BRDA:88,9,0,0
BRDA:88,9,1,0
BRDA:91,10,0,0
BRDA:91,10,1,0
BRDA:94,11,0,0
BRDA:94,11,1,0
BRDA:95,12,0,0
BRDA:95,12,1,0
BRDA:140,13,0,8
BRDA:140,13,1,6
BRDA:141,14,0,14
BRDA:141,14,1,6
BRDA:169,15,0,2
BRDA:169,15,1,4
BRDA:188,16,0,0
BRDA:188,16,1,12
BRDA:193,17,0,0
BRDA:193,17,1,0
BRDA:201,18,0,12
BRDA:201,18,1,0
BRDA:206,19,0,0
BRDA:206,19,1,12
BRDA:206,20,0,12
BRDA:206,20,1,12
BRDA:226,21,0,0
BRDA:226,21,1,12
BRF:42
BRH:22
end_of_record
TN:
SF:/home/bmiller/git/node-ipc/lib/socketServer.js
FN:9,emit
FN:40,broadcast
FN:63,init
FN:75,(anonymous_4)
FN:81,(anonymous_5)
FN:84,(anonymous_6)
FN:93,(anonymous_7)
FN:94,(anonymous_8)
FN:134,UDPWrite
FN:142,(anonymous_10)
FN:147,(anonymous_11)
FN:162,(anonymous_12)
FN:170,(anonymous_13)
FN:182,serverCreated
FN:191,(anonymous_15)
FN:201,(anonymous_16)
FN:210,(anonymous_17)
FN:256,(anonymous_18)
FN:281,started
FN:334,(anonymous_20)
FNF:20
FNH:13
FNDA:2,emit
FNDA:0,broadcast
FNDA:4,init
FNDA:4,(anonymous_4)
FNDA:0,(anonymous_5)
FNDA:4,(anonymous_6)
FNDA:4,(anonymous_7)
FNDA:4,(anonymous_8)
FNDA:2,UDPWrite
FNDA:2,(anonymous_10)
FNDA:0,(anonymous_11)
FNDA:2,(anonymous_12)
FNDA:0,(anonymous_13)
FNDA:4,serverCreated
FNDA:0,(anonymous_15)
FNDA:0,(anonymous_16)
FNDA:3,(anonymous_17)
FNDA:1,(anonymous_18)
FNDA:4,started
FNDA:0,(anonymous_20)
DA:1,1
DA:9,1
DA:10,2
DA:12,2
DA:13,2
DA:14,2
DA:16,2
DA:17,0
DA:19,2
DA:22,2
DA:24,2
DA:25,0
DA:26,0
DA:27,0
DA:30,2
DA:34,2
DA:37,0
DA:40,1
DA:41,0
DA:42,0
DA:43,0
DA:44,0
DA:46,0
DA:47,0
DA:49,0
DA:52,0
DA:53,0
DA:54,0
DA:57,0
DA:58,0
DA:63,1
DA:64,4
DA:76,4
DA:82,0
DA:85,4
DA:86,0
DA:87,0
DA:90,4
DA:94,4
DA:95,4
DA:97,4
DA:98,2
DA:99,2
DA:103,0
DA:104,0
DA:105,0
DA:107,0
DA:109,0
DA:110,0
DA:112,0
DA:114,0
DA:115,0
DA:117,0
DA:118,0
DA:119,0
DA:121,0
DA:122,0
DA:123,0
DA:128,0
DA:134,1
DA:135,2
DA:136,2
DA:143,2
DA:144,1
DA:145,1
DA:148,0
DA:156,2
DA:159,2
DA:160,2
DA:163,2
DA:168,4
DA:171,0
DA:173,0
DA:180,4
DA:182,1
DA:183,4
DA:185,4
DA:186,2
DA:188,4
DA:189,4
DA:192,0
DA:199,4
DA:202,0
DA:204,0
DA:208,4
DA:211,3
DA:212,3
DA:213,0
DA:214,0
DA:219,0
DA:222,3
DA:223,3
DA:225,3
DA:227,3
DA:228,0
DA:229,0
DA:232,3
DA:234,3
DA:236,3
DA:237,3
DA:238,3
DA:240,3
DA:242,3
DA:243,3
DA:245,3
DA:254,4
DA:257,1
DA:258,0
DA:259,1
DA:260,1
DA:262,1
DA:263,0
DA:265,1
DA:267,1
DA:271,4
DA:276,4
DA:277,0
DA:281,1
DA:282,4
DA:285,4
DA:286,1
DA:287,1
DA:288,0
DA:289,0
DA:290,0
DA:293,1
DA:298,1
DA:301,3
DA:302,1
DA:303,1
DA:308,1
DA:311,2
DA:312,2
DA:317,2
DA:330,4
DA:332,4
DA:335,0
DA:336,0
DA:337,0
DA:339,0
DA:340,0
DA:341,0
DA:344,0
DA:345,0
DA:347,0
DA:349,0
DA:350,0
DA:352,0
DA:354,0
DA:356,0
DA:361,4
DA:364,1
LF:152
LH:85
BRDA:16,1,0,0
BRDA:16,1,1,2
BRDA:22,2,0,2
BRDA:22,2,1,0
BRDA:22,3,0,2
BRDA:22,3,1,1
BRDA:24,4,0,0
BRDA:24,4,1,2
BRDA:24,5,0,2
BRDA:24,5,1,2
BRDA:41,6,0,0
BRDA:41,6,1,0
BRDA:46,7,0,0
BRDA:46,7,1,0
BRDA:52,8,0,0
BRDA:52,8,1,0
BRDA:52,9,0,0
BRDA:52,9,1,0
BRDA:85,10,0,0
BRDA:85,10,1,4
BRDA:95,11,0,3
BRDA:95,11,1,1
BRDA:97,12,0,2
BRDA:97,12,1,2
BRDA:97,13,0,4
BRDA:97,13,1,3
BRDA:98,14,0,2
BRDA:98,14,1,0
BRDA:104,15,0,0
BRDA:104,15,1,0
BRDA:109,16,0,0
BRDA:109,16,1,0
BRDA:114,17,0,0
BRDA:114,17,1,0
BRDA:117,18,0,0
BRDA:117,18,1,0
BRDA:118,19,0,0
BRDA:118,19,1,0
BRDA:143,20,0,1
BRDA:143,20,1,1
BRDA:157,21,0,1
BRDA:157,21,1,1
BRDA:185,22,0,2
BRDA:185,22,1,2
BRDA:211,23,0,1
BRDA:211,23,1,2
BRDA:211,24,0,3
BRDA:211,24,1,2
BRDA:212,25,0,0
BRDA:212,25,1,3
BRDA:222,26,0,3
BRDA:222,26,1,0
BRDA:227,27,0,0
BRDA:227,27,1,3
BRDA:227,28,0,3
BRDA:227,28,1,3
BRDA:242,29,0,3
BRDA:242,29,1,0
BRDA:257,30,0,0
BRDA:257,30,1,1
BRDA:262,31,0,0
BRDA:262,31,1,1
BRDA:276,32,0,0
BRDA:276,32,1,4
BRDA:285,33,0,1
BRDA:285,33,1,3
BRDA:287,34,0,0
BRDA:287,34,1,1
BRDA:301,35,0,1
BRDA:301,35,1,2
BRDA:301,36,0,3
BRDA:301,36,1,2
BRDA:302,37,0,0
BRDA:302,37,1,1
BRDA:311,38,0,1
BRDA:311,38,1,1
BRDA:339,39,0,0
BRDA:339,39,1,0
BRDA:340,40,0,0
BRDA:340,40,1,0
BRDA:344,41,0,0
BRDA:344,41,1,0
BRDA:349,42,0,0
BRDA:349,42,1,0
BRF:84
BRH:44
end_of_record
