TN:
SF:node-ipc.js
FN:4,IPCModule
FNF:1
FNH:1
FNDA:15,IPCModule
DA:1,7
DA:2,7
DA:3,7
DA:4,7
DA:5,15
DA:6,15
DA:7,15
DA:8,15
DA:9,15
DA:10,15
DA:11,15
DA:12,15
DA:13,15
DA:14,15
DA:15,15
DA:16,15
DA:17,7
DA:18,7
DA:19,7
DA:20,7
DA:21,7
DA:22,7
DA:23,7
DA:24,7
LF:24
LH:24
BRDA:1,0,0,7
BRDA:4,1,0,15
BRF:2
BRH:2
end_of_record
TN:
SF:dao/client.js
FN:12,Client
FN:23,<instance_members_initializer>
FN:32,emit
FN:57,syncEmit
FN:62,connect
FN:154,connectionMade
FN:163,connectionClosed
FN:189,retryTimeout
FNF:8
FNH:8
FNDA:6,Client
FNDA:6,<instance_members_initializer>
FNDA:12,emit
FNDA:6,syncEmit
FNDA:20,connect
FNDA:4,connectionMade
FNDA:19,connectionClosed
FNDA:14,retryTimeout
DA:1,7
DA:2,7
DA:3,7
DA:4,7
DA:5,7
DA:6,7
DA:7,7
DA:8,7
DA:9,7
DA:10,7
DA:11,7
DA:12,7
DA:13,6
DA:14,6
DA:15,6
DA:16,6
DA:17,6
DA:18,6
DA:19,6
DA:20,6
DA:21,6
DA:22,7
DA:23,7
DA:24,6
DA:25,6
DA:26,6
DA:27,6
DA:28,6
DA:29,7
DA:30,7
DA:31,7
DA:32,12
DA:33,12
DA:34,12
DA:35,12
DA:36,12
DA:37,12
DA:38,12
DA:39,12
DA:40,0
DA:41,12
DA:42,12
DA:43,12
DA:44,12
DA:45,12
DA:46,12
DA:47,6
DA:48,6
DA:49,6
DA:50,6
DA:51,6
DA:52,6
DA:53,6
DA:54,6
DA:55,12
DA:56,7
DA:57,6
DA:58,6
DA:59,6
DA:60,6
DA:61,7
DA:62,20
DA:63,20
DA:64,20
DA:65,20
DA:66,20
DA:67,20
DA:68,0
DA:69,0
DA:70,0
DA:71,20
DA:72,20
DA:73,20
DA:74,20
DA:75,2
DA:76,2
DA:77,2
DA:78,2
DA:79,2
DA:80,0
DA:81,0
DA:82,0
DA:83,0
DA:84,2
DA:85,2
DA:86,20
DA:87,18
DA:88,18
DA:89,18
DA:90,18
DA:91,0
DA:92,0
DA:93,18
DA:94,18
DA:95,0
DA:96,0
DA:97,18
DA:98,18
DA:99,0
DA:100,0
DA:101,18
DA:102,18
DA:103,0
DA:104,0
DA:105,18
DA:106,18
DA:107,0
DA:108,0
DA:109,18
DA:110,18
DA:111,18
DA:112,18
DA:113,18
DA:114,0
DA:115,0
DA:116,0
DA:117,0
DA:118,0
DA:119,0
DA:120,0
DA:121,0
DA:122,0
DA:123,0
DA:124,0
DA:125,0
DA:126,0
DA:127,0
DA:128,0
DA:129,0
DA:130,0
DA:131,0
DA:132,0
DA:133,0
DA:134,0
DA:135,0
DA:136,0
DA:137,0
DA:138,0
DA:139,18
DA:140,20
DA:141,20
DA:142,20
DA:143,20
DA:144,20
DA:145,20
DA:146,16
DA:147,16
DA:148,16
DA:149,16
DA:150,20
DA:151,20
DA:152,20
DA:153,20
DA:154,20
DA:155,4
DA:156,4
DA:157,4
DA:158,4
DA:159,20
DA:160,20
DA:161,20
DA:162,20
DA:163,20
DA:164,19
DA:165,19
DA:166,19
DA:167,19
DA:168,19
DA:169,19
DA:170,19
DA:171,14
DA:172,19
DA:173,19
DA:174,5
DA:175,5
DA:176,5
DA:177,5
DA:178,5
DA:179,5
DA:180,5
DA:181,5
DA:182,5
DA:183,5
DA:184,5
DA:185,5
DA:186,5
DA:187,14
DA:188,14
DA:189,14
DA:190,14
DA:191,0
DA:192,0
DA:193,14
DA:194,14
DA:195,14
DA:196,14
DA:197,14
DA:198,14
DA:199,14
DA:200,19
DA:201,20
DA:202,20
DA:203,20
DA:204,20
DA:205,20
DA:206,8
DA:207,8
DA:208,0
DA:209,0
DA:210,0
DA:211,0
DA:212,0
DA:213,0
DA:214,0
DA:215,0
DA:216,0
DA:217,0
DA:218,0
DA:219,8
DA:220,8
DA:221,8
DA:222,8
DA:223,8
DA:224,8
DA:225,8
DA:226,8
DA:227,0
DA:228,0
DA:229,0
DA:230,8
DA:231,8
DA:232,8
DA:233,8
DA:234,8
DA:235,8
DA:236,8
DA:237,8
DA:238,8
DA:239,8
DA:240,8
DA:241,8
DA:242,8
DA:243,8
DA:244,8
DA:245,7
DA:246,7
DA:247,2
DA:248,2
DA:249,5
DA:250,5
DA:251,8
DA:252,20
DA:253,20
DA:254,7
DA:255,7
DA:256,7
DA:257,7
DA:258,7
LF:258
LH:199
BRDA:1,0,0,7
BRDA:12,1,0,6
BRDA:18,2,0,0
BRDA:23,3,0,6
BRDA:32,4,0,12
BRDA:39,5,0,0
BRDA:46,6,0,6
BRDA:57,7,0,6
BRDA:62,8,0,20
BRDA:67,9,0,0
BRDA:74,10,0,2
BRDA:79,11,0,0
BRDA:79,12,0,0
BRDA:86,13,0,18
BRDA:90,14,0,0
BRDA:94,15,0,0
BRDA:98,16,0,0
BRDA:102,17,0,0
BRDA:106,18,0,0
BRDA:113,19,0,0
BRDA:145,20,0,16
BRDA:154,21,0,4
BRDA:163,22,0,19
BRDA:169,23,0,15
BRDA:170,24,0,14
BRDA:173,25,0,5
BRDA:187,26,0,14
BRDA:189,27,0,14
BRDA:190,28,0,0
BRDA:205,29,0,8
BRDA:207,30,0,0
BRDA:226,31,0,0
BRDA:245,32,0,7
BRDA:246,33,0,2
BRDA:249,34,0,5
BRF:35
BRH:21
end_of_record
TN:
SF:dao/socketServer.js
FN:13,Server
FN:30,<instance_members_initializer>
FN:37,onStart
FN:44,stop
FN:48,start
FN:65,emit
FN:97,broadcast
FN:120,serverClosed
FN:149,gotData
FN:195,socketClosed
FN:202,serverCreated
FN:258,startServer
FN:280,UDPServerStarted
FN:342,startTLSServer
FN:374,UDPWrite
FNF:15
FNH:14
FNDA:8,Server
FNDA:8,<instance_members_initializer>
FNDA:8,onStart
FNDA:3,stop
FNDA:8,start
FNDA:13,emit
FNDA:1,broadcast
FNDA:6,serverClosed
FNDA:20,gotData
FNDA:6,socketClosed
FNDA:11,serverCreated
FNDA:8,startServer
FNDA:4,UDPServerStarted
FNDA:0,startTLSServer
FNDA:6,UDPWrite
DA:1,1
DA:2,7
DA:3,7
DA:4,7
DA:5,7
DA:6,7
DA:7,7
DA:8,7
DA:9,7
DA:10,7
DA:11,7
DA:12,7
DA:13,7
DA:14,8
DA:15,8
DA:16,8
DA:17,8
DA:18,8
DA:19,8
DA:20,8
DA:21,8
DA:22,8
DA:23,8
DA:24,8
DA:25,8
DA:26,8
DA:27,8
DA:28,8
DA:29,7
DA:30,7
DA:31,8
DA:32,8
DA:33,8
DA:34,8
DA:35,7
DA:36,7
DA:37,7
DA:38,8
DA:39,8
DA:40,8
DA:41,8
DA:42,8
DA:43,7
DA:44,7
DA:45,3
DA:46,3
DA:47,7
DA:48,7
DA:49,8
DA:50,0
DA:51,0
DA:52,0
DA:53,8
DA:54,8
DA:55,8
DA:56,8
DA:57,8
DA:58,8
DA:59,8
DA:60,0
DA:61,0
DA:62,8
DA:63,7
DA:64,7
DA:65,13
DA:66,13
DA:67,13
DA:68,13
DA:69,13
DA:70,13
DA:71,13
DA:72,13
DA:73,0
DA:74,0
DA:75,13
DA:76,13
DA:77,13
DA:78,13
DA:79,13
DA:80,6
DA:81,6
DA:82,0
DA:83,0
DA:84,0
DA:85,0
DA:86,6
DA:87,6
DA:88,6
DA:89,6
DA:90,6
DA:91,6
DA:92,6
DA:93,7
DA:94,7
DA:95,13
DA:96,7
DA:97,1
DA:98,1
DA:99,1
DA:100,1
DA:101,1
DA:102,1
DA:103,1
DA:104,0
DA:105,1
DA:106,1
DA:107,1
DA:108,1
DA:109,1
DA:110,0
DA:111,0
DA:112,0
DA:113,1
DA:114,1
DA:115,2
DA:116,2
DA:117,1
DA:118,1
DA:119,7
DA:120,6
DA:121,6
DA:122,7
DA:123,7
DA:124,7
DA:125,7
DA:126,7
DA:127,1
DA:128,1
DA:129,7
DA:130,6
DA:131,7
DA:132,0
DA:133,0
DA:134,6
DA:135,6
DA:136,6
DA:137,7
DA:138,4
DA:139,4
DA:140,6
DA:141,6
DA:142,6
DA:143,6
DA:144,6
DA:145,6
DA:146,6
DA:147,6
DA:148,7
DA:149,20
DA:150,20
DA:151,20
DA:152,0
DA:153,0
DA:154,0
DA:155,0
DA:156,0
DA:157,0
DA:158,0
DA:159,0
DA:160,20
DA:161,20
DA:162,20
DA:163,20
DA:164,20
DA:165,20
DA:166,20
DA:167,20
DA:168,3
DA:169,3
DA:170,3
DA:171,17
DA:172,17
DA:173,17
DA:174,17
DA:175,17
DA:176,17
DA:177,17
DA:178,17
DA:179,17
DA:180,17
DA:181,17
DA:182,9
DA:183,9
DA:184,17
DA:185,17
DA:186,17
DA:187,17
DA:188,17
DA:189,17
DA:190,17
DA:191,17
DA:192,17
DA:193,20
DA:194,7
DA:195,6
DA:196,6
DA:197,6
DA:198,6
DA:199,6
DA:200,6
DA:201,7
DA:202,11
DA:203,11
DA:204,11
DA:205,11
DA:206,7
DA:207,7
DA:208,11
DA:209,11
DA:210,11
DA:211,11
DA:212,11
DA:213,11
DA:214,11
DA:215,11
DA:216,11
DA:217,11
DA:218,0
DA:219,0
DA:220,0
DA:221,11
DA:222,11
DA:223,11
DA:224,11
DA:225,11
DA:226,11
DA:227,11
DA:228,11
DA:229,11
DA:230,11
DA:231,11
DA:232,6
DA:233,0
DA:234,0
DA:235,6
DA:236,6
DA:237,6
DA:238,6
DA:239,6
DA:240,0
DA:241,6
DA:242,6
DA:243,6
DA:244,6
DA:245,11
DA:246,11
DA:247,11
DA:248,11
DA:249,11
DA:250,11
DA:251,11
DA:252,11
DA:253,11
DA:254,0
DA:255,0
DA:256,11
DA:257,7
DA:258,8
DA:259,8
DA:260,8
DA:261,8
DA:262,8
DA:263,8
DA:264,8
DA:265,4
DA:266,4
DA:267,4
DA:268,4
DA:269,4
DA:270,4
DA:271,0
DA:272,0
DA:273,4
DA:274,4
DA:275,4
DA:276,4
DA:277,4
DA:278,4
DA:279,4
DA:280,4
DA:281,4
DA:282,4
DA:283,4
DA:284,4
DA:285,8
DA:286,8
DA:287,8
DA:288,8
DA:289,0
DA:290,0
DA:291,0
DA:292,0
DA:293,0
DA:294,0
DA:295,8
DA:296,8
DA:297,8
DA:298,8
DA:299,8
DA:300,8
DA:301,2
DA:302,2
DA:303,0
DA:304,0
DA:305,0
DA:306,0
DA:307,2
DA:308,2
DA:309,2
DA:310,2
DA:311,2
DA:312,2
DA:313,2
DA:314,2
DA:315,2
DA:316,6
DA:317,8
DA:318,2
DA:319,2
DA:320,2
DA:321,2
DA:322,2
DA:323,2
DA:324,2
DA:325,2
DA:326,4
DA:327,8
DA:328,8
DA:329,8
DA:330,8
DA:331,8
DA:332,8
DA:333,8
DA:334,8
DA:335,8
DA:336,8
DA:337,8
DA:338,8
DA:339,8
DA:340,8
DA:341,7
DA:342,0
DA:343,0
DA:344,0
DA:345,0
DA:346,0
DA:347,0
DA:348,0
DA:349,0
DA:350,0
DA:351,0
DA:352,0
DA:353,0
DA:354,0
DA:355,0
DA:356,0
DA:357,0
DA:358,0
DA:359,0
DA:360,0
DA:361,0
DA:362,0
DA:363,0
DA:364,0
DA:365,0
DA:366,0
DA:367,0
DA:368,0
DA:369,0
DA:370,0
DA:371,0
DA:372,0
DA:373,7
DA:374,6
DA:375,6
DA:376,6
DA:377,6
DA:378,6
DA:379,6
DA:380,6
DA:381,6
DA:382,6
DA:383,6
DA:384,0
DA:385,0
DA:386,0
DA:387,0
DA:388,0
DA:389,0
DA:390,0
DA:391,0
DA:392,6
DA:393,6
DA:394,6
DA:395,7
DA:396,7
DA:397,7
DA:398,7
DA:399,7
LF:399
LH:315
BRDA:2,0,0,7
BRDA:13,1,0,8
BRDA:30,2,0,8
BRDA:37,3,0,8
BRDA:44,4,0,3
BRDA:48,5,0,8
BRDA:49,6,0,0
BRDA:59,7,0,0
BRDA:65,8,0,13
BRDA:72,9,0,0
BRDA:79,10,0,10
BRDA:79,11,0,6
BRDA:81,12,0,0
BRDA:93,13,0,7
BRDA:97,14,0,1
BRDA:98,15,0,0
BRDA:103,16,0,0
BRDA:109,17,0,0
BRDA:114,18,0,2
BRDA:120,19,0,6
BRDA:121,20,0,7
BRDA:126,21,0,1
BRDA:130,22,0,6
BRDA:131,23,0,0
BRDA:134,24,0,6
BRDA:137,25,0,4
BRDA:140,26,0,6
BRDA:147,27,0,0
BRDA:149,28,0,20
BRDA:150,29,0,17
BRDA:150,30,0,6
BRDA:150,31,0,14
BRDA:151,32,0,0
BRDA:167,33,0,17
BRDA:167,34,0,18
BRDA:167,35,0,3
BRDA:171,36,0,17
BRDA:181,37,0,9
BRDA:195,38,0,6
BRDA:202,39,0,11
BRDA:205,40,0,7
BRDA:253,41,0,0
BRDA:231,42,0,6
BRDA:232,43,0,0
BRDA:239,44,0,0
BRDA:258,45,0,8
BRDA:261,46,0,6
BRDA:261,47,0,2
BRDA:264,48,0,6
BRDA:264,49,0,4
BRDA:270,50,0,0
BRDA:275,51,0,2
BRDA:300,52,0,2
BRDA:302,53,0,0
BRDA:316,54,0,6
BRDA:317,55,0,4
BRDA:317,56,0,6
BRDA:317,57,0,2
BRDA:318,58,0,0
BRDA:326,59,0,5
BRDA:326,60,0,4
BRDA:327,61,0,2
BRDA:280,62,0,4
BRDA:374,63,0,6
BRDA:382,64,0,6
BRDA:383,65,0,0
BRF:66
BRH:49
end_of_record
TN:
SF:entities/Defaults.js
FN:5,Defaults
FN:10,<instance_members_initializer>
FN:49,getIPType
FNF:3
FNH:3
FNDA:29,Defaults
FNDA:29,<instance_members_initializer>
FNDA:29,getIPType
DA:1,7
DA:2,7
DA:3,7
DA:4,7
DA:5,7
DA:6,29
DA:7,29
DA:8,7
DA:9,7
DA:10,7
DA:11,29
DA:12,29
DA:13,29
DA:14,29
DA:15,29
DA:16,29
DA:17,29
DA:18,29
DA:19,29
DA:20,29
DA:21,29
DA:22,29
DA:23,29
DA:24,29
DA:25,29
DA:26,29
DA:27,29
DA:28,29
DA:29,29
DA:30,29
DA:31,29
DA:32,29
DA:33,29
DA:34,29
DA:35,29
DA:36,29
DA:37,29
DA:38,29
DA:39,29
DA:40,29
DA:41,29
DA:42,29
DA:43,29
DA:44,29
DA:45,29
DA:46,7
DA:47,7
DA:48,7
DA:49,29
DA:50,29
DA:51,29
DA:52,29
DA:53,29
DA:54,29
DA:55,0
DA:56,0
DA:57,0
DA:58,0
DA:59,0
DA:60,29
DA:61,29
DA:62,7
DA:63,7
DA:64,7
DA:65,7
DA:66,7
LF:66
LH:61
BRDA:1,0,0,7
BRDA:5,1,0,29
BRDA:10,2,0,29
BRDA:33,3,0,0
BRDA:49,4,0,29
BRDA:54,5,0,0
BRDA:54,6,0,0
BRF:7
BRH:4
end_of_record
TN:
SF:entities/EventParser.js
FN:5,Parser
FN:12,format
FN:24,parse
FNF:3
FNH:3
FNDA:28,Parser
FNDA:26,format
FNDA:25,parse
DA:1,1
DA:2,7
DA:3,7
DA:4,7
DA:5,7
DA:6,28
DA:7,14
DA:8,14
DA:9,28
DA:10,28
DA:11,7
DA:12,7
DA:13,26
DA:14,9
DA:15,9
DA:16,26
DA:17,0
DA:18,0
DA:19,26
DA:20,26
DA:21,26
DA:22,26
DA:23,7
DA:24,7
DA:25,25
DA:26,25
DA:27,25
DA:28,25
DA:29,7
DA:30,7
DA:31,7
DA:32,7
DA:33,7
DA:34,7
LF:34
LH:32
BRDA:2,0,0,7
BRDA:5,1,0,28
BRDA:6,2,0,14
BRDA:12,3,0,26
BRDA:13,4,0,9
BRDA:13,5,0,9
BRDA:13,6,0,9
BRDA:16,7,0,0
BRDA:24,8,0,25
BRF:9
BRH:8
end_of_record
TN:
SF:helpers/delay.js
FN:1,delay
FNF:1
FNH:1
FNDA:10,delay
DA:1,10
DA:2,10
DA:3,10
DA:4,10
DA:5,10
DA:6,10
DA:7,10
DA:8,1
DA:9,1
DA:10,1
DA:11,1
DA:12,1
LF:12
LH:12
BRDA:1,0,0,1
BRDA:1,1,0,10
BRDA:3,2,0,10
BRF:3
BRH:3
end_of_record
TN:
SF:services/IPC.js
FN:8,IPC
FN:13,<instance_members_initializer>
FN:18,get connectTo
FN:21,get connectToNet
FN:24,get disconnect
FN:27,get serve
FN:30,get serveNet
FN:33,get log
FN:37,set connectTo
FN:40,set connectToNet
FN:43,set disconnect
FN:46,set serve
FN:49,set serveNet
FN:52,set log
FN:59,log
FN:83,disconnect
FN:100,serve
FN:130,emptyCallback
FN:134,serveNet
FN:211,connect
FN:261,connectNet
FNF:21
FNH:14
FNDA:15,IPC
FNDA:15,<instance_members_initializer>
FNDA:2,get connectTo
FNDA:4,get connectToNet
FNDA:3,get disconnect
FNDA:2,get serve
FNDA:6,get serveNet
FNDA:22,get log
FNDA:0,set connectTo
FNDA:0,set connectToNet
FNDA:0,set disconnect
FNDA:0,set serve
FNDA:0,set serveNet
FNDA:0,set log
FNDA:211,log
FNDA:3,disconnect
FNDA:2,serve
FNDA:0,emptyCallback
FNDA:6,serveNet
FNDA:2,connect
FNDA:4,connectNet
DA:1,1
DA:2,7
DA:3,7
DA:4,7
DA:5,7
DA:6,7
DA:7,7
DA:8,7
DA:9,15
DA:10,15
DA:11,7
DA:12,7
DA:13,7
DA:14,15
DA:15,7
DA:16,7
DA:17,7
DA:18,7
DA:19,2
DA:20,2
DA:21,7
DA:22,4
DA:23,4
DA:24,7
DA:25,3
DA:26,3
DA:27,7
DA:28,2
DA:29,2
DA:30,7
DA:31,6
DA:32,6
DA:33,7
DA:34,22
DA:35,22
DA:36,7
DA:37,7
DA:38,0
DA:39,0
DA:40,7
DA:41,0
DA:42,0
DA:43,7
DA:44,0
DA:45,0
DA:46,7
DA:47,0
DA:48,0
DA:49,7
DA:50,0
DA:51,0
DA:52,7
DA:53,0
DA:54,0
DA:55,7
DA:56,7
DA:57,7
DA:58,7
DA:59,211
DA:60,211
DA:61,147
DA:62,147
DA:63,64
DA:64,110
DA:65,191
DA:66,179
DA:67,179
DA:68,12
DA:69,12
DA:70,12
DA:71,12
DA:72,12
DA:73,12
DA:74,12
DA:75,12
DA:76,12
DA:77,64
DA:78,64
DA:79,64
DA:80,64
DA:81,211
DA:82,7
DA:83,3
DA:84,3
DA:85,0
DA:86,0
DA:87,3
DA:88,3
DA:89,3
DA:90,3
DA:91,3
DA:92,3
DA:93,3
DA:94,3
DA:95,3
DA:96,3
DA:97,3
DA:98,3
DA:99,7
DA:100,2
DA:101,2
DA:102,2
DA:103,2
DA:104,2
DA:105,2
DA:106,2
DA:107,2
DA:108,2
DA:109,2
DA:110,2
DA:111,2
DA:112,2
DA:113,2
DA:114,2
DA:115,0
DA:116,0
DA:117,2
DA:118,2
DA:119,2
DA:120,2
DA:121,2
DA:122,2
DA:123,2
DA:124,2
DA:125,2
DA:126,2
DA:127,2
DA:128,2
DA:129,7
DA:130,0
DA:131,0
DA:132,0
DA:133,7
DA:134,6
DA:135,6
DA:136,0
DA:137,0
DA:138,0
DA:139,0
DA:140,0
DA:141,6
DA:142,2
DA:143,2
DA:144,2
DA:145,2
DA:146,2
DA:147,6
DA:148,2
DA:149,2
DA:150,2
DA:151,2
DA:152,2
DA:153,2
DA:154,2
DA:155,6
DA:156,0
DA:157,0
DA:158,0
DA:159,0
DA:160,0
DA:161,6
DA:162,6
DA:163,4
DA:164,4
DA:165,4
DA:166,4
DA:167,6
DA:168,0
DA:169,0
DA:170,0
DA:171,0
DA:172,6
DA:173,6
DA:174,6
DA:175,6
DA:176,6
DA:177,6
DA:178,6
DA:179,6
DA:180,6
DA:181,6
DA:182,0
DA:183,0
DA:184,0
DA:185,6
DA:186,6
DA:187,0
DA:188,0
DA:189,6
DA:190,6
DA:191,6
DA:192,6
DA:193,6
DA:194,6
DA:195,6
DA:196,6
DA:197,6
DA:198,4
DA:199,4
DA:200,0
DA:201,0
DA:202,0
DA:203,4
DA:204,6
DA:205,6
DA:206,6
DA:207,6
DA:208,6
DA:209,6
DA:210,7
DA:211,2
DA:212,2
DA:213,1
DA:214,1
DA:215,1
DA:216,2
DA:217,2
DA:218,0
DA:219,0
DA:220,2
DA:221,2
DA:222,0
DA:223,0
DA:224,0
DA:225,0
DA:226,0
DA:227,0
DA:228,2
DA:229,2
DA:230,1
DA:231,1
DA:232,1
DA:233,1
DA:234,1
DA:235,1
DA:236,1
DA:237,2
DA:238,2
DA:239,0
DA:240,0
DA:241,0
DA:242,0
DA:243,0
DA:244,0
DA:245,0
DA:246,0
DA:247,0
DA:248,0
DA:249,0
DA:250,2
DA:251,2
DA:252,2
DA:253,2
DA:254,2
DA:255,2
DA:256,2
DA:257,2
DA:258,2
DA:259,2
DA:260,7
DA:261,4
DA:262,4
DA:263,0
DA:264,0
DA:265,0
DA:266,0
DA:267,0
DA:268,0
DA:269,4
DA:270,3
DA:271,3
DA:272,3
DA:273,3
DA:274,4
DA:275,1
DA:276,1
DA:277,1
DA:278,1
DA:279,4
DA:280,4
DA:281,4
DA:282,4
DA:283,4
DA:284,4
DA:285,4
DA:286,4
DA:287,4
DA:288,4
DA:289,0
DA:290,0
DA:291,0
DA:292,4
DA:293,1
DA:294,1
DA:295,1
DA:296,1
DA:297,1
DA:298,1
DA:299,1
DA:300,4
DA:301,4
DA:302,0
DA:303,0
DA:304,0
DA:305,4
DA:306,0
DA:307,0
DA:308,4
DA:309,4
DA:310,0
DA:311,0
DA:312,0
DA:313,0
DA:314,0
DA:315,0
DA:316,0
DA:317,0
DA:318,0
DA:319,0
DA:320,0
DA:321,0
DA:322,4
DA:323,4
DA:324,4
DA:325,4
DA:326,4
DA:327,4
DA:328,4
DA:329,4
DA:330,4
DA:331,4
DA:332,4
DA:333,7
DA:334,7
DA:335,7
DA:336,7
DA:337,7
LF:337
LH:251
BRDA:2,0,0,7
BRDA:8,1,0,15
BRDA:13,2,0,15
BRDA:18,3,0,2
BRDA:21,4,0,4
BRDA:24,5,0,3
BRDA:27,6,0,2
BRDA:30,7,0,6
BRDA:33,8,0,22
BRDA:59,9,0,211
BRDA:60,10,0,147
BRDA:63,11,0,110
BRDA:63,12,0,64
BRDA:64,13,0,191
BRDA:65,14,0,179
BRDA:68,15,0,12
BRDA:77,16,0,64
BRDA:83,17,0,3
BRDA:84,18,0,0
BRDA:100,19,0,2
BRDA:114,20,0,0
BRDA:134,21,0,6
BRDA:135,22,0,0
BRDA:141,23,0,2
BRDA:147,24,0,2
BRDA:155,25,0,0
BRDA:162,26,0,4
BRDA:167,27,0,0
BRDA:181,28,0,0
BRDA:186,29,0,0
BRDA:197,30,0,4
BRDA:199,31,0,2
BRDA:199,32,0,0
BRDA:211,33,0,2
BRDA:212,34,0,1
BRDA:217,35,0,0
BRDA:221,36,0,0
BRDA:229,37,0,1
BRDA:238,38,0,0
BRDA:253,39,0,0
BRDA:261,40,0,4
BRDA:262,41,0,0
BRDA:269,42,0,3
BRDA:274,43,0,1
BRDA:288,44,0,0
BRDA:292,45,0,1
BRDA:301,46,0,0
BRDA:305,47,0,0
BRDA:309,48,0,0
BRDA:325,49,0,0
BRF:50
BRH:32
end_of_record
