TN:
SF:dist/node-ipc.js
FN:12,Defaults
FN:44,getIPType
FN:57,Parser
FN:63,format
FN:73,parse
FN:82,Client
FN:99,emit$1
FN:118,syncEmit
FN:122,connect$1
FN:192,connectionMade
FN:197,connectionClosed
FN:209,retryTimeout
FN:255,Server
FN:272,onStart
FN:275,stop
FN:278,start
FN:291,emit
FN:314,broadcast
FN:336,serverClosed
FN:357,gotData
FN:386,socketClosed
FN:389,serverCreated
FN:420,startServer
FN:434,UDPServerStarted
FN:469,startTLSServer
FN:497,UDPWrite
FN:510,IPC
FN:517,get connectTo
FN:520,get connectToNet
FN:523,get disconnect
FN:526,get serve
FN:529,get serveNow
FN:536,get serveNet
FN:539,get serveNetNow
FN:546,get log
FN:550,log
FN:565,disconnect
FN:578,serve
FN:588,serveNet
FN:626,connect
FN:651,connectNet
FN:688,IPCModule
FNF:42
FNH:39
FNDA:29,Defaults
FNDA:29,getIPType
FNDA:28,Parser
FNDA:26,format
FNDA:25,parse
FNDA:6,Client
FNDA:12,emit$1
FNDA:6,syncEmit
FNDA:20,connect$1
FNDA:4,connectionMade
FNDA:19,connectionClosed
FNDA:14,retryTimeout
FNDA:8,Server
FNDA:8,onStart
FNDA:3,stop
FNDA:8,start
FNDA:13,emit
FNDA:1,broadcast
FNDA:3,serverClosed
FNDA:17,gotData
FNDA:3,socketClosed
FNDA:8,serverCreated
FNDA:8,startServer
FNDA:4,UDPServerStarted
FNDA:0,startTLSServer
FNDA:6,UDPWrite
FNDA:15,IPC
FNDA:2,get connectTo
FNDA:4,get connectToNet
FNDA:3,get disconnect
FNDA:2,get serve
FNDA:0,get serveNow
FNDA:6,get serveNet
FNDA:0,get serveNetNow
FNDA:22,get log
FNDA:202,log
FNDA:3,disconnect
FNDA:2,serve
FNDA:6,serveNet
FNDA:2,connect
FNDA:4,connectNet
FNDA:15,IPCModule
DA:1,7
DA:2,7
DA:3,7
DA:4,7
DA:5,7
DA:6,7
DA:7,7
DA:8,7
DA:9,7
DA:10,7
DA:11,7
DA:12,7
DA:13,29
DA:14,29
DA:15,29
DA:16,29
DA:17,29
DA:18,29
DA:19,29
DA:20,29
DA:21,29
DA:22,29
DA:23,29
DA:24,29
DA:25,29
DA:26,29
DA:27,29
DA:28,29
DA:29,29
DA:30,29
DA:31,29
DA:32,29
DA:33,29
DA:34,29
DA:35,29
DA:36,29
DA:37,29
DA:38,29
DA:39,29
DA:40,29
DA:41,29
DA:42,29
DA:43,7
DA:44,29
DA:45,29
DA:46,29
DA:47,29
DA:48,29
DA:49,29
DA:50,0
DA:51,0
DA:52,0
DA:53,29
DA:54,29
DA:55,7
DA:56,7
DA:57,7
DA:58,28
DA:59,14
DA:60,14
DA:61,28
DA:62,28
DA:63,7
DA:64,26
DA:65,9
DA:66,9
DA:67,26
DA:68,0
DA:69,0
DA:70,26
DA:71,26
DA:72,26
DA:73,7
DA:74,25
DA:75,25
DA:76,25
DA:77,25
DA:78,7
DA:79,7
DA:80,7
DA:81,7
DA:82,7
DA:83,6
DA:84,6
DA:85,6
DA:86,6
DA:87,6
DA:88,6
DA:89,6
DA:90,6
DA:91,6
DA:92,6
DA:93,6
DA:94,6
DA:95,6
DA:96,6
DA:97,6
DA:98,7
DA:99,12
DA:100,12
DA:101,12
DA:102,12
DA:103,12
DA:104,12
DA:105,0
DA:106,0
DA:107,12
DA:108,12
DA:109,12
DA:110,12
DA:111,12
DA:112,6
DA:113,6
DA:114,6
DA:115,6
DA:116,6
DA:117,12
DA:118,6
DA:119,6
DA:120,6
DA:121,6
DA:122,20
DA:123,20
DA:124,20
DA:125,20
DA:126,20
DA:127,0
DA:128,0
DA:129,0
DA:130,20
DA:131,20
DA:132,2
DA:133,2
DA:134,2
DA:135,2
DA:136,0
DA:137,0
DA:138,0
DA:139,0
DA:140,2
DA:141,2
DA:142,18
DA:143,18
DA:144,18
DA:145,18
DA:146,0
DA:147,0
DA:148,18
DA:149,0
DA:150,0
DA:151,18
DA:152,0
DA:153,0
DA:154,18
DA:155,0
DA:156,0
DA:157,18
DA:158,0
DA:159,0
DA:160,18
DA:161,18
DA:162,18
DA:163,18
DA:164,0
DA:165,0
DA:166,0
DA:167,0
DA:168,0
DA:169,0
DA:170,0
DA:171,0
DA:172,0
DA:173,0
DA:174,0
DA:175,0
DA:176,0
DA:177,0
DA:178,0
DA:179,0
DA:180,0
DA:181,0
DA:182,0
DA:183,0
DA:184,0
DA:185,0
DA:186,18
DA:187,20
DA:188,20
DA:189,16
DA:190,16
DA:191,20
DA:192,20
DA:193,4
DA:194,4
DA:195,4
DA:196,20
DA:197,20
DA:198,19
DA:199,19
DA:200,19
DA:201,19
DA:202,5
DA:203,5
DA:204,5
DA:205,5
DA:206,5
DA:207,5
DA:208,5
DA:209,19
DA:210,14
DA:211,0
DA:212,0
DA:213,14
DA:214,14
DA:215,19
DA:216,19
DA:217,20
DA:218,20
DA:219,8
DA:220,8
DA:221,0
DA:222,0
DA:223,0
DA:224,0
DA:225,0
DA:226,0
DA:227,0
DA:228,8
DA:229,8
DA:230,8
DA:231,8
DA:232,8
DA:233,8
DA:234,0
DA:235,0
DA:236,0
DA:237,8
DA:238,8
DA:239,8
DA:240,8
DA:241,8
DA:242,8
DA:243,8
DA:244,8
DA:245,8
DA:246,7
DA:247,2
DA:248,2
DA:249,5
DA:250,20
DA:251,20
DA:252,7
DA:253,7
DA:254,7
DA:255,7
DA:256,8
DA:257,8
DA:258,8
DA:259,8
DA:260,8
DA:261,8
DA:262,8
DA:263,8
DA:264,8
DA:265,8
DA:266,8
DA:267,8
DA:268,8
DA:269,8
DA:270,8
DA:271,8
DA:272,7
DA:273,8
DA:274,8
DA:275,7
DA:276,3
DA:277,3
DA:278,7
DA:279,8
DA:280,0
DA:281,0
DA:282,0
DA:283,8
DA:284,8
DA:285,8
DA:286,0
DA:287,0
DA:288,0
DA:289,8
DA:290,7
DA:291,13
DA:292,13
DA:293,13
DA:294,13
DA:295,13
DA:296,13
DA:297,0
DA:298,0
DA:299,0
DA:300,13
DA:301,13
DA:302,13
DA:303,13
DA:304,6
DA:305,0
DA:306,0
DA:307,0
DA:308,0
DA:309,6
DA:310,6
DA:311,6
DA:312,13
DA:313,13
DA:314,1
DA:315,1
DA:316,1
DA:317,1
DA:318,1
DA:319,1
DA:320,0
DA:321,0
DA:322,1
DA:323,1
DA:324,1
DA:325,1
DA:326,0
DA:327,0
DA:328,0
DA:329,0
DA:330,1
DA:331,1
DA:332,1
DA:333,1
DA:334,1
DA:335,1
DA:336,3
DA:337,3
DA:338,3
DA:339,3
DA:340,3
DA:341,3
DA:342,0
DA:343,0
DA:344,3
DA:345,3
DA:346,0
DA:347,0
DA:348,3
DA:349,3
DA:350,1
DA:351,1
DA:352,3
DA:353,3
DA:354,3
DA:355,3
DA:356,3
DA:357,17
DA:358,17
DA:359,17
DA:360,0
DA:361,0
DA:362,0
DA:363,0
DA:364,17
DA:365,17
DA:366,17
DA:367,17
DA:368,17
DA:369,17
DA:370,0
DA:371,0
DA:372,0
DA:373,17
DA:374,17
DA:375,17
DA:376,17
DA:377,17
DA:378,17
DA:379,17
DA:380,9
DA:381,9
DA:382,17
DA:383,17
DA:384,17
DA:385,17
DA:386,3
DA:387,3
DA:388,3
DA:389,8
DA:390,8
DA:391,8
DA:392,4
DA:393,4
DA:394,8
DA:395,8
DA:396,8
DA:397,0
DA:398,0
DA:399,8
DA:400,8
DA:401,8
DA:402,6
DA:403,0
DA:404,0
DA:405,6
DA:406,6
DA:407,6
DA:408,0
DA:409,0
DA:410,6
DA:411,6
DA:412,6
DA:413,6
DA:414,8
DA:415,8
DA:416,8
DA:417,0
DA:418,0
DA:419,8
DA:420,8
DA:421,8
DA:422,8
DA:423,4
DA:424,4
DA:425,4
DA:426,4
DA:427,4
DA:428,4
DA:429,4
DA:430,4
DA:431,4
DA:432,4
DA:433,4
DA:434,4
DA:435,4
DA:436,4
DA:437,4
DA:438,8
DA:439,0
DA:440,0
DA:441,8
DA:442,8
DA:443,8
DA:444,2
DA:445,2
DA:446,0
DA:447,0
DA:448,0
DA:449,0
DA:450,2
DA:451,2
DA:452,2
DA:453,2
DA:454,2
DA:455,2
DA:456,2
DA:457,8
DA:458,2
DA:459,2
DA:460,2
DA:461,2
DA:462,8
DA:463,8
DA:464,8
DA:465,8
DA:466,8
DA:467,8
DA:468,8
DA:469,0
DA:470,0
DA:471,0
DA:472,0
DA:473,0
DA:474,0
DA:475,0
DA:476,0
DA:477,0
DA:478,0
DA:479,0
DA:480,0
DA:481,0
DA:482,0
DA:483,0
DA:484,0
DA:485,0
DA:486,0
DA:487,0
DA:488,0
DA:489,0
DA:490,0
DA:491,0
DA:492,0
DA:493,0
DA:494,0
DA:495,0
DA:496,0
DA:497,6
DA:498,6
DA:499,6
DA:500,6
DA:501,0
DA:502,0
DA:503,0
DA:504,0
DA:505,0
DA:506,6
DA:507,6
DA:508,7
DA:509,7
DA:510,7
DA:511,15
DA:512,15
DA:513,15
DA:514,15
DA:515,15
DA:516,7
DA:517,7
DA:518,2
DA:519,2
DA:520,7
DA:521,4
DA:522,4
DA:523,7
DA:524,3
DA:525,3
DA:526,7
DA:527,2
DA:528,2
DA:529,7
DA:530,0
DA:531,0
DA:532,0
DA:533,0
DA:534,0
DA:535,0
DA:536,7
DA:537,6
DA:538,6
DA:539,7
DA:540,0
DA:541,0
DA:542,0
DA:543,0
DA:544,0
DA:545,0
DA:546,7
DA:547,22
DA:548,22
DA:549,7
DA:550,202
DA:551,202
DA:552,141
DA:553,141
DA:554,202
DA:555,187
DA:556,175
DA:557,175
DA:558,12
DA:559,12
DA:560,12
DA:561,12
DA:562,12
DA:563,202
DA:564,202
DA:565,3
DA:566,3
DA:567,0
DA:568,0
DA:569,3
DA:570,3
DA:571,3
DA:572,3
DA:573,3
DA:574,3
DA:575,3
DA:576,3
DA:577,3
DA:578,2
DA:579,2
DA:580,2
DA:581,2
DA:582,2
DA:583,2
DA:584,2
DA:585,2
DA:586,2
DA:587,2
DA:588,6
DA:589,6
DA:590,6
DA:591,6
DA:592,0
DA:593,0
DA:594,0
DA:595,0
DA:596,6
DA:597,6
DA:598,6
DA:599,4
DA:600,4
DA:601,4
DA:602,6
DA:603,6
DA:604,6
DA:605,0
DA:606,0
DA:607,6
DA:608,2
DA:609,2
DA:610,2
DA:611,6
DA:612,6
DA:613,6
DA:614,6
DA:615,6
DA:616,6
DA:617,4
DA:618,4
DA:619,0
DA:620,0
DA:621,0
DA:622,4
DA:623,6
DA:624,6
DA:625,6
DA:626,2
DA:627,2
DA:628,2
DA:629,0
DA:630,0
DA:631,0
DA:632,2
DA:633,1
DA:634,1
DA:635,1
DA:636,2
DA:637,0
DA:638,0
DA:639,0
DA:640,0
DA:641,0
DA:642,0
DA:643,2
DA:644,2
DA:645,2
DA:646,2
DA:647,2
DA:648,2
DA:649,2
DA:650,2
DA:651,4
DA:652,4
DA:653,4
DA:654,0
DA:655,0
DA:656,0
DA:657,4
DA:658,4
DA:659,3
DA:660,3
DA:661,3
DA:662,4
DA:663,4
DA:664,4
DA:665,4
DA:666,4
DA:667,1
DA:668,1
DA:669,1
DA:670,4
DA:671,0
DA:672,0
DA:673,0
DA:674,0
DA:675,0
DA:676,0
DA:677,4
DA:678,4
DA:679,4
DA:680,4
DA:681,4
DA:682,4
DA:683,4
DA:684,4
DA:685,4
DA:686,7
DA:687,7
DA:688,7
DA:689,15
DA:690,15
DA:691,15
DA:692,7
DA:693,7
DA:694,7
DA:695,7
LF:695
LH:519
BRDA:1,0,0,7
BRDA:12,1,0,29
BRDA:31,2,0,0
BRDA:44,3,0,29
BRDA:48,4,0,0
BRDA:49,5,0,0
BRDA:57,6,0,28
BRDA:58,7,0,14
BRDA:61,8,0,0
BRDA:63,9,0,26
BRDA:64,10,0,9
BRDA:64,11,0,9
BRDA:64,12,0,9
BRDA:67,13,0,0
BRDA:73,14,0,25
BRDA:82,15,0,6
BRDA:95,16,0,0
BRDA:99,17,0,12
BRDA:104,18,0,0
BRDA:111,19,0,6
BRDA:118,20,0,6
BRDA:122,21,0,20
BRDA:126,22,0,0
BRDA:131,23,0,2
BRDA:134,24,0,0
BRDA:135,25,0,0
BRDA:142,26,0,18
BRDA:145,27,0,0
BRDA:148,28,0,0
BRDA:151,29,0,0
BRDA:154,30,0,0
BRDA:157,31,0,0
BRDA:164,32,0,0
BRDA:188,33,0,16
BRDA:192,34,0,4
BRDA:197,35,0,19
BRDA:199,36,0,15
BRDA:200,37,0,14
BRDA:201,38,0,5
BRDA:209,39,0,14
BRDA:210,40,0,0
BRDA:218,41,0,8
BRDA:220,42,0,0
BRDA:233,43,0,0
BRDA:246,44,0,7
BRDA:246,45,0,2
BRDA:249,46,0,5
BRDA:255,47,0,8
BRDA:272,48,0,8
BRDA:275,49,0,3
BRDA:278,50,0,8
BRDA:279,51,0,0
BRDA:286,52,0,0
BRDA:291,53,0,13
BRDA:296,54,0,0
BRDA:303,55,0,10
BRDA:303,56,0,6
BRDA:304,57,0,0
BRDA:314,58,0,1
BRDA:315,59,0,0
BRDA:319,60,0,0
BRDA:325,61,0,0
BRDA:336,62,0,3
BRDA:341,63,0,0
BRDA:345,64,0,0
BRDA:349,65,0,1
BRDA:357,66,0,17
BRDA:358,67,0,14
BRDA:358,68,0,6
BRDA:358,69,0,11
BRDA:359,70,0,0
BRDA:369,71,0,0
BRDA:379,72,0,9
BRDA:386,73,0,3
BRDA:389,74,0,8
BRDA:391,75,0,4
BRDA:416,76,0,0
BRDA:401,77,0,6
BRDA:402,78,0,0
BRDA:407,79,0,0
BRDA:420,80,0,8
BRDA:421,81,0,6
BRDA:421,82,0,2
BRDA:422,83,0,6
BRDA:422,84,0,4
BRDA:432,85,0,2
BRDA:432,86,0,2
BRDA:443,87,0,2
BRDA:445,88,0,0
BRDA:457,89,0,6
BRDA:457,90,0,4
BRDA:457,91,0,6
BRDA:457,92,0,2
BRDA:458,93,0,0
BRDA:462,94,0,2
BRDA:462,95,0,2
BRDA:434,96,0,4
BRDA:497,97,0,6
BRDA:499,98,0,6
BRDA:500,99,0,0
BRDA:510,100,0,15
BRDA:517,101,0,2
BRDA:520,102,0,4
BRDA:523,103,0,3
BRDA:526,104,0,2
BRDA:536,105,0,6
BRDA:546,106,0,22
BRDA:550,107,0,202
BRDA:551,108,0,141
BRDA:554,109,0,187
BRDA:555,110,0,175
BRDA:558,111,0,12
BRDA:565,112,0,3
BRDA:566,113,0,0
BRDA:578,114,0,2
BRDA:579,115,0,2
BRDA:588,116,0,6
BRDA:589,117,0,6
BRDA:591,118,0,0
BRDA:597,119,0,4
BRDA:598,120,0,2
BRDA:598,121,0,4
BRDA:603,122,0,4
BRDA:604,123,0,0
BRDA:607,124,0,2
BRDA:616,125,0,4
BRDA:618,126,0,2
BRDA:618,127,0,0
BRDA:626,128,0,2
BRDA:627,129,0,2
BRDA:628,130,0,0
BRDA:632,131,0,1
BRDA:636,132,0,0
BRDA:645,133,0,0
BRDA:651,134,0,4
BRDA:652,135,0,4
BRDA:653,136,0,0
BRDA:658,137,0,3
BRDA:666,138,0,1
BRDA:670,139,0,0
BRDA:679,140,0,0
BRDA:688,141,0,15
BRF:142
BRH:96
end_of_record
TN:
SF:helpers/delay.js
FN:1,delay
FNF:1
FNH:1
FNDA:10,delay
DA:1,10
DA:2,10
DA:3,10
DA:4,10
DA:5,10
DA:6,1
DA:7,1
LF:7
LH:7
BRDA:1,0,0,1
BRDA:1,1,0,10
BRDA:2,2,0,10
BRF:3
BRH:3
end_of_record
